Classic Timing Analyzer report for state
Fri Sep 22 09:53:04 2017
Quartus II Version 9.0 Build 132 02/25/2009 SJ Full Version


---------------------
; Table of Contents ;
---------------------
  1. Legal Notice
  2. Timing Analyzer Summary
  3. Timing Analyzer Settings
  4. Clock Settings Summary
  5. Parallel Compilation
  6. Clock Setup: 'CLK'
  7. tco
  8. Timing Analyzer Messages



----------------
; Legal Notice ;
----------------
Copyright (C) 1991-2009 Altera Corporation
Your use of Altera Corporation's design tools, logic functions 
and other software and tools, and its AMPP partner logic 
functions, and any output files from any of the foregoing 
(including device programming or simulation files), and any 
associated documentation or information are expressly subject 
to the terms and conditions of the Altera Program License 
Subscription Agreement, Altera MegaCore Function License 
Agreement, or other applicable license agreement, including, 
without limitation, that your use is for the sole purpose of 
programming logic devices manufactured by Altera and sold by 
Altera or its authorized distributors.  Please refer to the 
applicable agreement for further details.



+-------------------------------------------------------------------------------------------------------------------------------------------------------+
; Timing Analyzer Summary                                                                                                                               ;
+------------------------------+-------+---------------+----------------------------------+----------+-----------+------------+----------+--------------+
; Type                         ; Slack ; Required Time ; Actual Time                      ; From     ; To        ; From Clock ; To Clock ; Failed Paths ;
+------------------------------+-------+---------------+----------------------------------+----------+-----------+------------+----------+--------------+
; Worst-case tco               ; N/A   ; None          ; 7.157 ns                         ; tempT[0] ; stateQ[0] ; CLK        ; --       ; 0            ;
; Clock Setup: 'CLK'           ; N/A   ; None          ; 217.01 MHz ( period = 4.608 ns ) ; num[0]   ; num[1]    ; CLK        ; CLK      ; 0            ;
; Total number of failed paths ;       ;               ;                                  ;          ;           ;            ;          ; 0            ;
+------------------------------+-------+---------------+----------------------------------+----------+-----------+------------+----------+--------------+


+--------------------------------------------------------------------------------------------------------------------+
; Timing Analyzer Settings                                                                                           ;
+---------------------------------------------------------------------+--------------------+------+----+-------------+
; Option                                                              ; Setting            ; From ; To ; Entity Name ;
+---------------------------------------------------------------------+--------------------+------+----+-------------+
; Device Name                                                         ; EPM570M100C5       ;      ;    ;             ;
; Timing Models                                                       ; Final              ;      ;    ;             ;
; Default hold multicycle                                             ; Same as Multicycle ;      ;    ;             ;
; Cut paths between unrelated clock domains                           ; On                 ;      ;    ;             ;
; Cut off read during write signal paths                              ; On                 ;      ;    ;             ;
; Cut off feedback from I/O pins                                      ; On                 ;      ;    ;             ;
; Report Combined Fast/Slow Timing                                    ; Off                ;      ;    ;             ;
; Ignore Clock Settings                                               ; Off                ;      ;    ;             ;
; Analyze latches as synchronous elements                             ; On                 ;      ;    ;             ;
; Enable Recovery/Removal analysis                                    ; Off                ;      ;    ;             ;
; Enable Clock Latency                                                ; Off                ;      ;    ;             ;
; Use TimeQuest Timing Analyzer                                       ; Off                ;      ;    ;             ;
; Minimum Core Junction Temperature                                   ; 0                  ;      ;    ;             ;
; Maximum Core Junction Temperature                                   ; 85                 ;      ;    ;             ;
; Number of source nodes to report per destination node               ; 10                 ;      ;    ;             ;
; Number of destination nodes to report                               ; 10                 ;      ;    ;             ;
; Number of paths to report                                           ; 200                ;      ;    ;             ;
; Report Minimum Timing Checks                                        ; Off                ;      ;    ;             ;
; Use Fast Timing Models                                              ; Off                ;      ;    ;             ;
; Report IO Paths Separately                                          ; Off                ;      ;    ;             ;
; Perform Multicorner Analysis                                        ; Off                ;      ;    ;             ;
; Reports the worst-case path for each clock domain and analysis      ; Off                ;      ;    ;             ;
; Removes common clock path pessimism (CCPP) during slack computation ; Off                ;      ;    ;             ;
; Output I/O Timing Endpoint                                          ; Near End           ;      ;    ;             ;
+---------------------------------------------------------------------+--------------------+------+----+-------------+


+------------------------------------------------------------------------------------------------------------------------------------------------------------------------------------+
; Clock Settings Summary                                                                                                                                                             ;
+-----------------+--------------------+----------+------------------+---------------+--------------+----------+-----------------------+---------------------+--------+--------------+
; Clock Node Name ; Clock Setting Name ; Type     ; Fmax Requirement ; Early Latency ; Late Latency ; Based on ; Multiply Base Fmax by ; Divide Base Fmax by ; Offset ; Phase offset ;
+-----------------+--------------------+----------+------------------+---------------+--------------+----------+-----------------------+---------------------+--------+--------------+
; CLK             ;                    ; User Pin ; None             ; 0.000 ns      ; 0.000 ns     ; --       ; N/A                   ; N/A                 ; N/A    ;              ;
+-----------------+--------------------+----------+------------------+---------------+--------------+----------+-----------------------+---------------------+--------+--------------+


+------------------------------------------+
; Parallel Compilation                     ;
+----------------------------+-------------+
; Processors                 ; Number      ;
+----------------------------+-------------+
; Number detected on machine ; 2           ;
; Maximum allowed            ; 2           ;
;                            ;             ;
; Average used               ; 1.00        ;
; Maximum used               ; 1           ;
;                            ;             ;
; Usage by Processor         ; % Time Used ;
;     1 processor            ; 100.0%      ;
;     2 processors           ;   0.0%      ;
+----------------------------+-------------+


+----------------------------------------------------------------------------------------------------------------------------------------------------------------------------------------+
; Clock Setup: 'CLK'                                                                                                                                                                     ;
+-------+------------------------------------------------+--------+----------+------------+----------+-----------------------------+---------------------------+-------------------------+
; Slack ; Actual fmax (period)                           ; From   ; To       ; From Clock ; To Clock ; Required Setup Relationship ; Required Longest P2P Time ; Actual Longest P2P Time ;
+-------+------------------------------------------------+--------+----------+------------+----------+-----------------------------+---------------------------+-------------------------+
; N/A   ; 217.01 MHz ( period = 4.608 ns )               ; num[0] ; num[1]   ; CLK        ; CLK      ; None                        ; None                      ; 3.899 ns                ;
; N/A   ; 224.01 MHz ( period = 4.464 ns )               ; num[2] ; num[1]   ; CLK        ; CLK      ; None                        ; None                      ; 3.755 ns                ;
; N/A   ; 231.48 MHz ( period = 4.320 ns )               ; num[2] ; tempT[0] ; CLK        ; CLK      ; None                        ; None                      ; 3.611 ns                ;
; N/A   ; 231.48 MHz ( period = 4.320 ns )               ; num[2] ; tempT[1] ; CLK        ; CLK      ; None                        ; None                      ; 3.611 ns                ;
; N/A   ; 232.94 MHz ( period = 4.293 ns )               ; num[0] ; num[0]   ; CLK        ; CLK      ; None                        ; None                      ; 3.584 ns                ;
; N/A   ; 232.94 MHz ( period = 4.293 ns )               ; num[1] ; num[1]   ; CLK        ; CLK      ; None                        ; None                      ; 3.584 ns                ;
; N/A   ; 240.67 MHz ( period = 4.155 ns )               ; num[2] ; num[0]   ; CLK        ; CLK      ; None                        ; None                      ; 3.446 ns                ;
; N/A   ; 241.20 MHz ( period = 4.146 ns )               ; num[1] ; tempT[0] ; CLK        ; CLK      ; None                        ; None                      ; 3.437 ns                ;
; N/A   ; 241.20 MHz ( period = 4.146 ns )               ; num[1] ; tempT[1] ; CLK        ; CLK      ; None                        ; None                      ; 3.437 ns                ;
; N/A   ; 256.94 MHz ( period = 3.892 ns )               ; num[3] ; num[1]   ; CLK        ; CLK      ; None                        ; None                      ; 3.183 ns                ;
; N/A   ; 263.23 MHz ( period = 3.799 ns )               ; num[3] ; num[2]   ; CLK        ; CLK      ; None                        ; None                      ; 3.090 ns                ;
; N/A   ; 263.30 MHz ( period = 3.798 ns )               ; num[3] ; num[3]   ; CLK        ; CLK      ; None                        ; None                      ; 3.089 ns                ;
; N/A   ; 266.74 MHz ( period = 3.749 ns )               ; num[3] ; tempT[0] ; CLK        ; CLK      ; None                        ; None                      ; 3.040 ns                ;
; N/A   ; 266.74 MHz ( period = 3.749 ns )               ; num[3] ; tempT[1] ; CLK        ; CLK      ; None                        ; None                      ; 3.040 ns                ;
; N/A   ; 279.10 MHz ( period = 3.583 ns )               ; num[3] ; num[0]   ; CLK        ; CLK      ; None                        ; None                      ; 2.874 ns                ;
; N/A   ; 289.27 MHz ( period = 3.457 ns )               ; num[0] ; tempT[0] ; CLK        ; CLK      ; None                        ; None                      ; 2.748 ns                ;
; N/A   ; Restricted to 304.04 MHz ( period = 3.289 ns ) ; num[1] ; num[0]   ; CLK        ; CLK      ; None                        ; None                      ; 2.327 ns                ;
; N/A   ; Restricted to 304.04 MHz ( period = 3.289 ns ) ; num[0] ; tempT[1] ; CLK        ; CLK      ; None                        ; None                      ; 2.119 ns                ;
; N/A   ; Restricted to 304.04 MHz ( period = 3.289 ns ) ; num[2] ; num[3]   ; CLK        ; CLK      ; None                        ; None                      ; 2.024 ns                ;
; N/A   ; Restricted to 304.04 MHz ( period = 3.289 ns ) ; num[2] ; num[2]   ; CLK        ; CLK      ; None                        ; None                      ; 2.020 ns                ;
; N/A   ; Restricted to 304.04 MHz ( period = 3.289 ns ) ; num[0] ; num[2]   ; CLK        ; CLK      ; None                        ; None                      ; 1.894 ns                ;
; N/A   ; Restricted to 304.04 MHz ( period = 3.289 ns ) ; num[0] ; num[3]   ; CLK        ; CLK      ; None                        ; None                      ; 1.893 ns                ;
; N/A   ; Restricted to 304.04 MHz ( period = 3.289 ns ) ; num[1] ; num[2]   ; CLK        ; CLK      ; None                        ; None                      ; 1.831 ns                ;
; N/A   ; Restricted to 304.04 MHz ( period = 3.289 ns ) ; num[1] ; num[3]   ; CLK        ; CLK      ; None                        ; None                      ; 1.830 ns                ;
+-------+------------------------------------------------+--------+----------+------------+----------+-----------------------------+---------------------------+-------------------------+


+-----------------------------------------------------------------------+
; tco                                                                   ;
+-------+--------------+------------+----------+-----------+------------+
; Slack ; Required tco ; Actual tco ; From     ; To        ; From Clock ;
+-------+--------------+------------+----------+-----------+------------+
; N/A   ; None         ; 7.157 ns   ; tempT[1] ; stateQ[1] ; CLK        ;
; N/A   ; None         ; 7.157 ns   ; tempT[0] ; stateQ[0] ; CLK        ;
+-------+--------------+------------+----------+-----------+------------+


+--------------------------+
; Timing Analyzer Messages ;
+--------------------------+
Info: *******************************************************************
Info: Running Quartus II Classic Timing Analyzer
    Info: Version 9.0 Build 132 02/25/2009 SJ Full Version
    Info: Processing started: Fri Sep 22 09:53:04 2017
Info: Command: quartus_tan --read_settings_files=off --write_settings_files=off state -c state
Info: Parallel compilation is enabled and will use 2 of the 2 processors detected
Info: Started post-fitting delay annotation
Info: Delay annotation completed successfully
Warning: Found pins functioning as undefined clocks and/or memory enables
    Info: Assuming node "CLK" is an undefined clock
Info: Clock "CLK" has Internal fmax of 217.01 MHz between source register "num[0]" and destination register "num[1]" (period= 4.608 ns)
    Info: + Longest register to register delay is 3.899 ns
        Info: 1: + IC(0.000 ns) + CELL(0.000 ns) = 0.000 ns; Loc. = LC_X1_Y7_N4; Fanout = 5; REG Node = 'num[0]'
        Info: 2: + IC(0.936 ns) + CELL(0.914 ns) = 1.850 ns; Loc. = LC_X1_Y7_N2; Fanout = 1; COMB Node = 'num~5'
        Info: 3: + IC(1.769 ns) + CELL(0.280 ns) = 3.899 ns; Loc. = LC_X1_Y7_N6; Fanout = 6; REG Node = 'num[1]'
        Info: Total cell delay = 1.194 ns ( 30.62 % )
        Info: Total interconnect delay = 2.705 ns ( 69.38 % )
    Info: - Smallest clock skew is 0.000 ns
        Info: + Shortest clock path from clock "CLK" to destination register is 3.681 ns
            Info: 1: + IC(0.000 ns) + CELL(1.163 ns) = 1.163 ns; Loc. = PIN_F2; Fanout = 6; CLK Node = 'CLK'
            Info: 2: + IC(1.600 ns) + CELL(0.918 ns) = 3.681 ns; Loc. = LC_X1_Y7_N6; Fanout = 6; REG Node = 'num[1]'
            Info: Total cell delay = 2.081 ns ( 56.53 % )
            Info: Total interconnect delay = 1.600 ns ( 43.47 % )
        Info: - Longest clock path from clock "CLK" to source register is 3.681 ns
            Info: 1: + IC(0.000 ns) + CELL(1.163 ns) = 1.163 ns; Loc. = PIN_F2; Fanout = 6; CLK Node = 'CLK'
            Info: 2: + IC(1.600 ns) + CELL(0.918 ns) = 3.681 ns; Loc. = LC_X1_Y7_N4; Fanout = 5; REG Node = 'num[0]'
            Info: Total cell delay = 2.081 ns ( 56.53 % )
            Info: Total interconnect delay = 1.600 ns ( 43.47 % )
    Info: + Micro clock to output delay of source is 0.376 ns
    Info: + Micro setup delay of destination is 0.333 ns
Info: tco from clock "CLK" to destination pin "stateQ[1]" through register "tempT[1]" is 7.157 ns
    Info: + Longest clock path from clock "CLK" to source register is 3.681 ns
        Info: 1: + IC(0.000 ns) + CELL(1.163 ns) = 1.163 ns; Loc. = PIN_F2; Fanout = 6; CLK Node = 'CLK'
        Info: 2: + IC(1.600 ns) + CELL(0.918 ns) = 3.681 ns; Loc. = LC_X1_Y7_N2; Fanout = 1; REG Node = 'tempT[1]'
        Info: Total cell delay = 2.081 ns ( 56.53 % )
        Info: Total interconnect delay = 1.600 ns ( 43.47 % )
    Info: + Micro clock to output delay of source is 0.376 ns
    Info: + Longest register to pin delay is 3.100 ns
        Info: 1: + IC(0.000 ns) + CELL(0.000 ns) = 0.000 ns; Loc. = LC_X1_Y7_N2; Fanout = 1; REG Node = 'tempT[1]'
        Info: 2: + IC(0.778 ns) + CELL(2.322 ns) = 3.100 ns; Loc. = PIN_C1; Fanout = 0; PIN Node = 'stateQ[1]'
        Info: Total cell delay = 2.322 ns ( 74.90 % )
        Info: Total interconnect delay = 0.778 ns ( 25.10 % )
Info: Quartus II Classic Timing Analyzer was successful. 0 errors, 1 warning
    Info: Peak virtual memory: 186 megabytes
    Info: Processing ended: Fri Sep 22 09:53:04 2017
    Info: Elapsed time: 00:00:00
    Info: Total CPU time (on all processors): 00:00:00


