Classic Timing Analyzer report for div
Mon Sep 25 09:45:20 2017
Quartus II Version 9.0 Build 132 02/25/2009 SJ Full Version


---------------------
; Table of Contents ;
---------------------
  1. Legal Notice
  2. Timing Analyzer Summary
  3. Timing Analyzer Settings
  4. Clock Settings Summary
  5. Parallel Compilation
  6. Clock Setup: 'CLK'
  7. tco
  8. Timing Analyzer Messages



----------------
; Legal Notice ;
----------------
Copyright (C) 1991-2009 Altera Corporation
Your use of Altera Corporation's design tools, logic functions 
and other software and tools, and its AMPP partner logic 
functions, and any output files from any of the foregoing 
(including device programming or simulation files), and any 
associated documentation or information are expressly subject 
to the terms and conditions of the Altera Program License 
Subscription Agreement, Altera MegaCore Function License 
Agreement, or other applicable license agreement, including, 
without limitation, that your use is for the sole purpose of 
programming logic devices manufactured by Altera and sold by 
Altera or its authorized distributors.  Please refer to the 
applicable agreement for further details.



+---------------------------------------------------------------------------------------------------------------------------------------------------+
; Timing Analyzer Summary                                                                                                                           ;
+------------------------------+-------+---------------+----------------------------------+--------+---------+------------+----------+--------------+
; Type                         ; Slack ; Required Time ; Actual Time                      ; From   ; To      ; From Clock ; To Clock ; Failed Paths ;
+------------------------------+-------+---------------+----------------------------------+--------+---------+------------+----------+--------------+
; Worst-case tco               ; N/A   ; None          ; 19.947 ns                        ; num[8] ; Q1      ; CLK        ; --       ; 0            ;
; Clock Setup: 'CLK'           ; N/A   ; None          ; 143.82 MHz ( period = 6.953 ns ) ; num[0] ; num[21] ; CLK        ; CLK      ; 0            ;
; Total number of failed paths ;       ;               ;                                  ;        ;         ;            ;          ; 0            ;
+------------------------------+-------+---------------+----------------------------------+--------+---------+------------+----------+--------------+


+--------------------------------------------------------------------------------------------------------------------+
; Timing Analyzer Settings                                                                                           ;
+---------------------------------------------------------------------+--------------------+------+----+-------------+
; Option                                                              ; Setting            ; From ; To ; Entity Name ;
+---------------------------------------------------------------------+--------------------+------+----+-------------+
; Device Name                                                         ; EPM570T100C5       ;      ;    ;             ;
; Timing Models                                                       ; Final              ;      ;    ;             ;
; Default hold multicycle                                             ; Same as Multicycle ;      ;    ;             ;
; Cut paths between unrelated clock domains                           ; On                 ;      ;    ;             ;
; Cut off read during write signal paths                              ; On                 ;      ;    ;             ;
; Cut off feedback from I/O pins                                      ; On                 ;      ;    ;             ;
; Report Combined Fast/Slow Timing                                    ; Off                ;      ;    ;             ;
; Ignore Clock Settings                                               ; Off                ;      ;    ;             ;
; Analyze latches as synchronous elements                             ; On                 ;      ;    ;             ;
; Enable Recovery/Removal analysis                                    ; Off                ;      ;    ;             ;
; Enable Clock Latency                                                ; Off                ;      ;    ;             ;
; Use TimeQuest Timing Analyzer                                       ; Off                ;      ;    ;             ;
; Minimum Core Junction Temperature                                   ; 0                  ;      ;    ;             ;
; Maximum Core Junction Temperature                                   ; 85                 ;      ;    ;             ;
; Number of source nodes to report per destination node               ; 10                 ;      ;    ;             ;
; Number of destination nodes to report                               ; 10                 ;      ;    ;             ;
; Number of paths to report                                           ; 200                ;      ;    ;             ;
; Report Minimum Timing Checks                                        ; Off                ;      ;    ;             ;
; Use Fast Timing Models                                              ; Off                ;      ;    ;             ;
; Report IO Paths Separately                                          ; Off                ;      ;    ;             ;
; Perform Multicorner Analysis                                        ; Off                ;      ;    ;             ;
; Reports the worst-case path for each clock domain and analysis      ; Off                ;      ;    ;             ;
; Removes common clock path pessimism (CCPP) during slack computation ; Off                ;      ;    ;             ;
; Output I/O Timing Endpoint                                          ; Near End           ;      ;    ;             ;
+---------------------------------------------------------------------+--------------------+------+----+-------------+


+------------------------------------------------------------------------------------------------------------------------------------------------------------------------------------+
; Clock Settings Summary                                                                                                                                                             ;
+-----------------+--------------------+----------+------------------+---------------+--------------+----------+-----------------------+---------------------+--------+--------------+
; Clock Node Name ; Clock Setting Name ; Type     ; Fmax Requirement ; Early Latency ; Late Latency ; Based on ; Multiply Base Fmax by ; Divide Base Fmax by ; Offset ; Phase offset ;
+-----------------+--------------------+----------+------------------+---------------+--------------+----------+-----------------------+---------------------+--------+--------------+
; CLK             ;                    ; User Pin ; None             ; 0.000 ns      ; 0.000 ns     ; --       ; N/A                   ; N/A                 ; N/A    ;              ;
+-----------------+--------------------+----------+------------------+---------------+--------------+----------+-----------------------+---------------------+--------+--------------+


+------------------------------------------+
; Parallel Compilation                     ;
+----------------------------+-------------+
; Processors                 ; Number      ;
+----------------------------+-------------+
; Number detected on machine ; 2           ;
; Maximum allowed            ; 2           ;
;                            ;             ;
; Average used               ; 1.00        ;
; Maximum used               ; 1           ;
;                            ;             ;
; Usage by Processor         ; % Time Used ;
;     1 processor            ; 100.0%      ;
;     2 processors           ;   0.0%      ;
+----------------------------+-------------+


+----------------------------------------------------------------------------------------------------------------------------------------------------------------------------------------------------------------------------------------------------+
; Clock Setup: 'CLK'                                                                                                                                                                                                                                 ;
+-----------------------------------------+-----------------------------------------------------+-------------------+--------------------+------------+----------+-----------------------------+---------------------------+-------------------------+
; Slack                                   ; Actual fmax (period)                                ; From              ; To                 ; From Clock ; To Clock ; Required Setup Relationship ; Required Longest P2P Time ; Actual Longest P2P Time ;
+-----------------------------------------+-----------------------------------------------------+-------------------+--------------------+------------+----------+-----------------------------+---------------------------+-------------------------+
; N/A                                     ; 143.82 MHz ( period = 6.953 ns )                    ; num[0]            ; num[22]            ; CLK        ; CLK      ; None                        ; None                      ; 6.244 ns                ;
; N/A                                     ; 143.82 MHz ( period = 6.953 ns )                    ; num[0]            ; num[18]            ; CLK        ; CLK      ; None                        ; None                      ; 6.244 ns                ;
; N/A                                     ; 143.82 MHz ( period = 6.953 ns )                    ; num[0]            ; num[19]            ; CLK        ; CLK      ; None                        ; None                      ; 6.244 ns                ;
; N/A                                     ; 143.82 MHz ( period = 6.953 ns )                    ; num[0]            ; num[20]            ; CLK        ; CLK      ; None                        ; None                      ; 6.244 ns                ;
; N/A                                     ; 143.82 MHz ( period = 6.953 ns )                    ; num[0]            ; num[21]            ; CLK        ; CLK      ; None                        ; None                      ; 6.244 ns                ;
; N/A                                     ; 144.09 MHz ( period = 6.940 ns )                    ; num[0]            ; num[25]            ; CLK        ; CLK      ; None                        ; None                      ; 6.231 ns                ;
; N/A                                     ; 144.09 MHz ( period = 6.940 ns )                    ; num[0]            ; num[24]            ; CLK        ; CLK      ; None                        ; None                      ; 6.231 ns                ;
; N/A                                     ; 144.09 MHz ( period = 6.940 ns )                    ; num[0]            ; num[23]            ; CLK        ; CLK      ; None                        ; None                      ; 6.231 ns                ;
; N/A                                     ; 157.28 MHz ( period = 6.358 ns )                    ; num[0]            ; num[8]             ; CLK        ; CLK      ; None                        ; None                      ; 5.649 ns                ;
; N/A                                     ; 157.28 MHz ( period = 6.358 ns )                    ; num[0]            ; num[9]             ; CLK        ; CLK      ; None                        ; None                      ; 5.649 ns                ;
; N/A                                     ; 157.28 MHz ( period = 6.358 ns )                    ; num[0]            ; num[10]            ; CLK        ; CLK      ; None                        ; None                      ; 5.649 ns                ;
; N/A                                     ; 157.28 MHz ( period = 6.358 ns )                    ; num[0]            ; num[11]            ; CLK        ; CLK      ; None                        ; None                      ; 5.649 ns                ;
; N/A                                     ; 157.28 MHz ( period = 6.358 ns )                    ; num[0]            ; num[12]            ; CLK        ; CLK      ; None                        ; None                      ; 5.649 ns                ;
; N/A                                     ; 157.60 MHz ( period = 6.345 ns )                    ; num[0]            ; num[17]            ; CLK        ; CLK      ; None                        ; None                      ; 5.636 ns                ;
; N/A                                     ; 157.60 MHz ( period = 6.345 ns )                    ; num[0]            ; num[16]            ; CLK        ; CLK      ; None                        ; None                      ; 5.636 ns                ;
; N/A                                     ; 157.60 MHz ( period = 6.345 ns )                    ; num[0]            ; num[15]            ; CLK        ; CLK      ; None                        ; None                      ; 5.636 ns                ;
; N/A                                     ; 157.60 MHz ( period = 6.345 ns )                    ; num[0]            ; num[14]            ; CLK        ; CLK      ; None                        ; None                      ; 5.636 ns                ;
; N/A                                     ; 157.60 MHz ( period = 6.345 ns )                    ; num[0]            ; num[13]            ; CLK        ; CLK      ; None                        ; None                      ; 5.636 ns                ;
; N/A                                     ; 173.91 MHz ( period = 5.750 ns )                    ; num[0]            ; num[7]             ; CLK        ; CLK      ; None                        ; None                      ; 5.041 ns                ;
; N/A                                     ; 173.91 MHz ( period = 5.750 ns )                    ; num[0]            ; num[6]             ; CLK        ; CLK      ; None                        ; None                      ; 5.041 ns                ;
; N/A                                     ; 173.91 MHz ( period = 5.750 ns )                    ; num[0]            ; num[5]             ; CLK        ; CLK      ; None                        ; None                      ; 5.041 ns                ;
; N/A                                     ; 173.91 MHz ( period = 5.750 ns )                    ; num[0]            ; num[4]             ; CLK        ; CLK      ; None                        ; None                      ; 5.041 ns                ;
; N/A                                     ; 173.91 MHz ( period = 5.750 ns )                    ; num[0]            ; num[3]             ; CLK        ; CLK      ; None                        ; None                      ; 5.041 ns                ;
; N/A                                     ; 178.70 MHz ( period = 5.596 ns )                    ; num[3]            ; num[22]            ; CLK        ; CLK      ; None                        ; None                      ; 4.887 ns                ;
; N/A                                     ; 178.70 MHz ( period = 5.596 ns )                    ; num[3]            ; num[18]            ; CLK        ; CLK      ; None                        ; None                      ; 4.887 ns                ;
; N/A                                     ; 178.70 MHz ( period = 5.596 ns )                    ; num[3]            ; num[19]            ; CLK        ; CLK      ; None                        ; None                      ; 4.887 ns                ;
; N/A                                     ; 178.70 MHz ( period = 5.596 ns )                    ; num[3]            ; num[20]            ; CLK        ; CLK      ; None                        ; None                      ; 4.887 ns                ;
; N/A                                     ; 178.70 MHz ( period = 5.596 ns )                    ; num[3]            ; num[21]            ; CLK        ; CLK      ; None                        ; None                      ; 4.887 ns                ;
; N/A                                     ; 179.12 MHz ( period = 5.583 ns )                    ; num[3]            ; num[25]            ; CLK        ; CLK      ; None                        ; None                      ; 4.874 ns                ;
; N/A                                     ; 179.12 MHz ( period = 5.583 ns )                    ; num[3]            ; num[24]            ; CLK        ; CLK      ; None                        ; None                      ; 4.874 ns                ;
; N/A                                     ; 179.12 MHz ( period = 5.583 ns )                    ; num[3]            ; num[23]            ; CLK        ; CLK      ; None                        ; None                      ; 4.874 ns                ;
; N/A                                     ; 182.68 MHz ( period = 5.474 ns )                    ; num[4]            ; num[22]            ; CLK        ; CLK      ; None                        ; None                      ; 4.765 ns                ;
; N/A                                     ; 182.68 MHz ( period = 5.474 ns )                    ; num[4]            ; num[18]            ; CLK        ; CLK      ; None                        ; None                      ; 4.765 ns                ;
; N/A                                     ; 182.68 MHz ( period = 5.474 ns )                    ; num[4]            ; num[19]            ; CLK        ; CLK      ; None                        ; None                      ; 4.765 ns                ;
; N/A                                     ; 182.68 MHz ( period = 5.474 ns )                    ; num[4]            ; num[20]            ; CLK        ; CLK      ; None                        ; None                      ; 4.765 ns                ;
; N/A                                     ; 182.68 MHz ( period = 5.474 ns )                    ; num[4]            ; num[21]            ; CLK        ; CLK      ; None                        ; None                      ; 4.765 ns                ;
; N/A                                     ; 183.12 MHz ( period = 5.461 ns )                    ; num[4]            ; num[25]            ; CLK        ; CLK      ; None                        ; None                      ; 4.752 ns                ;
; N/A                                     ; 183.12 MHz ( period = 5.461 ns )                    ; num[4]            ; num[24]            ; CLK        ; CLK      ; None                        ; None                      ; 4.752 ns                ;
; N/A                                     ; 183.12 MHz ( period = 5.461 ns )                    ; num[4]            ; num[23]            ; CLK        ; CLK      ; None                        ; None                      ; 4.752 ns                ;
; N/A                                     ; 184.13 MHz ( period = 5.431 ns )                    ; num[1]            ; num[22]            ; CLK        ; CLK      ; None                        ; None                      ; 4.722 ns                ;
; N/A                                     ; 184.13 MHz ( period = 5.431 ns )                    ; num[1]            ; num[18]            ; CLK        ; CLK      ; None                        ; None                      ; 4.722 ns                ;
; N/A                                     ; 184.13 MHz ( period = 5.431 ns )                    ; num[1]            ; num[19]            ; CLK        ; CLK      ; None                        ; None                      ; 4.722 ns                ;
; N/A                                     ; 184.13 MHz ( period = 5.431 ns )                    ; num[1]            ; num[20]            ; CLK        ; CLK      ; None                        ; None                      ; 4.722 ns                ;
; N/A                                     ; 184.13 MHz ( period = 5.431 ns )                    ; num[1]            ; num[21]            ; CLK        ; CLK      ; None                        ; None                      ; 4.722 ns                ;
; N/A                                     ; 184.57 MHz ( period = 5.418 ns )                    ; num[1]            ; num[25]            ; CLK        ; CLK      ; None                        ; None                      ; 4.709 ns                ;
; N/A                                     ; 184.57 MHz ( period = 5.418 ns )                    ; num[1]            ; num[24]            ; CLK        ; CLK      ; None                        ; None                      ; 4.709 ns                ;
; N/A                                     ; 184.57 MHz ( period = 5.418 ns )                    ; num[1]            ; num[23]            ; CLK        ; CLK      ; None                        ; None                      ; 4.709 ns                ;
; N/A                                     ; 189.29 MHz ( period = 5.283 ns )                    ; num[0]            ; num[2]             ; CLK        ; CLK      ; None                        ; None                      ; 4.574 ns                ;
; N/A                                     ; 189.90 MHz ( period = 5.266 ns )                    ; num[2]            ; num[22]            ; CLK        ; CLK      ; None                        ; None                      ; 4.557 ns                ;
; N/A                                     ; 189.90 MHz ( period = 5.266 ns )                    ; num[2]            ; num[18]            ; CLK        ; CLK      ; None                        ; None                      ; 4.557 ns                ;
; N/A                                     ; 189.90 MHz ( period = 5.266 ns )                    ; num[2]            ; num[19]            ; CLK        ; CLK      ; None                        ; None                      ; 4.557 ns                ;
; N/A                                     ; 189.90 MHz ( period = 5.266 ns )                    ; num[2]            ; num[20]            ; CLK        ; CLK      ; None                        ; None                      ; 4.557 ns                ;
; N/A                                     ; 189.90 MHz ( period = 5.266 ns )                    ; num[2]            ; num[21]            ; CLK        ; CLK      ; None                        ; None                      ; 4.557 ns                ;
; N/A                                     ; 190.37 MHz ( period = 5.253 ns )                    ; num[2]            ; num[25]            ; CLK        ; CLK      ; None                        ; None                      ; 4.544 ns                ;
; N/A                                     ; 190.37 MHz ( period = 5.253 ns )                    ; num[2]            ; num[24]            ; CLK        ; CLK      ; None                        ; None                      ; 4.544 ns                ;
; N/A                                     ; 190.37 MHz ( period = 5.253 ns )                    ; num[2]            ; num[23]            ; CLK        ; CLK      ; None                        ; None                      ; 4.544 ns                ;
; N/A                                     ; 191.57 MHz ( period = 5.220 ns )                    ; num[6]            ; num[22]            ; CLK        ; CLK      ; None                        ; None                      ; 4.511 ns                ;
; N/A                                     ; 191.57 MHz ( period = 5.220 ns )                    ; num[6]            ; num[18]            ; CLK        ; CLK      ; None                        ; None                      ; 4.511 ns                ;
; N/A                                     ; 191.57 MHz ( period = 5.220 ns )                    ; num[6]            ; num[19]            ; CLK        ; CLK      ; None                        ; None                      ; 4.511 ns                ;
; N/A                                     ; 191.57 MHz ( period = 5.220 ns )                    ; num[6]            ; num[20]            ; CLK        ; CLK      ; None                        ; None                      ; 4.511 ns                ;
; N/A                                     ; 191.57 MHz ( period = 5.220 ns )                    ; num[6]            ; num[21]            ; CLK        ; CLK      ; None                        ; None                      ; 4.511 ns                ;
; N/A                                     ; 192.05 MHz ( period = 5.207 ns )                    ; num[6]            ; num[25]            ; CLK        ; CLK      ; None                        ; None                      ; 4.498 ns                ;
; N/A                                     ; 192.05 MHz ( period = 5.207 ns )                    ; num[6]            ; num[24]            ; CLK        ; CLK      ; None                        ; None                      ; 4.498 ns                ;
; N/A                                     ; 192.05 MHz ( period = 5.207 ns )                    ; num[6]            ; num[23]            ; CLK        ; CLK      ; None                        ; None                      ; 4.498 ns                ;
; N/A                                     ; 195.73 MHz ( period = 5.109 ns )                    ; num[5]            ; num[22]            ; CLK        ; CLK      ; None                        ; None                      ; 4.400 ns                ;
; N/A                                     ; 195.73 MHz ( period = 5.109 ns )                    ; num[5]            ; num[18]            ; CLK        ; CLK      ; None                        ; None                      ; 4.400 ns                ;
; N/A                                     ; 195.73 MHz ( period = 5.109 ns )                    ; num[5]            ; num[19]            ; CLK        ; CLK      ; None                        ; None                      ; 4.400 ns                ;
; N/A                                     ; 195.73 MHz ( period = 5.109 ns )                    ; num[5]            ; num[20]            ; CLK        ; CLK      ; None                        ; None                      ; 4.400 ns                ;
; N/A                                     ; 195.73 MHz ( period = 5.109 ns )                    ; num[5]            ; num[21]            ; CLK        ; CLK      ; None                        ; None                      ; 4.400 ns                ;
; N/A                                     ; 196.23 MHz ( period = 5.096 ns )                    ; num[5]            ; num[25]            ; CLK        ; CLK      ; None                        ; None                      ; 4.387 ns                ;
; N/A                                     ; 196.23 MHz ( period = 5.096 ns )                    ; num[5]            ; num[24]            ; CLK        ; CLK      ; None                        ; None                      ; 4.387 ns                ;
; N/A                                     ; 196.23 MHz ( period = 5.096 ns )                    ; num[5]            ; num[23]            ; CLK        ; CLK      ; None                        ; None                      ; 4.387 ns                ;
; N/A                                     ; 199.48 MHz ( period = 5.013 ns )                    ; \process_1:num[2] ; \process_1:num[11] ; CLK        ; CLK      ; None                        ; None                      ; 4.304 ns                ;
; N/A                                     ; 199.48 MHz ( period = 5.013 ns )                    ; \process_1:num[2] ; \process_1:num[7]  ; CLK        ; CLK      ; None                        ; None                      ; 4.304 ns                ;
; N/A                                     ; 199.48 MHz ( period = 5.013 ns )                    ; \process_1:num[2] ; \process_1:num[8]  ; CLK        ; CLK      ; None                        ; None                      ; 4.304 ns                ;
; N/A                                     ; 199.48 MHz ( period = 5.013 ns )                    ; \process_1:num[2] ; \process_1:num[9]  ; CLK        ; CLK      ; None                        ; None                      ; 4.304 ns                ;
; N/A                                     ; 199.48 MHz ( period = 5.013 ns )                    ; \process_1:num[2] ; \process_1:num[10] ; CLK        ; CLK      ; None                        ; None                      ; 4.304 ns                ;
; N/A                                     ; 199.96 MHz ( period = 5.001 ns )                    ; num[3]            ; num[8]             ; CLK        ; CLK      ; None                        ; None                      ; 4.292 ns                ;
; N/A                                     ; 199.96 MHz ( period = 5.001 ns )                    ; num[3]            ; num[9]             ; CLK        ; CLK      ; None                        ; None                      ; 4.292 ns                ;
; N/A                                     ; 199.96 MHz ( period = 5.001 ns )                    ; num[3]            ; num[10]            ; CLK        ; CLK      ; None                        ; None                      ; 4.292 ns                ;
; N/A                                     ; 199.96 MHz ( period = 5.001 ns )                    ; num[3]            ; num[11]            ; CLK        ; CLK      ; None                        ; None                      ; 4.292 ns                ;
; N/A                                     ; 199.96 MHz ( period = 5.001 ns )                    ; num[3]            ; num[12]            ; CLK        ; CLK      ; None                        ; None                      ; 4.292 ns                ;
; N/A                                     ; 200.00 MHz ( period = 5.000 ns )                    ; \process_1:num[2] ; \process_1:num[13] ; CLK        ; CLK      ; None                        ; None                      ; 4.291 ns                ;
; N/A                                     ; 200.00 MHz ( period = 5.000 ns )                    ; \process_1:num[2] ; \process_1:num[12] ; CLK        ; CLK      ; None                        ; None                      ; 4.291 ns                ;
; N/A                                     ; 200.48 MHz ( period = 4.988 ns )                    ; num[3]            ; num[17]            ; CLK        ; CLK      ; None                        ; None                      ; 4.279 ns                ;
; N/A                                     ; 200.48 MHz ( period = 4.988 ns )                    ; num[3]            ; num[16]            ; CLK        ; CLK      ; None                        ; None                      ; 4.279 ns                ;
; N/A                                     ; 200.48 MHz ( period = 4.988 ns )                    ; num[3]            ; num[15]            ; CLK        ; CLK      ; None                        ; None                      ; 4.279 ns                ;
; N/A                                     ; 200.48 MHz ( period = 4.988 ns )                    ; num[3]            ; num[14]            ; CLK        ; CLK      ; None                        ; None                      ; 4.279 ns                ;
; N/A                                     ; 200.48 MHz ( period = 4.988 ns )                    ; num[3]            ; num[13]            ; CLK        ; CLK      ; None                        ; None                      ; 4.279 ns                ;
; N/A                                     ; 201.09 MHz ( period = 4.973 ns )                    ; num[13]           ; num[22]            ; CLK        ; CLK      ; None                        ; None                      ; 4.264 ns                ;
; N/A                                     ; 201.09 MHz ( period = 4.973 ns )                    ; num[13]           ; num[18]            ; CLK        ; CLK      ; None                        ; None                      ; 4.264 ns                ;
; N/A                                     ; 201.09 MHz ( period = 4.973 ns )                    ; num[13]           ; num[19]            ; CLK        ; CLK      ; None                        ; None                      ; 4.264 ns                ;
; N/A                                     ; 201.09 MHz ( period = 4.973 ns )                    ; num[13]           ; num[20]            ; CLK        ; CLK      ; None                        ; None                      ; 4.264 ns                ;
; N/A                                     ; 201.09 MHz ( period = 4.973 ns )                    ; num[13]           ; num[21]            ; CLK        ; CLK      ; None                        ; None                      ; 4.264 ns                ;
; N/A                                     ; 201.57 MHz ( period = 4.961 ns )                    ; num[8]            ; num[22]            ; CLK        ; CLK      ; None                        ; None                      ; 4.252 ns                ;
; N/A                                     ; 201.57 MHz ( period = 4.961 ns )                    ; num[8]            ; num[18]            ; CLK        ; CLK      ; None                        ; None                      ; 4.252 ns                ;
; N/A                                     ; 201.57 MHz ( period = 4.961 ns )                    ; num[8]            ; num[19]            ; CLK        ; CLK      ; None                        ; None                      ; 4.252 ns                ;
; N/A                                     ; 201.57 MHz ( period = 4.961 ns )                    ; num[8]            ; num[20]            ; CLK        ; CLK      ; None                        ; None                      ; 4.252 ns                ;
; N/A                                     ; 201.57 MHz ( period = 4.961 ns )                    ; num[8]            ; num[21]            ; CLK        ; CLK      ; None                        ; None                      ; 4.252 ns                ;
; N/A                                     ; 201.61 MHz ( period = 4.960 ns )                    ; num[13]           ; num[25]            ; CLK        ; CLK      ; None                        ; None                      ; 4.251 ns                ;
; N/A                                     ; 201.61 MHz ( period = 4.960 ns )                    ; num[13]           ; num[24]            ; CLK        ; CLK      ; None                        ; None                      ; 4.251 ns                ;
; N/A                                     ; 201.61 MHz ( period = 4.960 ns )                    ; num[13]           ; num[23]            ; CLK        ; CLK      ; None                        ; None                      ; 4.251 ns                ;
; N/A                                     ; 202.10 MHz ( period = 4.948 ns )                    ; num[8]            ; num[25]            ; CLK        ; CLK      ; None                        ; None                      ; 4.239 ns                ;
; N/A                                     ; 202.10 MHz ( period = 4.948 ns )                    ; num[8]            ; num[24]            ; CLK        ; CLK      ; None                        ; None                      ; 4.239 ns                ;
; N/A                                     ; 202.10 MHz ( period = 4.948 ns )                    ; num[8]            ; num[23]            ; CLK        ; CLK      ; None                        ; None                      ; 4.239 ns                ;
; N/A                                     ; 202.43 MHz ( period = 4.940 ns )                    ; num[7]            ; num[22]            ; CLK        ; CLK      ; None                        ; None                      ; 4.231 ns                ;
; N/A                                     ; 202.43 MHz ( period = 4.940 ns )                    ; num[7]            ; num[18]            ; CLK        ; CLK      ; None                        ; None                      ; 4.231 ns                ;
; N/A                                     ; 202.43 MHz ( period = 4.940 ns )                    ; num[7]            ; num[19]            ; CLK        ; CLK      ; None                        ; None                      ; 4.231 ns                ;
; N/A                                     ; 202.43 MHz ( period = 4.940 ns )                    ; num[7]            ; num[20]            ; CLK        ; CLK      ; None                        ; None                      ; 4.231 ns                ;
; N/A                                     ; 202.43 MHz ( period = 4.940 ns )                    ; num[7]            ; num[21]            ; CLK        ; CLK      ; None                        ; None                      ; 4.231 ns                ;
; N/A                                     ; 202.96 MHz ( period = 4.927 ns )                    ; num[7]            ; num[25]            ; CLK        ; CLK      ; None                        ; None                      ; 4.218 ns                ;
; N/A                                     ; 202.96 MHz ( period = 4.927 ns )                    ; num[7]            ; num[24]            ; CLK        ; CLK      ; None                        ; None                      ; 4.218 ns                ;
; N/A                                     ; 202.96 MHz ( period = 4.927 ns )                    ; num[7]            ; num[23]            ; CLK        ; CLK      ; None                        ; None                      ; 4.218 ns                ;
; N/A                                     ; 204.42 MHz ( period = 4.892 ns )                    ; \process_1:num[3] ; \process_1:num[11] ; CLK        ; CLK      ; None                        ; None                      ; 4.183 ns                ;
; N/A                                     ; 204.42 MHz ( period = 4.892 ns )                    ; \process_1:num[3] ; \process_1:num[7]  ; CLK        ; CLK      ; None                        ; None                      ; 4.183 ns                ;
; N/A                                     ; 204.42 MHz ( period = 4.892 ns )                    ; \process_1:num[3] ; \process_1:num[8]  ; CLK        ; CLK      ; None                        ; None                      ; 4.183 ns                ;
; N/A                                     ; 204.42 MHz ( period = 4.892 ns )                    ; \process_1:num[3] ; \process_1:num[9]  ; CLK        ; CLK      ; None                        ; None                      ; 4.183 ns                ;
; N/A                                     ; 204.42 MHz ( period = 4.892 ns )                    ; \process_1:num[3] ; \process_1:num[10] ; CLK        ; CLK      ; None                        ; None                      ; 4.183 ns                ;
; N/A                                     ; 204.96 MHz ( period = 4.879 ns )                    ; num[4]            ; num[8]             ; CLK        ; CLK      ; None                        ; None                      ; 4.170 ns                ;
; N/A                                     ; 204.96 MHz ( period = 4.879 ns )                    ; num[4]            ; num[9]             ; CLK        ; CLK      ; None                        ; None                      ; 4.170 ns                ;
; N/A                                     ; 204.96 MHz ( period = 4.879 ns )                    ; num[4]            ; num[10]            ; CLK        ; CLK      ; None                        ; None                      ; 4.170 ns                ;
; N/A                                     ; 204.96 MHz ( period = 4.879 ns )                    ; num[4]            ; num[11]            ; CLK        ; CLK      ; None                        ; None                      ; 4.170 ns                ;
; N/A                                     ; 204.96 MHz ( period = 4.879 ns )                    ; num[4]            ; num[12]            ; CLK        ; CLK      ; None                        ; None                      ; 4.170 ns                ;
; N/A                                     ; 204.96 MHz ( period = 4.879 ns )                    ; \process_1:num[3] ; \process_1:num[13] ; CLK        ; CLK      ; None                        ; None                      ; 4.170 ns                ;
; N/A                                     ; 204.96 MHz ( period = 4.879 ns )                    ; \process_1:num[3] ; \process_1:num[12] ; CLK        ; CLK      ; None                        ; None                      ; 4.170 ns                ;
; N/A                                     ; 205.51 MHz ( period = 4.866 ns )                    ; num[4]            ; num[17]            ; CLK        ; CLK      ; None                        ; None                      ; 4.157 ns                ;
; N/A                                     ; 205.51 MHz ( period = 4.866 ns )                    ; num[4]            ; num[16]            ; CLK        ; CLK      ; None                        ; None                      ; 4.157 ns                ;
; N/A                                     ; 205.51 MHz ( period = 4.866 ns )                    ; num[4]            ; num[15]            ; CLK        ; CLK      ; None                        ; None                      ; 4.157 ns                ;
; N/A                                     ; 205.51 MHz ( period = 4.866 ns )                    ; num[4]            ; num[14]            ; CLK        ; CLK      ; None                        ; None                      ; 4.157 ns                ;
; N/A                                     ; 205.51 MHz ( period = 4.866 ns )                    ; num[4]            ; num[13]            ; CLK        ; CLK      ; None                        ; None                      ; 4.157 ns                ;
; N/A                                     ; 206.14 MHz ( period = 4.851 ns )                    ; num[14]           ; num[22]            ; CLK        ; CLK      ; None                        ; None                      ; 4.142 ns                ;
; N/A                                     ; 206.14 MHz ( period = 4.851 ns )                    ; num[14]           ; num[18]            ; CLK        ; CLK      ; None                        ; None                      ; 4.142 ns                ;
; N/A                                     ; 206.14 MHz ( period = 4.851 ns )                    ; num[14]           ; num[19]            ; CLK        ; CLK      ; None                        ; None                      ; 4.142 ns                ;
; N/A                                     ; 206.14 MHz ( period = 4.851 ns )                    ; num[14]           ; num[20]            ; CLK        ; CLK      ; None                        ; None                      ; 4.142 ns                ;
; N/A                                     ; 206.14 MHz ( period = 4.851 ns )                    ; num[14]           ; num[21]            ; CLK        ; CLK      ; None                        ; None                      ; 4.142 ns                ;
; N/A                                     ; 206.27 MHz ( period = 4.848 ns )                    ; num[9]            ; num[22]            ; CLK        ; CLK      ; None                        ; None                      ; 4.139 ns                ;
; N/A                                     ; 206.27 MHz ( period = 4.848 ns )                    ; num[9]            ; num[18]            ; CLK        ; CLK      ; None                        ; None                      ; 4.139 ns                ;
; N/A                                     ; 206.27 MHz ( period = 4.848 ns )                    ; num[9]            ; num[19]            ; CLK        ; CLK      ; None                        ; None                      ; 4.139 ns                ;
; N/A                                     ; 206.27 MHz ( period = 4.848 ns )                    ; num[9]            ; num[20]            ; CLK        ; CLK      ; None                        ; None                      ; 4.139 ns                ;
; N/A                                     ; 206.27 MHz ( period = 4.848 ns )                    ; num[9]            ; num[21]            ; CLK        ; CLK      ; None                        ; None                      ; 4.139 ns                ;
; N/A                                     ; 206.70 MHz ( period = 4.838 ns )                    ; num[14]           ; num[25]            ; CLK        ; CLK      ; None                        ; None                      ; 4.129 ns                ;
; N/A                                     ; 206.70 MHz ( period = 4.838 ns )                    ; num[14]           ; num[24]            ; CLK        ; CLK      ; None                        ; None                      ; 4.129 ns                ;
; N/A                                     ; 206.70 MHz ( period = 4.838 ns )                    ; num[14]           ; num[23]            ; CLK        ; CLK      ; None                        ; None                      ; 4.129 ns                ;
; N/A                                     ; 206.78 MHz ( period = 4.836 ns )                    ; num[1]            ; num[8]             ; CLK        ; CLK      ; None                        ; None                      ; 4.127 ns                ;
; N/A                                     ; 206.78 MHz ( period = 4.836 ns )                    ; num[1]            ; num[9]             ; CLK        ; CLK      ; None                        ; None                      ; 4.127 ns                ;
; N/A                                     ; 206.78 MHz ( period = 4.836 ns )                    ; num[1]            ; num[10]            ; CLK        ; CLK      ; None                        ; None                      ; 4.127 ns                ;
; N/A                                     ; 206.78 MHz ( period = 4.836 ns )                    ; num[1]            ; num[11]            ; CLK        ; CLK      ; None                        ; None                      ; 4.127 ns                ;
; N/A                                     ; 206.78 MHz ( period = 4.836 ns )                    ; num[1]            ; num[12]            ; CLK        ; CLK      ; None                        ; None                      ; 4.127 ns                ;
; N/A                                     ; 206.83 MHz ( period = 4.835 ns )                    ; num[9]            ; num[25]            ; CLK        ; CLK      ; None                        ; None                      ; 4.126 ns                ;
; N/A                                     ; 206.83 MHz ( period = 4.835 ns )                    ; num[9]            ; num[24]            ; CLK        ; CLK      ; None                        ; None                      ; 4.126 ns                ;
; N/A                                     ; 206.83 MHz ( period = 4.835 ns )                    ; num[9]            ; num[23]            ; CLK        ; CLK      ; None                        ; None                      ; 4.126 ns                ;
; N/A                                     ; 207.34 MHz ( period = 4.823 ns )                    ; num[1]            ; num[17]            ; CLK        ; CLK      ; None                        ; None                      ; 4.114 ns                ;
; N/A                                     ; 207.34 MHz ( period = 4.823 ns )                    ; num[1]            ; num[16]            ; CLK        ; CLK      ; None                        ; None                      ; 4.114 ns                ;
; N/A                                     ; 207.34 MHz ( period = 4.823 ns )                    ; num[1]            ; num[15]            ; CLK        ; CLK      ; None                        ; None                      ; 4.114 ns                ;
; N/A                                     ; 207.34 MHz ( period = 4.823 ns )                    ; num[1]            ; num[14]            ; CLK        ; CLK      ; None                        ; None                      ; 4.114 ns                ;
; N/A                                     ; 207.34 MHz ( period = 4.823 ns )                    ; num[1]            ; num[13]            ; CLK        ; CLK      ; None                        ; None                      ; 4.114 ns                ;
; N/A                                     ; 208.07 MHz ( period = 4.806 ns )                    ; num[11]           ; num[22]            ; CLK        ; CLK      ; None                        ; None                      ; 4.097 ns                ;
; N/A                                     ; 208.07 MHz ( period = 4.806 ns )                    ; num[11]           ; num[18]            ; CLK        ; CLK      ; None                        ; None                      ; 4.097 ns                ;
; N/A                                     ; 208.07 MHz ( period = 4.806 ns )                    ; num[11]           ; num[19]            ; CLK        ; CLK      ; None                        ; None                      ; 4.097 ns                ;
; N/A                                     ; 208.07 MHz ( period = 4.806 ns )                    ; num[11]           ; num[20]            ; CLK        ; CLK      ; None                        ; None                      ; 4.097 ns                ;
; N/A                                     ; 208.07 MHz ( period = 4.806 ns )                    ; num[11]           ; num[21]            ; CLK        ; CLK      ; None                        ; None                      ; 4.097 ns                ;
; N/A                                     ; 208.64 MHz ( period = 4.793 ns )                    ; num[11]           ; num[25]            ; CLK        ; CLK      ; None                        ; None                      ; 4.084 ns                ;
; N/A                                     ; 208.64 MHz ( period = 4.793 ns )                    ; num[11]           ; num[24]            ; CLK        ; CLK      ; None                        ; None                      ; 4.084 ns                ;
; N/A                                     ; 208.64 MHz ( period = 4.793 ns )                    ; num[11]           ; num[23]            ; CLK        ; CLK      ; None                        ; None                      ; 4.084 ns                ;
; N/A                                     ; 211.64 MHz ( period = 4.725 ns )                    ; num[10]           ; num[22]            ; CLK        ; CLK      ; None                        ; None                      ; 4.016 ns                ;
; N/A                                     ; 211.64 MHz ( period = 4.725 ns )                    ; num[10]           ; num[18]            ; CLK        ; CLK      ; None                        ; None                      ; 4.016 ns                ;
; N/A                                     ; 211.64 MHz ( period = 4.725 ns )                    ; num[10]           ; num[19]            ; CLK        ; CLK      ; None                        ; None                      ; 4.016 ns                ;
; N/A                                     ; 211.64 MHz ( period = 4.725 ns )                    ; num[10]           ; num[20]            ; CLK        ; CLK      ; None                        ; None                      ; 4.016 ns                ;
; N/A                                     ; 211.64 MHz ( period = 4.725 ns )                    ; num[10]           ; num[21]            ; CLK        ; CLK      ; None                        ; None                      ; 4.016 ns                ;
; N/A                                     ; 212.22 MHz ( period = 4.712 ns )                    ; num[10]           ; num[25]            ; CLK        ; CLK      ; None                        ; None                      ; 4.003 ns                ;
; N/A                                     ; 212.22 MHz ( period = 4.712 ns )                    ; num[10]           ; num[24]            ; CLK        ; CLK      ; None                        ; None                      ; 4.003 ns                ;
; N/A                                     ; 212.22 MHz ( period = 4.712 ns )                    ; num[10]           ; num[23]            ; CLK        ; CLK      ; None                        ; None                      ; 4.003 ns                ;
; N/A                                     ; 212.90 MHz ( period = 4.697 ns )                    ; \process_1:num[1] ; \process_1:num[11] ; CLK        ; CLK      ; None                        ; None                      ; 3.988 ns                ;
; N/A                                     ; 212.90 MHz ( period = 4.697 ns )                    ; \process_1:num[1] ; \process_1:num[7]  ; CLK        ; CLK      ; None                        ; None                      ; 3.988 ns                ;
; N/A                                     ; 212.90 MHz ( period = 4.697 ns )                    ; \process_1:num[1] ; \process_1:num[8]  ; CLK        ; CLK      ; None                        ; None                      ; 3.988 ns                ;
; N/A                                     ; 212.90 MHz ( period = 4.697 ns )                    ; \process_1:num[1] ; \process_1:num[9]  ; CLK        ; CLK      ; None                        ; None                      ; 3.988 ns                ;
; N/A                                     ; 212.90 MHz ( period = 4.697 ns )                    ; \process_1:num[1] ; \process_1:num[10] ; CLK        ; CLK      ; None                        ; None                      ; 3.988 ns                ;
; N/A                                     ; 213.49 MHz ( period = 4.684 ns )                    ; \process_1:num[1] ; \process_1:num[13] ; CLK        ; CLK      ; None                        ; None                      ; 3.975 ns                ;
; N/A                                     ; 213.49 MHz ( period = 4.684 ns )                    ; \process_1:num[1] ; \process_1:num[12] ; CLK        ; CLK      ; None                        ; None                      ; 3.975 ns                ;
; N/A                                     ; 214.09 MHz ( period = 4.671 ns )                    ; num[2]            ; num[8]             ; CLK        ; CLK      ; None                        ; None                      ; 3.962 ns                ;
; N/A                                     ; 214.09 MHz ( period = 4.671 ns )                    ; num[2]            ; num[9]             ; CLK        ; CLK      ; None                        ; None                      ; 3.962 ns                ;
; N/A                                     ; 214.09 MHz ( period = 4.671 ns )                    ; num[2]            ; num[10]            ; CLK        ; CLK      ; None                        ; None                      ; 3.962 ns                ;
; N/A                                     ; 214.09 MHz ( period = 4.671 ns )                    ; num[2]            ; num[11]            ; CLK        ; CLK      ; None                        ; None                      ; 3.962 ns                ;
; N/A                                     ; 214.09 MHz ( period = 4.671 ns )                    ; num[2]            ; num[12]            ; CLK        ; CLK      ; None                        ; None                      ; 3.962 ns                ;
; N/A                                     ; 214.68 MHz ( period = 4.658 ns )                    ; num[2]            ; num[17]            ; CLK        ; CLK      ; None                        ; None                      ; 3.949 ns                ;
; N/A                                     ; 214.68 MHz ( period = 4.658 ns )                    ; num[2]            ; num[16]            ; CLK        ; CLK      ; None                        ; None                      ; 3.949 ns                ;
; N/A                                     ; 214.68 MHz ( period = 4.658 ns )                    ; num[2]            ; num[15]            ; CLK        ; CLK      ; None                        ; None                      ; 3.949 ns                ;
; N/A                                     ; 214.68 MHz ( period = 4.658 ns )                    ; num[2]            ; num[14]            ; CLK        ; CLK      ; None                        ; None                      ; 3.949 ns                ;
; N/A                                     ; 214.68 MHz ( period = 4.658 ns )                    ; num[2]            ; num[13]            ; CLK        ; CLK      ; None                        ; None                      ; 3.949 ns                ;
; N/A                                     ; 214.87 MHz ( period = 4.654 ns )                    ; num[12]           ; num[22]            ; CLK        ; CLK      ; None                        ; None                      ; 3.945 ns                ;
; N/A                                     ; 214.87 MHz ( period = 4.654 ns )                    ; num[12]           ; num[18]            ; CLK        ; CLK      ; None                        ; None                      ; 3.945 ns                ;
; N/A                                     ; 214.87 MHz ( period = 4.654 ns )                    ; num[12]           ; num[19]            ; CLK        ; CLK      ; None                        ; None                      ; 3.945 ns                ;
; N/A                                     ; 214.87 MHz ( period = 4.654 ns )                    ; num[12]           ; num[20]            ; CLK        ; CLK      ; None                        ; None                      ; 3.945 ns                ;
; N/A                                     ; 214.87 MHz ( period = 4.654 ns )                    ; num[12]           ; num[21]            ; CLK        ; CLK      ; None                        ; None                      ; 3.945 ns                ;
; N/A                                     ; 215.47 MHz ( period = 4.641 ns )                    ; num[12]           ; num[25]            ; CLK        ; CLK      ; None                        ; None                      ; 3.932 ns                ;
; N/A                                     ; 215.47 MHz ( period = 4.641 ns )                    ; num[12]           ; num[24]            ; CLK        ; CLK      ; None                        ; None                      ; 3.932 ns                ;
; N/A                                     ; 215.47 MHz ( period = 4.641 ns )                    ; num[12]           ; num[23]            ; CLK        ; CLK      ; None                        ; None                      ; 3.932 ns                ;
; N/A                                     ; 216.22 MHz ( period = 4.625 ns )                    ; num[6]            ; num[9]             ; CLK        ; CLK      ; None                        ; None                      ; 3.916 ns                ;
; N/A                                     ; 216.22 MHz ( period = 4.625 ns )                    ; num[6]            ; num[10]            ; CLK        ; CLK      ; None                        ; None                      ; 3.916 ns                ;
; N/A                                     ; 216.22 MHz ( period = 4.625 ns )                    ; num[6]            ; num[11]            ; CLK        ; CLK      ; None                        ; None                      ; 3.916 ns                ;
; Timing analysis restricted to 200 rows. ; To change the limit use Settings (Assignments menu) ;                   ;                    ;            ;          ;                             ;                           ;                         ;
+-----------------------------------------+-----------------------------------------------------+-------------------+--------------------+------------+----------+-----------------------------+---------------------------+-------------------------+


+----------------------------------------------------------------------------+
; tco                                                                        ;
+-------+--------------+------------+--------------------+------+------------+
; Slack ; Required tco ; Actual tco ; From               ; To   ; From Clock ;
+-------+--------------+------------+--------------------+------+------------+
; N/A   ; None         ; 19.947 ns  ; num[8]             ; Q1   ; CLK        ;
; N/A   ; None         ; 19.878 ns  ; num[10]            ; Q1   ; CLK        ;
; N/A   ; None         ; 19.465 ns  ; num[9]             ; Q1   ; CLK        ;
; N/A   ; None         ; 18.765 ns  ; num[0]             ; Q1   ; CLK        ;
; N/A   ; None         ; 17.924 ns  ; num[2]             ; Q1   ; CLK        ;
; N/A   ; None         ; 17.717 ns  ; num[1]             ; Q1   ; CLK        ;
; N/A   ; None         ; 17.717 ns  ; num[12]            ; Q1   ; CLK        ;
; N/A   ; None         ; 17.398 ns  ; num[3]             ; Q1   ; CLK        ;
; N/A   ; None         ; 17.193 ns  ; num[17]            ; Q1   ; CLK        ;
; N/A   ; None         ; 17.141 ns  ; num[13]            ; Q1   ; CLK        ;
; N/A   ; None         ; 17.094 ns  ; num[14]            ; Q1   ; CLK        ;
; N/A   ; None         ; 17.041 ns  ; num[5]             ; Q1   ; CLK        ;
; N/A   ; None         ; 16.891 ns  ; num[4]             ; Q1   ; CLK        ;
; N/A   ; None         ; 16.711 ns  ; num[6]             ; Q1   ; CLK        ;
; N/A   ; None         ; 16.533 ns  ; num[7]             ; Q1   ; CLK        ;
; N/A   ; None         ; 16.424 ns  ; num[16]            ; Q1   ; CLK        ;
; N/A   ; None         ; 16.117 ns  ; num[11]            ; Q1   ; CLK        ;
; N/A   ; None         ; 15.617 ns  ; num[15]            ; Q1   ; CLK        ;
; N/A   ; None         ; 14.155 ns  ; num[21]            ; Q1   ; CLK        ;
; N/A   ; None         ; 13.998 ns  ; num[20]            ; Q1   ; CLK        ;
; N/A   ; None         ; 13.818 ns  ; num[22]            ; Q1   ; CLK        ;
; N/A   ; None         ; 13.461 ns  ; num[19]            ; Q1   ; CLK        ;
; N/A   ; None         ; 12.479 ns  ; \process_1:num[1]  ; Q400 ; CLK        ;
; N/A   ; None         ; 12.340 ns  ; \process_1:num[2]  ; Q400 ; CLK        ;
; N/A   ; None         ; 12.178 ns  ; num[18]            ; Q1   ; CLK        ;
; N/A   ; None         ; 11.993 ns  ; \process_1:num[3]  ; Q400 ; CLK        ;
; N/A   ; None         ; 11.956 ns  ; \process_1:num[10] ; Q400 ; CLK        ;
; N/A   ; None         ; 11.827 ns  ; \process_1:num[8]  ; Q400 ; CLK        ;
; N/A   ; None         ; 11.786 ns  ; \process_1:num[5]  ; Q400 ; CLK        ;
; N/A   ; None         ; 11.645 ns  ; \process_1:num[6]  ; Q400 ; CLK        ;
; N/A   ; None         ; 11.608 ns  ; \process_1:num[0]  ; Q400 ; CLK        ;
; N/A   ; None         ; 11.520 ns  ; num[23]            ; Q1   ; CLK        ;
; N/A   ; None         ; 11.448 ns  ; \process_1:num[4]  ; Q400 ; CLK        ;
; N/A   ; None         ; 11.288 ns  ; \process_1:num[9]  ; Q400 ; CLK        ;
; N/A   ; None         ; 10.825 ns  ; num[25]            ; Q1   ; CLK        ;
; N/A   ; None         ; 10.664 ns  ; num[24]            ; Q1   ; CLK        ;
; N/A   ; None         ; 10.194 ns  ; \process_1:num[13] ; Q400 ; CLK        ;
; N/A   ; None         ; 10.137 ns  ; \process_1:num[7]  ; Q400 ; CLK        ;
; N/A   ; None         ; 9.995 ns   ; \process_1:num[12] ; Q400 ; CLK        ;
; N/A   ; None         ; 9.656 ns   ; \process_1:num[11] ; Q400 ; CLK        ;
+-------+--------------+------------+--------------------+------+------------+


+--------------------------+
; Timing Analyzer Messages ;
+--------------------------+
Info: *******************************************************************
Info: Running Quartus II Classic Timing Analyzer
    Info: Version 9.0 Build 132 02/25/2009 SJ Full Version
    Info: Processing started: Mon Sep 25 09:45:19 2017
Info: Command: quartus_tan --read_settings_files=off --write_settings_files=off div -c div
Info: Parallel compilation is enabled and will use 2 of the 2 processors detected
Info: Started post-fitting delay annotation
Info: Delay annotation completed successfully
Warning: Found pins functioning as undefined clocks and/or memory enables
    Info: Assuming node "CLK" is an undefined clock
Info: Clock "CLK" has Internal fmax of 143.82 MHz between source register "num[0]" and destination register "num[22]" (period= 6.953 ns)
    Info: + Longest register to register delay is 6.244 ns
        Info: 1: + IC(0.000 ns) + CELL(0.000 ns) = 0.000 ns; Loc. = LC_X10_Y4_N2; Fanout = 5; REG Node = 'num[0]'
        Info: 2: + IC(2.666 ns) + CELL(0.747 ns) = 3.413 ns; Loc. = LC_X8_Y5_N3; Fanout = 2; COMB Node = 'num[1]~21'
        Info: 3: + IC(0.000 ns) + CELL(0.261 ns) = 3.674 ns; Loc. = LC_X8_Y5_N4; Fanout = 6; COMB Node = 'num[2]~23'
        Info: 4: + IC(0.000 ns) + CELL(0.349 ns) = 4.023 ns; Loc. = LC_X8_Y5_N9; Fanout = 6; COMB Node = 'num[7]~17'
        Info: 5: + IC(0.000 ns) + CELL(0.246 ns) = 4.269 ns; Loc. = LC_X9_Y5_N4; Fanout = 6; COMB Node = 'num[12]~41'
        Info: 6: + IC(0.000 ns) + CELL(0.349 ns) = 4.618 ns; Loc. = LC_X9_Y5_N9; Fanout = 6; COMB Node = 'num[17]~47'
        Info: 7: + IC(0.000 ns) + CELL(1.626 ns) = 6.244 ns; Loc. = LC_X10_Y5_N4; Fanout = 3; REG Node = 'num[22]'
        Info: Total cell delay = 3.578 ns ( 57.30 % )
        Info: Total interconnect delay = 2.666 ns ( 42.70 % )
    Info: - Smallest clock skew is 0.000 ns
        Info: + Shortest clock path from clock "CLK" to destination register is 3.681 ns
            Info: 1: + IC(0.000 ns) + CELL(1.163 ns) = 1.163 ns; Loc. = PIN_12; Fanout = 40; CLK Node = 'CLK'
            Info: 2: + IC(1.600 ns) + CELL(0.918 ns) = 3.681 ns; Loc. = LC_X10_Y5_N4; Fanout = 3; REG Node = 'num[22]'
            Info: Total cell delay = 2.081 ns ( 56.53 % )
            Info: Total interconnect delay = 1.600 ns ( 43.47 % )
        Info: - Longest clock path from clock "CLK" to source register is 3.681 ns
            Info: 1: + IC(0.000 ns) + CELL(1.163 ns) = 1.163 ns; Loc. = PIN_12; Fanout = 40; CLK Node = 'CLK'
            Info: 2: + IC(1.600 ns) + CELL(0.918 ns) = 3.681 ns; Loc. = LC_X10_Y4_N2; Fanout = 5; REG Node = 'num[0]'
            Info: Total cell delay = 2.081 ns ( 56.53 % )
            Info: Total interconnect delay = 1.600 ns ( 43.47 % )
    Info: + Micro clock to output delay of source is 0.376 ns
    Info: + Micro setup delay of destination is 0.333 ns
Info: tco from clock "CLK" to destination pin "Q1" through register "num[8]" is 19.947 ns
    Info: + Longest clock path from clock "CLK" to source register is 3.681 ns
        Info: 1: + IC(0.000 ns) + CELL(1.163 ns) = 1.163 ns; Loc. = PIN_12; Fanout = 40; CLK Node = 'CLK'
        Info: 2: + IC(1.600 ns) + CELL(0.918 ns) = 3.681 ns; Loc. = LC_X9_Y5_N0; Fanout = 5; REG Node = 'num[8]'
        Info: Total cell delay = 2.081 ns ( 56.53 % )
        Info: Total interconnect delay = 1.600 ns ( 43.47 % )
    Info: + Micro clock to output delay of source is 0.376 ns
    Info: + Longest register to pin delay is 15.890 ns
        Info: 1: + IC(0.000 ns) + CELL(0.000 ns) = 0.000 ns; Loc. = LC_X9_Y5_N0; Fanout = 5; REG Node = 'num[8]'
        Info: 2: + IC(2.187 ns) + CELL(0.511 ns) = 2.698 ns; Loc. = LC_X9_Y4_N1; Fanout = 1; COMB Node = 'LessThan0~2'
        Info: 3: + IC(1.860 ns) + CELL(0.511 ns) = 5.069 ns; Loc. = LC_X8_Y5_N2; Fanout = 1; COMB Node = 'LessThan0~3'
        Info: 4: + IC(1.840 ns) + CELL(0.200 ns) = 7.109 ns; Loc. = LC_X9_Y4_N0; Fanout = 1; COMB Node = 'LessThan0~4'
        Info: 5: + IC(1.947 ns) + CELL(0.200 ns) = 9.256 ns; Loc. = LC_X10_Y5_N9; Fanout = 1; COMB Node = 'LessThan0~6'
        Info: 6: + IC(2.434 ns) + CELL(0.200 ns) = 11.890 ns; Loc. = LC_X11_Y6_N1; Fanout = 1; COMB Node = 'LessThan0~7'
        Info: 7: + IC(1.678 ns) + CELL(2.322 ns) = 15.890 ns; Loc. = PIN_70; Fanout = 0; PIN Node = 'Q1'
        Info: Total cell delay = 3.944 ns ( 24.82 % )
        Info: Total interconnect delay = 11.946 ns ( 75.18 % )
Info: Quartus II Classic Timing Analyzer was successful. 0 errors, 1 warning
    Info: Peak virtual memory: 186 megabytes
    Info: Processing ended: Mon Sep 25 09:45:20 2017
    Info: Elapsed time: 00:00:01
    Info: Total CPU time (on all processors): 00:00:00


