Added Component: Designator=C1(RB7.6-15)
Added Component: Designator=C2(RAD-0.3)
Added Component: Designator=D1(DO-35)
Added Component: Designator=D2(DO-35)
Added Component: Designator=D3(DO-35)
Added Component: Designator=DS1(A)
Added Component: Designator=DS2(A)
Added Component: Designator=gnd(HDR1X2)
Added Component: Designator=R1(TO-39)
Added Component: Designator=R2(AXIAL-0.3)
Added Component: Designator=R3(AXIAL-0.3)
Added Component: Designator=S1(SPST-2)
Added Component: Designator=U1(DIP-8)
Added Component: Designator=U2(DIP-14)
Added Component: Designator=U3(DIP-14)
Added Component: Designator=U4(DIP-14)
Added Component: Designator=U5(DIP-16)
Added Component: Designator=U6(DIP-16)
Added Component: Designator=vcc(HDR1X2)
Added Pin To Net: NetName=A1 Pin=DS1-10
Added Pin To Net: NetName=A1 Pin=U5-13
Added Net: Name=A1
Added Pin To Net: NetName=B1 Pin=DS1-9
Added Pin To Net: NetName=B1 Pin=U5-12
Added Net: Name=B1
Added Pin To Net: NetName=C1 Pin=DS1-8
Added Pin To Net: NetName=C1 Pin=U5-11
Added Net: Name=C1
Added Pin To Net: NetName=C2 Pin=DS2-8
Added Pin To Net: NetName=C2 Pin=U6-11
Added Net: Name=C2
Added Pin To Net: NetName=D1 Pin=DS1-5
Added Pin To Net: NetName=D1 Pin=U5-10
Added Net: Name=D1
Added Pin To Net: NetName=D2 Pin=DS2-5
Added Pin To Net: NetName=D2 Pin=U6-10
Added Net: Name=D2
Added Pin To Net: NetName=E1 Pin=DS1-4
Added Pin To Net: NetName=E1 Pin=U5-9
Added Net: Name=E1
Added Pin To Net: NetName=E2 Pin=DS2-4
Added Pin To Net: NetName=E2 Pin=U6-9
Added Net: Name=E2
Added Pin To Net: NetName=F1 Pin=DS1-2
Added Pin To Net: NetName=F1 Pin=U5-15
Added Net: Name=F1
Added Pin To Net: NetName=G1 Pin=DS1-3
Added Pin To Net: NetName=G1 Pin=U5-14
Added Net: Name=G1
Added Pin To Net: NetName=GND Pin=C1-2
Added Pin To Net: NetName=GND Pin=C2-1
Added Pin To Net: NetName=GND Pin=gnd-1
Added Pin To Net: NetName=GND Pin=gnd-2
Added Pin To Net: NetName=GND Pin=S1-2
Added Pin To Net: NetName=GND Pin=U1-1
Added Pin To Net: NetName=GND Pin=U2-6
Added Pin To Net: NetName=GND Pin=U2-7
Added Pin To Net: NetName=GND Pin=U2-10
Added Pin To Net: NetName=GND Pin=U3-6
Added Pin To Net: NetName=GND Pin=U3-7
Added Pin To Net: NetName=GND Pin=U3-10
Added Pin To Net: NetName=GND Pin=U4-7
Added Pin To Net: NetName=GND Pin=U5-8
Added Pin To Net: NetName=GND Pin=U6-8
Added Net: Name=GND
Added Pin To Net: NetName=NetC1_1 Pin=C1-1
Added Pin To Net: NetName=NetC1_1 Pin=R2-1
Added Pin To Net: NetName=NetC1_1 Pin=U1-2
Added Pin To Net: NetName=NetC1_1 Pin=U1-6
Added Net: Name=NetC1_1
Added Pin To Net: NetName=NetC2_2 Pin=C2-2
Added Pin To Net: NetName=NetC2_2 Pin=U1-5
Added Net: Name=NetC2_2
Added Pin To Net: NetName=NetD1_2 Pin=D1-2
Added Pin To Net: NetName=NetD1_2 Pin=D2-1
Added Net: Name=NetD1_2
Added Pin To Net: NetName=NetD2_2 Pin=D2-2
Added Pin To Net: NetName=NetD2_2 Pin=D3-1
Added Net: Name=NetD2_2
Added Pin To Net: NetName=NetDS2_2 Pin=DS2-2
Added Pin To Net: NetName=NetDS2_2 Pin=U6-15
Added Net: Name=NetDS2_2
Added Pin To Net: NetName=NetDS2_3 Pin=DS2-3
Added Pin To Net: NetName=NetDS2_3 Pin=U6-14
Added Net: Name=NetDS2_3
Added Pin To Net: NetName=NetDS2_9 Pin=DS2-9
Added Pin To Net: NetName=NetDS2_9 Pin=U6-12
Added Net: Name=NetDS2_9
Added Pin To Net: NetName=NetDS2_10 Pin=DS2-10
Added Pin To Net: NetName=NetDS2_10 Pin=U6-13
Added Net: Name=NetDS2_10
Added Pin To Net: NetName=NetR1_1 Pin=R1-1
Added Pin To Net: NetName=NetR1_1 Pin=R2-2
Added Pin To Net: NetName=NetR1_1 Pin=U1-7
Added Net: Name=NetR1_1
Added Pin To Net: NetName=NetR3_1 Pin=R3-1
Added Pin To Net: NetName=NetR3_1 Pin=S1-1
Added Pin To Net: NetName=NetR3_1 Pin=U4-10
Added Net: Name=NetR3_1
Added Pin To Net: NetName=NetU1_3 Pin=U1-3
Added Pin To Net: NetName=NetU1_3 Pin=U2-14
Added Net: Name=NetU1_3
Added Pin To Net: NetName=NetU2_1 Pin=U2-1
Added Pin To Net: NetName=NetU2_1 Pin=U2-12
Added Pin To Net: NetName=NetU2_1 Pin=U4-1
Added Pin To Net: NetName=NetU2_1 Pin=U5-7
Added Net: Name=NetU2_1
Added Pin To Net: NetName=NetU2_2 Pin=U2-2
Added Pin To Net: NetName=NetU2_2 Pin=U3-2
Added Pin To Net: NetName=NetU2_2 Pin=U4-8
Added Net: Name=NetU2_2
Added Pin To Net: NetName=NetU2_8 Pin=U2-8
Added Pin To Net: NetName=NetU2_8 Pin=U4-4
Added Pin To Net: NetName=NetU2_8 Pin=U5-2
Added Net: Name=NetU2_8
Added Pin To Net: NetName=NetU2_9 Pin=U2-9
Added Pin To Net: NetName=NetU2_9 Pin=U4-2
Added Pin To Net: NetName=NetU2_9 Pin=U5-1
Added Net: Name=NetU2_9
Added Pin To Net: NetName=NetU2_11 Pin=U2-11
Added Pin To Net: NetName=NetU2_11 Pin=U3-14
Added Pin To Net: NetName=NetU2_11 Pin=U5-6
Added Net: Name=NetU2_11
Added Pin To Net: NetName=NetU3_1 Pin=U3-1
Added Pin To Net: NetName=NetU3_1 Pin=U3-12
Added Pin To Net: NetName=NetU3_1 Pin=U6-7
Added Net: Name=NetU3_1
Added Pin To Net: NetName=NetU3_9 Pin=U3-9
Added Pin To Net: NetName=NetU3_9 Pin=U4-5
Added Pin To Net: NetName=NetU3_9 Pin=U6-1
Added Net: Name=NetU3_9
Added Pin To Net: NetName=NetU4_6 Pin=U4-6
Added Pin To Net: NetName=NetU4_6 Pin=U4-9
Added Net: Name=NetU4_6
Added Pin To Net: NetName=Q2 Pin=U6-2
Added Net: Name=Q2
Added Pin To Net: NetName=Q3 Pin=U3-11
Added Pin To Net: NetName=Q3 Pin=U6-6
Added Net: Name=Q3
Added Pin To Net: NetName=VCC Pin=D1-1
Added Pin To Net: NetName=VCC Pin=R1-2
Added Pin To Net: NetName=VCC Pin=R1-3
Added Pin To Net: NetName=VCC Pin=R3-2
Added Pin To Net: NetName=VCC Pin=U1-4
Added Pin To Net: NetName=VCC Pin=U1-8
Added Pin To Net: NetName=VCC Pin=U2-3
Added Pin To Net: NetName=VCC Pin=U2-5
Added Pin To Net: NetName=VCC Pin=U3-3
Added Pin To Net: NetName=VCC Pin=U3-5
Added Pin To Net: NetName=VCC Pin=U4-12
Added Pin To Net: NetName=VCC Pin=U4-13
Added Pin To Net: NetName=VCC Pin=U4-14
Added Pin To Net: NetName=VCC Pin=U5-3
Added Pin To Net: NetName=VCC Pin=U5-4
Added Pin To Net: NetName=VCC Pin=U5-5
Added Pin To Net: NetName=VCC Pin=U5-16
Added Pin To Net: NetName=VCC Pin=U6-3
Added Pin To Net: NetName=VCC Pin=U6-4
Added Pin To Net: NetName=VCC Pin=U6-5
Added Pin To Net: NetName=VCC Pin=U6-16
Added Pin To Net: NetName=VCC Pin=vcc-1
Added Pin To Net: NetName=VCC Pin=vcc-2
Added Net: Name=VCC
Added Pin To Net: NetName=VDD Pin=D3-2
Added Pin To Net: NetName=VDD Pin=DS1-1
Added Pin To Net: NetName=VDD Pin=DS1-6
Added Pin To Net: NetName=VDD Pin=DS2-1
Added Pin To Net: NetName=VDD Pin=DS2-6
Added Net: Name=VDD
Added Class: Name=27进制
Added Room: Name=27进制
