Classic Timing Analyzer report for div
Fri Sep 22 09:52:24 2017
Quartus II Version 9.0 Build 132 02/25/2009 SJ Full Version


---------------------
; Table of Contents ;
---------------------
  1. Legal Notice
  2. Timing Analyzer Summary
  3. Timing Analyzer Settings
  4. Clock Settings Summary
  5. Parallel Compilation
  6. Clock Setup: 'CLK'
  7. tco
  8. Timing Analyzer Messages



----------------
; Legal Notice ;
----------------
Copyright (C) 1991-2009 Altera Corporation
Your use of Altera Corporation's design tools, logic functions 
and other software and tools, and its AMPP partner logic 
functions, and any output files from any of the foregoing 
(including device programming or simulation files), and any 
associated documentation or information are expressly subject 
to the terms and conditions of the Altera Program License 
Subscription Agreement, Altera MegaCore Function License 
Agreement, or other applicable license agreement, including, 
without limitation, that your use is for the sole purpose of 
programming logic devices manufactured by Altera and sold by 
Altera or its authorized distributors.  Please refer to the 
applicable agreement for further details.



+----------------------------------------------------------------------------------------------------------------------------------------------------+
; Timing Analyzer Summary                                                                                                                            ;
+------------------------------+-------+---------------+----------------------------------+---------+---------+------------+----------+--------------+
; Type                         ; Slack ; Required Time ; Actual Time                      ; From    ; To      ; From Clock ; To Clock ; Failed Paths ;
+------------------------------+-------+---------------+----------------------------------+---------+---------+------------+----------+--------------+
; Worst-case tco               ; N/A   ; None          ; 20.720 ns                        ; num[10] ; Q       ; CLK        ; --       ; 0            ;
; Clock Setup: 'CLK'           ; N/A   ; None          ; 160.72 MHz ( period = 6.222 ns ) ; num[0]  ; num[21] ; CLK        ; CLK      ; 0            ;
; Total number of failed paths ;       ;               ;                                  ;         ;         ;            ;          ; 0            ;
+------------------------------+-------+---------------+----------------------------------+---------+---------+------------+----------+--------------+


+--------------------------------------------------------------------------------------------------------------------+
; Timing Analyzer Settings                                                                                           ;
+---------------------------------------------------------------------+--------------------+------+----+-------------+
; Option                                                              ; Setting            ; From ; To ; Entity Name ;
+---------------------------------------------------------------------+--------------------+------+----+-------------+
; Device Name                                                         ; EPM570T100C5       ;      ;    ;             ;
; Timing Models                                                       ; Final              ;      ;    ;             ;
; Default hold multicycle                                             ; Same as Multicycle ;      ;    ;             ;
; Cut paths between unrelated clock domains                           ; On                 ;      ;    ;             ;
; Cut off read during write signal paths                              ; On                 ;      ;    ;             ;
; Cut off feedback from I/O pins                                      ; On                 ;      ;    ;             ;
; Report Combined Fast/Slow Timing                                    ; Off                ;      ;    ;             ;
; Ignore Clock Settings                                               ; Off                ;      ;    ;             ;
; Analyze latches as synchronous elements                             ; On                 ;      ;    ;             ;
; Enable Recovery/Removal analysis                                    ; Off                ;      ;    ;             ;
; Enable Clock Latency                                                ; Off                ;      ;    ;             ;
; Use TimeQuest Timing Analyzer                                       ; Off                ;      ;    ;             ;
; Minimum Core Junction Temperature                                   ; 0                  ;      ;    ;             ;
; Maximum Core Junction Temperature                                   ; 85                 ;      ;    ;             ;
; Number of source nodes to report per destination node               ; 10                 ;      ;    ;             ;
; Number of destination nodes to report                               ; 10                 ;      ;    ;             ;
; Number of paths to report                                           ; 200                ;      ;    ;             ;
; Report Minimum Timing Checks                                        ; Off                ;      ;    ;             ;
; Use Fast Timing Models                                              ; Off                ;      ;    ;             ;
; Report IO Paths Separately                                          ; Off                ;      ;    ;             ;
; Perform Multicorner Analysis                                        ; Off                ;      ;    ;             ;
; Reports the worst-case path for each clock domain and analysis      ; Off                ;      ;    ;             ;
; Removes common clock path pessimism (CCPP) during slack computation ; Off                ;      ;    ;             ;
; Output I/O Timing Endpoint                                          ; Near End           ;      ;    ;             ;
+---------------------------------------------------------------------+--------------------+------+----+-------------+


+------------------------------------------------------------------------------------------------------------------------------------------------------------------------------------+
; Clock Settings Summary                                                                                                                                                             ;
+-----------------+--------------------+----------+------------------+---------------+--------------+----------+-----------------------+---------------------+--------+--------------+
; Clock Node Name ; Clock Setting Name ; Type     ; Fmax Requirement ; Early Latency ; Late Latency ; Based on ; Multiply Base Fmax by ; Divide Base Fmax by ; Offset ; Phase offset ;
+-----------------+--------------------+----------+------------------+---------------+--------------+----------+-----------------------+---------------------+--------+--------------+
; CLK             ;                    ; User Pin ; None             ; 0.000 ns      ; 0.000 ns     ; --       ; N/A                   ; N/A                 ; N/A    ;              ;
+-----------------+--------------------+----------+------------------+---------------+--------------+----------+-----------------------+---------------------+--------+--------------+


+------------------------------------------+
; Parallel Compilation                     ;
+----------------------------+-------------+
; Processors                 ; Number      ;
+----------------------------+-------------+
; Number detected on machine ; 2           ;
; Maximum allowed            ; 2           ;
;                            ;             ;
; Average used               ; 1.00        ;
; Maximum used               ; 1           ;
;                            ;             ;
; Usage by Processor         ; % Time Used ;
;     1 processor            ; 100.0%      ;
;     2 processors           ;   0.0%      ;
+----------------------------+-------------+


+-------------------------------------------------------------------------------------------------------------------------------------------------------------------------------------------------------------------------------+
; Clock Setup: 'CLK'                                                                                                                                                                                                            ;
+-----------------------------------------+-----------------------------------------------------+---------+---------+------------+----------+-----------------------------+---------------------------+-------------------------+
; Slack                                   ; Actual fmax (period)                                ; From    ; To      ; From Clock ; To Clock ; Required Setup Relationship ; Required Longest P2P Time ; Actual Longest P2P Time ;
+-----------------------------------------+-----------------------------------------------------+---------+---------+------------+----------+-----------------------------+---------------------------+-------------------------+
; N/A                                     ; 160.72 MHz ( period = 6.222 ns )                    ; num[0]  ; num[22] ; CLK        ; CLK      ; None                        ; None                      ; 5.513 ns                ;
; N/A                                     ; 160.72 MHz ( period = 6.222 ns )                    ; num[0]  ; num[18] ; CLK        ; CLK      ; None                        ; None                      ; 5.513 ns                ;
; N/A                                     ; 160.72 MHz ( period = 6.222 ns )                    ; num[0]  ; num[19] ; CLK        ; CLK      ; None                        ; None                      ; 5.513 ns                ;
; N/A                                     ; 160.72 MHz ( period = 6.222 ns )                    ; num[0]  ; num[20] ; CLK        ; CLK      ; None                        ; None                      ; 5.513 ns                ;
; N/A                                     ; 160.72 MHz ( period = 6.222 ns )                    ; num[0]  ; num[21] ; CLK        ; CLK      ; None                        ; None                      ; 5.513 ns                ;
; N/A                                     ; 161.06 MHz ( period = 6.209 ns )                    ; num[0]  ; num[25] ; CLK        ; CLK      ; None                        ; None                      ; 5.500 ns                ;
; N/A                                     ; 161.06 MHz ( period = 6.209 ns )                    ; num[0]  ; num[24] ; CLK        ; CLK      ; None                        ; None                      ; 5.500 ns                ;
; N/A                                     ; 161.06 MHz ( period = 6.209 ns )                    ; num[0]  ; num[23] ; CLK        ; CLK      ; None                        ; None                      ; 5.500 ns                ;
; N/A                                     ; 177.71 MHz ( period = 5.627 ns )                    ; num[0]  ; num[8]  ; CLK        ; CLK      ; None                        ; None                      ; 4.918 ns                ;
; N/A                                     ; 177.71 MHz ( period = 5.627 ns )                    ; num[0]  ; num[9]  ; CLK        ; CLK      ; None                        ; None                      ; 4.918 ns                ;
; N/A                                     ; 177.71 MHz ( period = 5.627 ns )                    ; num[0]  ; num[10] ; CLK        ; CLK      ; None                        ; None                      ; 4.918 ns                ;
; N/A                                     ; 177.71 MHz ( period = 5.627 ns )                    ; num[0]  ; num[11] ; CLK        ; CLK      ; None                        ; None                      ; 4.918 ns                ;
; N/A                                     ; 177.71 MHz ( period = 5.627 ns )                    ; num[0]  ; num[12] ; CLK        ; CLK      ; None                        ; None                      ; 4.918 ns                ;
; N/A                                     ; 178.13 MHz ( period = 5.614 ns )                    ; num[0]  ; num[17] ; CLK        ; CLK      ; None                        ; None                      ; 4.905 ns                ;
; N/A                                     ; 178.13 MHz ( period = 5.614 ns )                    ; num[0]  ; num[16] ; CLK        ; CLK      ; None                        ; None                      ; 4.905 ns                ;
; N/A                                     ; 178.13 MHz ( period = 5.614 ns )                    ; num[0]  ; num[15] ; CLK        ; CLK      ; None                        ; None                      ; 4.905 ns                ;
; N/A                                     ; 178.13 MHz ( period = 5.614 ns )                    ; num[0]  ; num[14] ; CLK        ; CLK      ; None                        ; None                      ; 4.905 ns                ;
; N/A                                     ; 178.13 MHz ( period = 5.614 ns )                    ; num[0]  ; num[13] ; CLK        ; CLK      ; None                        ; None                      ; 4.905 ns                ;
; N/A                                     ; 178.32 MHz ( period = 5.608 ns )                    ; num[3]  ; num[22] ; CLK        ; CLK      ; None                        ; None                      ; 4.899 ns                ;
; N/A                                     ; 178.32 MHz ( period = 5.608 ns )                    ; num[3]  ; num[18] ; CLK        ; CLK      ; None                        ; None                      ; 4.899 ns                ;
; N/A                                     ; 178.32 MHz ( period = 5.608 ns )                    ; num[3]  ; num[19] ; CLK        ; CLK      ; None                        ; None                      ; 4.899 ns                ;
; N/A                                     ; 178.32 MHz ( period = 5.608 ns )                    ; num[3]  ; num[20] ; CLK        ; CLK      ; None                        ; None                      ; 4.899 ns                ;
; N/A                                     ; 178.32 MHz ( period = 5.608 ns )                    ; num[3]  ; num[21] ; CLK        ; CLK      ; None                        ; None                      ; 4.899 ns                ;
; N/A                                     ; 178.73 MHz ( period = 5.595 ns )                    ; num[3]  ; num[25] ; CLK        ; CLK      ; None                        ; None                      ; 4.886 ns                ;
; N/A                                     ; 178.73 MHz ( period = 5.595 ns )                    ; num[3]  ; num[24] ; CLK        ; CLK      ; None                        ; None                      ; 4.886 ns                ;
; N/A                                     ; 178.73 MHz ( period = 5.595 ns )                    ; num[3]  ; num[23] ; CLK        ; CLK      ; None                        ; None                      ; 4.886 ns                ;
; N/A                                     ; 182.22 MHz ( period = 5.488 ns )                    ; num[4]  ; num[22] ; CLK        ; CLK      ; None                        ; None                      ; 4.779 ns                ;
; N/A                                     ; 182.22 MHz ( period = 5.488 ns )                    ; num[4]  ; num[18] ; CLK        ; CLK      ; None                        ; None                      ; 4.779 ns                ;
; N/A                                     ; 182.22 MHz ( period = 5.488 ns )                    ; num[4]  ; num[19] ; CLK        ; CLK      ; None                        ; None                      ; 4.779 ns                ;
; N/A                                     ; 182.22 MHz ( period = 5.488 ns )                    ; num[4]  ; num[20] ; CLK        ; CLK      ; None                        ; None                      ; 4.779 ns                ;
; N/A                                     ; 182.22 MHz ( period = 5.488 ns )                    ; num[4]  ; num[21] ; CLK        ; CLK      ; None                        ; None                      ; 4.779 ns                ;
; N/A                                     ; 182.65 MHz ( period = 5.475 ns )                    ; num[4]  ; num[25] ; CLK        ; CLK      ; None                        ; None                      ; 4.766 ns                ;
; N/A                                     ; 182.65 MHz ( period = 5.475 ns )                    ; num[4]  ; num[24] ; CLK        ; CLK      ; None                        ; None                      ; 4.766 ns                ;
; N/A                                     ; 182.65 MHz ( period = 5.475 ns )                    ; num[4]  ; num[23] ; CLK        ; CLK      ; None                        ; None                      ; 4.766 ns                ;
; N/A                                     ; 184.16 MHz ( period = 5.430 ns )                    ; num[1]  ; num[22] ; CLK        ; CLK      ; None                        ; None                      ; 4.721 ns                ;
; N/A                                     ; 184.16 MHz ( period = 5.430 ns )                    ; num[1]  ; num[18] ; CLK        ; CLK      ; None                        ; None                      ; 4.721 ns                ;
; N/A                                     ; 184.16 MHz ( period = 5.430 ns )                    ; num[1]  ; num[19] ; CLK        ; CLK      ; None                        ; None                      ; 4.721 ns                ;
; N/A                                     ; 184.16 MHz ( period = 5.430 ns )                    ; num[1]  ; num[20] ; CLK        ; CLK      ; None                        ; None                      ; 4.721 ns                ;
; N/A                                     ; 184.16 MHz ( period = 5.430 ns )                    ; num[1]  ; num[21] ; CLK        ; CLK      ; None                        ; None                      ; 4.721 ns                ;
; N/A                                     ; 184.60 MHz ( period = 5.417 ns )                    ; num[1]  ; num[25] ; CLK        ; CLK      ; None                        ; None                      ; 4.708 ns                ;
; N/A                                     ; 184.60 MHz ( period = 5.417 ns )                    ; num[1]  ; num[24] ; CLK        ; CLK      ; None                        ; None                      ; 4.708 ns                ;
; N/A                                     ; 184.60 MHz ( period = 5.417 ns )                    ; num[1]  ; num[23] ; CLK        ; CLK      ; None                        ; None                      ; 4.708 ns                ;
; N/A                                     ; 189.00 MHz ( period = 5.291 ns )                    ; num[2]  ; num[22] ; CLK        ; CLK      ; None                        ; None                      ; 4.582 ns                ;
; N/A                                     ; 189.00 MHz ( period = 5.291 ns )                    ; num[2]  ; num[18] ; CLK        ; CLK      ; None                        ; None                      ; 4.582 ns                ;
; N/A                                     ; 189.00 MHz ( period = 5.291 ns )                    ; num[2]  ; num[19] ; CLK        ; CLK      ; None                        ; None                      ; 4.582 ns                ;
; N/A                                     ; 189.00 MHz ( period = 5.291 ns )                    ; num[2]  ; num[20] ; CLK        ; CLK      ; None                        ; None                      ; 4.582 ns                ;
; N/A                                     ; 189.00 MHz ( period = 5.291 ns )                    ; num[2]  ; num[21] ; CLK        ; CLK      ; None                        ; None                      ; 4.582 ns                ;
; N/A                                     ; 189.47 MHz ( period = 5.278 ns )                    ; num[2]  ; num[25] ; CLK        ; CLK      ; None                        ; None                      ; 4.569 ns                ;
; N/A                                     ; 189.47 MHz ( period = 5.278 ns )                    ; num[2]  ; num[24] ; CLK        ; CLK      ; None                        ; None                      ; 4.569 ns                ;
; N/A                                     ; 189.47 MHz ( period = 5.278 ns )                    ; num[2]  ; num[23] ; CLK        ; CLK      ; None                        ; None                      ; 4.569 ns                ;
; N/A                                     ; 191.61 MHz ( period = 5.219 ns )                    ; num[6]  ; num[22] ; CLK        ; CLK      ; None                        ; None                      ; 4.510 ns                ;
; N/A                                     ; 191.61 MHz ( period = 5.219 ns )                    ; num[6]  ; num[18] ; CLK        ; CLK      ; None                        ; None                      ; 4.510 ns                ;
; N/A                                     ; 191.61 MHz ( period = 5.219 ns )                    ; num[6]  ; num[19] ; CLK        ; CLK      ; None                        ; None                      ; 4.510 ns                ;
; N/A                                     ; 191.61 MHz ( period = 5.219 ns )                    ; num[6]  ; num[20] ; CLK        ; CLK      ; None                        ; None                      ; 4.510 ns                ;
; N/A                                     ; 191.61 MHz ( period = 5.219 ns )                    ; num[6]  ; num[21] ; CLK        ; CLK      ; None                        ; None                      ; 4.510 ns                ;
; N/A                                     ; 192.09 MHz ( period = 5.206 ns )                    ; num[6]  ; num[25] ; CLK        ; CLK      ; None                        ; None                      ; 4.497 ns                ;
; N/A                                     ; 192.09 MHz ( period = 5.206 ns )                    ; num[6]  ; num[24] ; CLK        ; CLK      ; None                        ; None                      ; 4.497 ns                ;
; N/A                                     ; 192.09 MHz ( period = 5.206 ns )                    ; num[6]  ; num[23] ; CLK        ; CLK      ; None                        ; None                      ; 4.497 ns                ;
; N/A                                     ; 195.39 MHz ( period = 5.118 ns )                    ; num[5]  ; num[22] ; CLK        ; CLK      ; None                        ; None                      ; 4.409 ns                ;
; N/A                                     ; 195.39 MHz ( period = 5.118 ns )                    ; num[5]  ; num[18] ; CLK        ; CLK      ; None                        ; None                      ; 4.409 ns                ;
; N/A                                     ; 195.39 MHz ( period = 5.118 ns )                    ; num[5]  ; num[19] ; CLK        ; CLK      ; None                        ; None                      ; 4.409 ns                ;
; N/A                                     ; 195.39 MHz ( period = 5.118 ns )                    ; num[5]  ; num[20] ; CLK        ; CLK      ; None                        ; None                      ; 4.409 ns                ;
; N/A                                     ; 195.39 MHz ( period = 5.118 ns )                    ; num[5]  ; num[21] ; CLK        ; CLK      ; None                        ; None                      ; 4.409 ns                ;
; N/A                                     ; 195.89 MHz ( period = 5.105 ns )                    ; num[5]  ; num[25] ; CLK        ; CLK      ; None                        ; None                      ; 4.396 ns                ;
; N/A                                     ; 195.89 MHz ( period = 5.105 ns )                    ; num[5]  ; num[24] ; CLK        ; CLK      ; None                        ; None                      ; 4.396 ns                ;
; N/A                                     ; 195.89 MHz ( period = 5.105 ns )                    ; num[5]  ; num[23] ; CLK        ; CLK      ; None                        ; None                      ; 4.396 ns                ;
; N/A                                     ; 199.24 MHz ( period = 5.019 ns )                    ; num[0]  ; num[7]  ; CLK        ; CLK      ; None                        ; None                      ; 4.310 ns                ;
; N/A                                     ; 199.24 MHz ( period = 5.019 ns )                    ; num[0]  ; num[6]  ; CLK        ; CLK      ; None                        ; None                      ; 4.310 ns                ;
; N/A                                     ; 199.24 MHz ( period = 5.019 ns )                    ; num[0]  ; num[5]  ; CLK        ; CLK      ; None                        ; None                      ; 4.310 ns                ;
; N/A                                     ; 199.24 MHz ( period = 5.019 ns )                    ; num[0]  ; num[4]  ; CLK        ; CLK      ; None                        ; None                      ; 4.310 ns                ;
; N/A                                     ; 199.24 MHz ( period = 5.019 ns )                    ; num[0]  ; num[3]  ; CLK        ; CLK      ; None                        ; None                      ; 4.310 ns                ;
; N/A                                     ; 199.48 MHz ( period = 5.013 ns )                    ; num[3]  ; num[8]  ; CLK        ; CLK      ; None                        ; None                      ; 4.304 ns                ;
; N/A                                     ; 199.48 MHz ( period = 5.013 ns )                    ; num[3]  ; num[9]  ; CLK        ; CLK      ; None                        ; None                      ; 4.304 ns                ;
; N/A                                     ; 199.48 MHz ( period = 5.013 ns )                    ; num[3]  ; num[10] ; CLK        ; CLK      ; None                        ; None                      ; 4.304 ns                ;
; N/A                                     ; 199.48 MHz ( period = 5.013 ns )                    ; num[3]  ; num[11] ; CLK        ; CLK      ; None                        ; None                      ; 4.304 ns                ;
; N/A                                     ; 199.48 MHz ( period = 5.013 ns )                    ; num[3]  ; num[12] ; CLK        ; CLK      ; None                        ; None                      ; 4.304 ns                ;
; N/A                                     ; 200.00 MHz ( period = 5.000 ns )                    ; num[3]  ; num[17] ; CLK        ; CLK      ; None                        ; None                      ; 4.291 ns                ;
; N/A                                     ; 200.00 MHz ( period = 5.000 ns )                    ; num[3]  ; num[16] ; CLK        ; CLK      ; None                        ; None                      ; 4.291 ns                ;
; N/A                                     ; 200.00 MHz ( period = 5.000 ns )                    ; num[3]  ; num[15] ; CLK        ; CLK      ; None                        ; None                      ; 4.291 ns                ;
; N/A                                     ; 200.00 MHz ( period = 5.000 ns )                    ; num[3]  ; num[14] ; CLK        ; CLK      ; None                        ; None                      ; 4.291 ns                ;
; N/A                                     ; 200.00 MHz ( period = 5.000 ns )                    ; num[3]  ; num[13] ; CLK        ; CLK      ; None                        ; None                      ; 4.291 ns                ;
; N/A                                     ; 201.09 MHz ( period = 4.973 ns )                    ; num[13] ; num[22] ; CLK        ; CLK      ; None                        ; None                      ; 4.264 ns                ;
; N/A                                     ; 201.09 MHz ( period = 4.973 ns )                    ; num[13] ; num[18] ; CLK        ; CLK      ; None                        ; None                      ; 4.264 ns                ;
; N/A                                     ; 201.09 MHz ( period = 4.973 ns )                    ; num[13] ; num[19] ; CLK        ; CLK      ; None                        ; None                      ; 4.264 ns                ;
; N/A                                     ; 201.09 MHz ( period = 4.973 ns )                    ; num[13] ; num[20] ; CLK        ; CLK      ; None                        ; None                      ; 4.264 ns                ;
; N/A                                     ; 201.09 MHz ( period = 4.973 ns )                    ; num[13] ; num[21] ; CLK        ; CLK      ; None                        ; None                      ; 4.264 ns                ;
; N/A                                     ; 201.57 MHz ( period = 4.961 ns )                    ; num[8]  ; num[22] ; CLK        ; CLK      ; None                        ; None                      ; 4.252 ns                ;
; N/A                                     ; 201.57 MHz ( period = 4.961 ns )                    ; num[8]  ; num[18] ; CLK        ; CLK      ; None                        ; None                      ; 4.252 ns                ;
; N/A                                     ; 201.57 MHz ( period = 4.961 ns )                    ; num[8]  ; num[19] ; CLK        ; CLK      ; None                        ; None                      ; 4.252 ns                ;
; N/A                                     ; 201.57 MHz ( period = 4.961 ns )                    ; num[8]  ; num[20] ; CLK        ; CLK      ; None                        ; None                      ; 4.252 ns                ;
; N/A                                     ; 201.57 MHz ( period = 4.961 ns )                    ; num[8]  ; num[21] ; CLK        ; CLK      ; None                        ; None                      ; 4.252 ns                ;
; N/A                                     ; 201.61 MHz ( period = 4.960 ns )                    ; num[13] ; num[25] ; CLK        ; CLK      ; None                        ; None                      ; 4.251 ns                ;
; N/A                                     ; 201.61 MHz ( period = 4.960 ns )                    ; num[13] ; num[24] ; CLK        ; CLK      ; None                        ; None                      ; 4.251 ns                ;
; N/A                                     ; 201.61 MHz ( period = 4.960 ns )                    ; num[13] ; num[23] ; CLK        ; CLK      ; None                        ; None                      ; 4.251 ns                ;
; N/A                                     ; 202.10 MHz ( period = 4.948 ns )                    ; num[8]  ; num[25] ; CLK        ; CLK      ; None                        ; None                      ; 4.239 ns                ;
; N/A                                     ; 202.10 MHz ( period = 4.948 ns )                    ; num[8]  ; num[24] ; CLK        ; CLK      ; None                        ; None                      ; 4.239 ns                ;
; N/A                                     ; 202.10 MHz ( period = 4.948 ns )                    ; num[7]  ; num[22] ; CLK        ; CLK      ; None                        ; None                      ; 4.239 ns                ;
; N/A                                     ; 202.10 MHz ( period = 4.948 ns )                    ; num[8]  ; num[23] ; CLK        ; CLK      ; None                        ; None                      ; 4.239 ns                ;
; N/A                                     ; 202.10 MHz ( period = 4.948 ns )                    ; num[7]  ; num[18] ; CLK        ; CLK      ; None                        ; None                      ; 4.239 ns                ;
; N/A                                     ; 202.10 MHz ( period = 4.948 ns )                    ; num[7]  ; num[19] ; CLK        ; CLK      ; None                        ; None                      ; 4.239 ns                ;
; N/A                                     ; 202.10 MHz ( period = 4.948 ns )                    ; num[7]  ; num[20] ; CLK        ; CLK      ; None                        ; None                      ; 4.239 ns                ;
; N/A                                     ; 202.10 MHz ( period = 4.948 ns )                    ; num[7]  ; num[21] ; CLK        ; CLK      ; None                        ; None                      ; 4.239 ns                ;
; N/A                                     ; 202.63 MHz ( period = 4.935 ns )                    ; num[7]  ; num[25] ; CLK        ; CLK      ; None                        ; None                      ; 4.226 ns                ;
; N/A                                     ; 202.63 MHz ( period = 4.935 ns )                    ; num[7]  ; num[24] ; CLK        ; CLK      ; None                        ; None                      ; 4.226 ns                ;
; N/A                                     ; 202.63 MHz ( period = 4.935 ns )                    ; num[7]  ; num[23] ; CLK        ; CLK      ; None                        ; None                      ; 4.226 ns                ;
; N/A                                     ; 204.37 MHz ( period = 4.893 ns )                    ; num[4]  ; num[8]  ; CLK        ; CLK      ; None                        ; None                      ; 4.184 ns                ;
; N/A                                     ; 204.37 MHz ( period = 4.893 ns )                    ; num[4]  ; num[9]  ; CLK        ; CLK      ; None                        ; None                      ; 4.184 ns                ;
; N/A                                     ; 204.37 MHz ( period = 4.893 ns )                    ; num[4]  ; num[10] ; CLK        ; CLK      ; None                        ; None                      ; 4.184 ns                ;
; N/A                                     ; 204.37 MHz ( period = 4.893 ns )                    ; num[4]  ; num[11] ; CLK        ; CLK      ; None                        ; None                      ; 4.184 ns                ;
; N/A                                     ; 204.37 MHz ( period = 4.893 ns )                    ; num[4]  ; num[12] ; CLK        ; CLK      ; None                        ; None                      ; 4.184 ns                ;
; N/A                                     ; 204.92 MHz ( period = 4.880 ns )                    ; num[4]  ; num[17] ; CLK        ; CLK      ; None                        ; None                      ; 4.171 ns                ;
; N/A                                     ; 204.92 MHz ( period = 4.880 ns )                    ; num[4]  ; num[16] ; CLK        ; CLK      ; None                        ; None                      ; 4.171 ns                ;
; N/A                                     ; 204.92 MHz ( period = 4.880 ns )                    ; num[4]  ; num[15] ; CLK        ; CLK      ; None                        ; None                      ; 4.171 ns                ;
; N/A                                     ; 204.92 MHz ( period = 4.880 ns )                    ; num[4]  ; num[14] ; CLK        ; CLK      ; None                        ; None                      ; 4.171 ns                ;
; N/A                                     ; 204.92 MHz ( period = 4.880 ns )                    ; num[4]  ; num[13] ; CLK        ; CLK      ; None                        ; None                      ; 4.171 ns                ;
; N/A                                     ; 206.14 MHz ( period = 4.851 ns )                    ; num[14] ; num[22] ; CLK        ; CLK      ; None                        ; None                      ; 4.142 ns                ;
; N/A                                     ; 206.14 MHz ( period = 4.851 ns )                    ; num[14] ; num[18] ; CLK        ; CLK      ; None                        ; None                      ; 4.142 ns                ;
; N/A                                     ; 206.14 MHz ( period = 4.851 ns )                    ; num[14] ; num[19] ; CLK        ; CLK      ; None                        ; None                      ; 4.142 ns                ;
; N/A                                     ; 206.14 MHz ( period = 4.851 ns )                    ; num[14] ; num[20] ; CLK        ; CLK      ; None                        ; None                      ; 4.142 ns                ;
; N/A                                     ; 206.14 MHz ( period = 4.851 ns )                    ; num[14] ; num[21] ; CLK        ; CLK      ; None                        ; None                      ; 4.142 ns                ;
; N/A                                     ; 206.27 MHz ( period = 4.848 ns )                    ; num[9]  ; num[22] ; CLK        ; CLK      ; None                        ; None                      ; 4.139 ns                ;
; N/A                                     ; 206.27 MHz ( period = 4.848 ns )                    ; num[9]  ; num[18] ; CLK        ; CLK      ; None                        ; None                      ; 4.139 ns                ;
; N/A                                     ; 206.27 MHz ( period = 4.848 ns )                    ; num[9]  ; num[19] ; CLK        ; CLK      ; None                        ; None                      ; 4.139 ns                ;
; N/A                                     ; 206.27 MHz ( period = 4.848 ns )                    ; num[9]  ; num[20] ; CLK        ; CLK      ; None                        ; None                      ; 4.139 ns                ;
; N/A                                     ; 206.27 MHz ( period = 4.848 ns )                    ; num[9]  ; num[21] ; CLK        ; CLK      ; None                        ; None                      ; 4.139 ns                ;
; N/A                                     ; 206.70 MHz ( period = 4.838 ns )                    ; num[14] ; num[25] ; CLK        ; CLK      ; None                        ; None                      ; 4.129 ns                ;
; N/A                                     ; 206.70 MHz ( period = 4.838 ns )                    ; num[14] ; num[24] ; CLK        ; CLK      ; None                        ; None                      ; 4.129 ns                ;
; N/A                                     ; 206.70 MHz ( period = 4.838 ns )                    ; num[14] ; num[23] ; CLK        ; CLK      ; None                        ; None                      ; 4.129 ns                ;
; N/A                                     ; 206.83 MHz ( period = 4.835 ns )                    ; num[9]  ; num[25] ; CLK        ; CLK      ; None                        ; None                      ; 4.126 ns                ;
; N/A                                     ; 206.83 MHz ( period = 4.835 ns )                    ; num[9]  ; num[24] ; CLK        ; CLK      ; None                        ; None                      ; 4.126 ns                ;
; N/A                                     ; 206.83 MHz ( period = 4.835 ns )                    ; num[9]  ; num[23] ; CLK        ; CLK      ; None                        ; None                      ; 4.126 ns                ;
; N/A                                     ; 206.83 MHz ( period = 4.835 ns )                    ; num[1]  ; num[8]  ; CLK        ; CLK      ; None                        ; None                      ; 4.126 ns                ;
; N/A                                     ; 206.83 MHz ( period = 4.835 ns )                    ; num[1]  ; num[9]  ; CLK        ; CLK      ; None                        ; None                      ; 4.126 ns                ;
; N/A                                     ; 206.83 MHz ( period = 4.835 ns )                    ; num[1]  ; num[10] ; CLK        ; CLK      ; None                        ; None                      ; 4.126 ns                ;
; N/A                                     ; 206.83 MHz ( period = 4.835 ns )                    ; num[1]  ; num[11] ; CLK        ; CLK      ; None                        ; None                      ; 4.126 ns                ;
; N/A                                     ; 206.83 MHz ( period = 4.835 ns )                    ; num[1]  ; num[12] ; CLK        ; CLK      ; None                        ; None                      ; 4.126 ns                ;
; N/A                                     ; 207.38 MHz ( period = 4.822 ns )                    ; num[1]  ; num[17] ; CLK        ; CLK      ; None                        ; None                      ; 4.113 ns                ;
; N/A                                     ; 207.38 MHz ( period = 4.822 ns )                    ; num[1]  ; num[16] ; CLK        ; CLK      ; None                        ; None                      ; 4.113 ns                ;
; N/A                                     ; 207.38 MHz ( period = 4.822 ns )                    ; num[1]  ; num[15] ; CLK        ; CLK      ; None                        ; None                      ; 4.113 ns                ;
; N/A                                     ; 207.38 MHz ( period = 4.822 ns )                    ; num[1]  ; num[14] ; CLK        ; CLK      ; None                        ; None                      ; 4.113 ns                ;
; N/A                                     ; 207.38 MHz ( period = 4.822 ns )                    ; num[1]  ; num[13] ; CLK        ; CLK      ; None                        ; None                      ; 4.113 ns                ;
; N/A                                     ; 208.07 MHz ( period = 4.806 ns )                    ; num[11] ; num[22] ; CLK        ; CLK      ; None                        ; None                      ; 4.097 ns                ;
; N/A                                     ; 208.07 MHz ( period = 4.806 ns )                    ; num[11] ; num[18] ; CLK        ; CLK      ; None                        ; None                      ; 4.097 ns                ;
; N/A                                     ; 208.07 MHz ( period = 4.806 ns )                    ; num[11] ; num[19] ; CLK        ; CLK      ; None                        ; None                      ; 4.097 ns                ;
; N/A                                     ; 208.07 MHz ( period = 4.806 ns )                    ; num[11] ; num[20] ; CLK        ; CLK      ; None                        ; None                      ; 4.097 ns                ;
; N/A                                     ; 208.07 MHz ( period = 4.806 ns )                    ; num[11] ; num[21] ; CLK        ; CLK      ; None                        ; None                      ; 4.097 ns                ;
; N/A                                     ; 208.64 MHz ( period = 4.793 ns )                    ; num[11] ; num[25] ; CLK        ; CLK      ; None                        ; None                      ; 4.084 ns                ;
; N/A                                     ; 208.64 MHz ( period = 4.793 ns )                    ; num[11] ; num[24] ; CLK        ; CLK      ; None                        ; None                      ; 4.084 ns                ;
; N/A                                     ; 208.64 MHz ( period = 4.793 ns )                    ; num[11] ; num[23] ; CLK        ; CLK      ; None                        ; None                      ; 4.084 ns                ;
; N/A                                     ; 211.64 MHz ( period = 4.725 ns )                    ; num[10] ; num[22] ; CLK        ; CLK      ; None                        ; None                      ; 4.016 ns                ;
; N/A                                     ; 211.64 MHz ( period = 4.725 ns )                    ; num[10] ; num[18] ; CLK        ; CLK      ; None                        ; None                      ; 4.016 ns                ;
; N/A                                     ; 211.64 MHz ( period = 4.725 ns )                    ; num[10] ; num[19] ; CLK        ; CLK      ; None                        ; None                      ; 4.016 ns                ;
; N/A                                     ; 211.64 MHz ( period = 4.725 ns )                    ; num[10] ; num[20] ; CLK        ; CLK      ; None                        ; None                      ; 4.016 ns                ;
; N/A                                     ; 211.64 MHz ( period = 4.725 ns )                    ; num[10] ; num[21] ; CLK        ; CLK      ; None                        ; None                      ; 4.016 ns                ;
; N/A                                     ; 212.22 MHz ( period = 4.712 ns )                    ; num[10] ; num[25] ; CLK        ; CLK      ; None                        ; None                      ; 4.003 ns                ;
; N/A                                     ; 212.22 MHz ( period = 4.712 ns )                    ; num[10] ; num[24] ; CLK        ; CLK      ; None                        ; None                      ; 4.003 ns                ;
; N/A                                     ; 212.22 MHz ( period = 4.712 ns )                    ; num[10] ; num[23] ; CLK        ; CLK      ; None                        ; None                      ; 4.003 ns                ;
; N/A                                     ; 212.95 MHz ( period = 4.696 ns )                    ; num[2]  ; num[8]  ; CLK        ; CLK      ; None                        ; None                      ; 3.987 ns                ;
; N/A                                     ; 212.95 MHz ( period = 4.696 ns )                    ; num[2]  ; num[9]  ; CLK        ; CLK      ; None                        ; None                      ; 3.987 ns                ;
; N/A                                     ; 212.95 MHz ( period = 4.696 ns )                    ; num[2]  ; num[10] ; CLK        ; CLK      ; None                        ; None                      ; 3.987 ns                ;
; N/A                                     ; 212.95 MHz ( period = 4.696 ns )                    ; num[2]  ; num[11] ; CLK        ; CLK      ; None                        ; None                      ; 3.987 ns                ;
; N/A                                     ; 212.95 MHz ( period = 4.696 ns )                    ; num[2]  ; num[12] ; CLK        ; CLK      ; None                        ; None                      ; 3.987 ns                ;
; N/A                                     ; 213.54 MHz ( period = 4.683 ns )                    ; num[2]  ; num[17] ; CLK        ; CLK      ; None                        ; None                      ; 3.974 ns                ;
; N/A                                     ; 213.54 MHz ( period = 4.683 ns )                    ; num[2]  ; num[16] ; CLK        ; CLK      ; None                        ; None                      ; 3.974 ns                ;
; N/A                                     ; 213.54 MHz ( period = 4.683 ns )                    ; num[2]  ; num[15] ; CLK        ; CLK      ; None                        ; None                      ; 3.974 ns                ;
; N/A                                     ; 213.54 MHz ( period = 4.683 ns )                    ; num[2]  ; num[14] ; CLK        ; CLK      ; None                        ; None                      ; 3.974 ns                ;
; N/A                                     ; 213.54 MHz ( period = 4.683 ns )                    ; num[2]  ; num[13] ; CLK        ; CLK      ; None                        ; None                      ; 3.974 ns                ;
; N/A                                     ; 214.87 MHz ( period = 4.654 ns )                    ; num[12] ; num[22] ; CLK        ; CLK      ; None                        ; None                      ; 3.945 ns                ;
; N/A                                     ; 214.87 MHz ( period = 4.654 ns )                    ; num[12] ; num[18] ; CLK        ; CLK      ; None                        ; None                      ; 3.945 ns                ;
; N/A                                     ; 214.87 MHz ( period = 4.654 ns )                    ; num[12] ; num[19] ; CLK        ; CLK      ; None                        ; None                      ; 3.945 ns                ;
; N/A                                     ; 214.87 MHz ( period = 4.654 ns )                    ; num[12] ; num[20] ; CLK        ; CLK      ; None                        ; None                      ; 3.945 ns                ;
; N/A                                     ; 214.87 MHz ( period = 4.654 ns )                    ; num[12] ; num[21] ; CLK        ; CLK      ; None                        ; None                      ; 3.945 ns                ;
; N/A                                     ; 215.47 MHz ( period = 4.641 ns )                    ; num[12] ; num[25] ; CLK        ; CLK      ; None                        ; None                      ; 3.932 ns                ;
; N/A                                     ; 215.47 MHz ( period = 4.641 ns )                    ; num[12] ; num[24] ; CLK        ; CLK      ; None                        ; None                      ; 3.932 ns                ;
; N/A                                     ; 215.47 MHz ( period = 4.641 ns )                    ; num[12] ; num[23] ; CLK        ; CLK      ; None                        ; None                      ; 3.932 ns                ;
; N/A                                     ; 216.26 MHz ( period = 4.624 ns )                    ; num[6]  ; num[8]  ; CLK        ; CLK      ; None                        ; None                      ; 3.915 ns                ;
; N/A                                     ; 216.26 MHz ( period = 4.624 ns )                    ; num[6]  ; num[9]  ; CLK        ; CLK      ; None                        ; None                      ; 3.915 ns                ;
; N/A                                     ; 216.26 MHz ( period = 4.624 ns )                    ; num[6]  ; num[10] ; CLK        ; CLK      ; None                        ; None                      ; 3.915 ns                ;
; N/A                                     ; 216.26 MHz ( period = 4.624 ns )                    ; num[6]  ; num[11] ; CLK        ; CLK      ; None                        ; None                      ; 3.915 ns                ;
; N/A                                     ; 216.26 MHz ( period = 4.624 ns )                    ; num[6]  ; num[12] ; CLK        ; CLK      ; None                        ; None                      ; 3.915 ns                ;
; N/A                                     ; 216.87 MHz ( period = 4.611 ns )                    ; num[6]  ; num[17] ; CLK        ; CLK      ; None                        ; None                      ; 3.902 ns                ;
; N/A                                     ; 216.87 MHz ( period = 4.611 ns )                    ; num[6]  ; num[16] ; CLK        ; CLK      ; None                        ; None                      ; 3.902 ns                ;
; N/A                                     ; 216.87 MHz ( period = 4.611 ns )                    ; num[6]  ; num[15] ; CLK        ; CLK      ; None                        ; None                      ; 3.902 ns                ;
; N/A                                     ; 216.87 MHz ( period = 4.611 ns )                    ; num[6]  ; num[14] ; CLK        ; CLK      ; None                        ; None                      ; 3.902 ns                ;
; N/A                                     ; 216.87 MHz ( period = 4.611 ns )                    ; num[6]  ; num[13] ; CLK        ; CLK      ; None                        ; None                      ; 3.902 ns                ;
; N/A                                     ; 217.63 MHz ( period = 4.595 ns )                    ; num[16] ; num[22] ; CLK        ; CLK      ; None                        ; None                      ; 3.886 ns                ;
; N/A                                     ; 217.63 MHz ( period = 4.595 ns )                    ; num[16] ; num[18] ; CLK        ; CLK      ; None                        ; None                      ; 3.886 ns                ;
; N/A                                     ; 217.63 MHz ( period = 4.595 ns )                    ; num[16] ; num[19] ; CLK        ; CLK      ; None                        ; None                      ; 3.886 ns                ;
; N/A                                     ; 217.63 MHz ( period = 4.595 ns )                    ; num[16] ; num[20] ; CLK        ; CLK      ; None                        ; None                      ; 3.886 ns                ;
; N/A                                     ; 217.63 MHz ( period = 4.595 ns )                    ; num[16] ; num[21] ; CLK        ; CLK      ; None                        ; None                      ; 3.886 ns                ;
; N/A                                     ; 218.25 MHz ( period = 4.582 ns )                    ; num[16] ; num[25] ; CLK        ; CLK      ; None                        ; None                      ; 3.873 ns                ;
; N/A                                     ; 218.25 MHz ( period = 4.582 ns )                    ; num[16] ; num[24] ; CLK        ; CLK      ; None                        ; None                      ; 3.873 ns                ;
; N/A                                     ; 218.25 MHz ( period = 4.582 ns )                    ; num[16] ; num[23] ; CLK        ; CLK      ; None                        ; None                      ; 3.873 ns                ;
; N/A                                     ; 219.68 MHz ( period = 4.552 ns )                    ; num[0]  ; num[2]  ; CLK        ; CLK      ; None                        ; None                      ; 3.843 ns                ;
; N/A                                     ; 221.09 MHz ( period = 4.523 ns )                    ; num[5]  ; num[8]  ; CLK        ; CLK      ; None                        ; None                      ; 3.814 ns                ;
; N/A                                     ; 221.09 MHz ( period = 4.523 ns )                    ; num[5]  ; num[9]  ; CLK        ; CLK      ; None                        ; None                      ; 3.814 ns                ;
; N/A                                     ; 221.09 MHz ( period = 4.523 ns )                    ; num[5]  ; num[10] ; CLK        ; CLK      ; None                        ; None                      ; 3.814 ns                ;
; N/A                                     ; 221.09 MHz ( period = 4.523 ns )                    ; num[5]  ; num[11] ; CLK        ; CLK      ; None                        ; None                      ; 3.814 ns                ;
; N/A                                     ; 221.09 MHz ( period = 4.523 ns )                    ; num[5]  ; num[12] ; CLK        ; CLK      ; None                        ; None                      ; 3.814 ns                ;
; N/A                                     ; 221.73 MHz ( period = 4.510 ns )                    ; num[5]  ; num[14] ; CLK        ; CLK      ; None                        ; None                      ; 3.801 ns                ;
; Timing analysis restricted to 200 rows. ; To change the limit use Settings (Assignments menu) ;         ;         ;            ;          ;                             ;                           ;                         ;
+-----------------------------------------+-----------------------------------------------------+---------+---------+------------+----------+-----------------------------+---------------------------+-------------------------+


+---------------------------------------------------------------+
; tco                                                           ;
+-------+--------------+------------+---------+----+------------+
; Slack ; Required tco ; Actual tco ; From    ; To ; From Clock ;
+-------+--------------+------------+---------+----+------------+
; N/A   ; None         ; 20.720 ns  ; num[10] ; Q  ; CLK        ;
; N/A   ; None         ; 20.611 ns  ; num[8]  ; Q  ; CLK        ;
; N/A   ; None         ; 20.256 ns  ; num[9]  ; Q  ; CLK        ;
; N/A   ; None         ; 20.157 ns  ; num[0]  ; Q  ; CLK        ;
; N/A   ; None         ; 19.349 ns  ; num[3]  ; Q  ; CLK        ;
; N/A   ; None         ; 18.995 ns  ; num[2]  ; Q  ; CLK        ;
; N/A   ; None         ; 18.619 ns  ; num[1]  ; Q  ; CLK        ;
; N/A   ; None         ; 18.417 ns  ; num[4]  ; Q  ; CLK        ;
; N/A   ; None         ; 18.045 ns  ; num[5]  ; Q  ; CLK        ;
; N/A   ; None         ; 17.656 ns  ; num[14] ; Q  ; CLK        ;
; N/A   ; None         ; 17.283 ns  ; num[12] ; Q  ; CLK        ;
; N/A   ; None         ; 17.103 ns  ; num[6]  ; Q  ; CLK        ;
; N/A   ; None         ; 17.096 ns  ; num[13] ; Q  ; CLK        ;
; N/A   ; None         ; 16.934 ns  ; num[7]  ; Q  ; CLK        ;
; N/A   ; None         ; 16.487 ns  ; num[17] ; Q  ; CLK        ;
; N/A   ; None         ; 16.352 ns  ; num[16] ; Q  ; CLK        ;
; N/A   ; None         ; 15.944 ns  ; num[15] ; Q  ; CLK        ;
; N/A   ; None         ; 15.862 ns  ; num[11] ; Q  ; CLK        ;
; N/A   ; None         ; 13.584 ns  ; num[21] ; Q  ; CLK        ;
; N/A   ; None         ; 13.428 ns  ; num[19] ; Q  ; CLK        ;
; N/A   ; None         ; 13.247 ns  ; num[22] ; Q  ; CLK        ;
; N/A   ; None         ; 12.889 ns  ; num[20] ; Q  ; CLK        ;
; N/A   ; None         ; 11.607 ns  ; num[18] ; Q  ; CLK        ;
; N/A   ; None         ; 11.088 ns  ; num[23] ; Q  ; CLK        ;
; N/A   ; None         ; 10.816 ns  ; num[24] ; Q  ; CLK        ;
; N/A   ; None         ; 10.738 ns  ; num[25] ; Q  ; CLK        ;
+-------+--------------+------------+---------+----+------------+


+--------------------------+
; Timing Analyzer Messages ;
+--------------------------+
Info: *******************************************************************
Info: Running Quartus II Classic Timing Analyzer
    Info: Version 9.0 Build 132 02/25/2009 SJ Full Version
    Info: Processing started: Fri Sep 22 09:52:24 2017
Info: Command: quartus_tan --read_settings_files=off --write_settings_files=off div -c div
Info: Parallel compilation is enabled and will use 2 of the 2 processors detected
Info: Started post-fitting delay annotation
Info: Delay annotation completed successfully
Warning: Found pins functioning as undefined clocks and/or memory enables
    Info: Assuming node "CLK" is an undefined clock
Info: Clock "CLK" has Internal fmax of 160.72 MHz between source register "num[0]" and destination register "num[22]" (period= 6.222 ns)
    Info: + Longest register to register delay is 5.513 ns
        Info: 1: + IC(0.000 ns) + CELL(0.000 ns) = 0.000 ns; Loc. = LC_X9_Y5_N0; Fanout = 5; REG Node = 'num[0]'
        Info: 2: + IC(1.935 ns) + CELL(0.747 ns) = 2.682 ns; Loc. = LC_X9_Y6_N3; Fanout = 2; COMB Node = 'num[1]~21'
        Info: 3: + IC(0.000 ns) + CELL(0.261 ns) = 2.943 ns; Loc. = LC_X9_Y6_N4; Fanout = 6; COMB Node = 'num[2]~23'
        Info: 4: + IC(0.000 ns) + CELL(0.349 ns) = 3.292 ns; Loc. = LC_X9_Y6_N9; Fanout = 6; COMB Node = 'num[7]~17'
        Info: 5: + IC(0.000 ns) + CELL(0.246 ns) = 3.538 ns; Loc. = LC_X10_Y6_N4; Fanout = 6; COMB Node = 'num[12]~41'
        Info: 6: + IC(0.000 ns) + CELL(0.349 ns) = 3.887 ns; Loc. = LC_X10_Y6_N9; Fanout = 6; COMB Node = 'num[17]~47'
        Info: 7: + IC(0.000 ns) + CELL(1.626 ns) = 5.513 ns; Loc. = LC_X11_Y6_N4; Fanout = 3; REG Node = 'num[22]'
        Info: Total cell delay = 3.578 ns ( 64.90 % )
        Info: Total interconnect delay = 1.935 ns ( 35.10 % )
    Info: - Smallest clock skew is 0.000 ns
        Info: + Shortest clock path from clock "CLK" to destination register is 3.681 ns
            Info: 1: + IC(0.000 ns) + CELL(1.163 ns) = 1.163 ns; Loc. = PIN_12; Fanout = 26; CLK Node = 'CLK'
            Info: 2: + IC(1.600 ns) + CELL(0.918 ns) = 3.681 ns; Loc. = LC_X11_Y6_N4; Fanout = 3; REG Node = 'num[22]'
            Info: Total cell delay = 2.081 ns ( 56.53 % )
            Info: Total interconnect delay = 1.600 ns ( 43.47 % )
        Info: - Longest clock path from clock "CLK" to source register is 3.681 ns
            Info: 1: + IC(0.000 ns) + CELL(1.163 ns) = 1.163 ns; Loc. = PIN_12; Fanout = 26; CLK Node = 'CLK'
            Info: 2: + IC(1.600 ns) + CELL(0.918 ns) = 3.681 ns; Loc. = LC_X9_Y5_N0; Fanout = 5; REG Node = 'num[0]'
            Info: Total cell delay = 2.081 ns ( 56.53 % )
            Info: Total interconnect delay = 1.600 ns ( 43.47 % )
    Info: + Micro clock to output delay of source is 0.376 ns
    Info: + Micro setup delay of destination is 0.333 ns
Info: tco from clock "CLK" to destination pin "Q" through register "num[10]" is 20.720 ns
    Info: + Longest clock path from clock "CLK" to source register is 3.681 ns
        Info: 1: + IC(0.000 ns) + CELL(1.163 ns) = 1.163 ns; Loc. = PIN_12; Fanout = 26; CLK Node = 'CLK'
        Info: 2: + IC(1.600 ns) + CELL(0.918 ns) = 3.681 ns; Loc. = LC_X10_Y6_N2; Fanout = 5; REG Node = 'num[10]'
        Info: Total cell delay = 2.081 ns ( 56.53 % )
        Info: Total interconnect delay = 1.600 ns ( 43.47 % )
    Info: + Micro clock to output delay of source is 0.376 ns
    Info: + Longest register to pin delay is 16.663 ns
        Info: 1: + IC(0.000 ns) + CELL(0.000 ns) = 0.000 ns; Loc. = LC_X10_Y6_N2; Fanout = 5; REG Node = 'num[10]'
        Info: 2: + IC(2.678 ns) + CELL(0.740 ns) = 3.418 ns; Loc. = LC_X6_Y5_N0; Fanout = 1; COMB Node = 'LessThan0~2'
        Info: 3: + IC(1.832 ns) + CELL(0.200 ns) = 5.450 ns; Loc. = LC_X9_Y6_N2; Fanout = 1; COMB Node = 'LessThan0~3'
        Info: 4: + IC(2.380 ns) + CELL(0.200 ns) = 8.030 ns; Loc. = LC_X6_Y5_N8; Fanout = 1; COMB Node = 'LessThan0~4'
        Info: 5: + IC(2.370 ns) + CELL(0.200 ns) = 10.600 ns; Loc. = LC_X11_Y6_N9; Fanout = 1; COMB Node = 'LessThan0~6'
        Info: 6: + IC(1.767 ns) + CELL(0.200 ns) = 12.567 ns; Loc. = LC_X8_Y6_N8; Fanout = 1; COMB Node = 'LessThan0~7'
        Info: 7: + IC(1.774 ns) + CELL(2.322 ns) = 16.663 ns; Loc. = PIN_89; Fanout = 0; PIN Node = 'Q'
        Info: Total cell delay = 3.862 ns ( 23.18 % )
        Info: Total interconnect delay = 12.801 ns ( 76.82 % )
Info: Quartus II Classic Timing Analyzer was successful. 0 errors, 1 warning
    Info: Peak virtual memory: 186 megabytes
    Info: Processing ended: Fri Sep 22 09:52:24 2017
    Info: Elapsed time: 00:00:00
    Info: Total CPU time (on all processors): 00:00:00


