Classic Timing Analyzer report for cnt4
Sat Sep 23 16:49:09 2017
Quartus II Version 9.0 Build 132 02/25/2009 SJ Full Version


---------------------
; Table of Contents ;
---------------------
  1. Legal Notice
  2. Timing Analyzer Summary
  3. Timing Analyzer Settings
  4. Clock Settings Summary
  5. Parallel Compilation
  6. Clock Setup: 'CLK'
  7. tco
  8. Timing Analyzer Messages



----------------
; Legal Notice ;
----------------
Copyright (C) 1991-2009 Altera Corporation
Your use of Altera Corporation's design tools, logic functions 
and other software and tools, and its AMPP partner logic 
functions, and any output files from any of the foregoing 
(including device programming or simulation files), and any 
associated documentation or information are expressly subject 
to the terms and conditions of the Altera Program License 
Subscription Agreement, Altera MegaCore Function License 
Agreement, or other applicable license agreement, including, 
without limitation, that your use is for the sole purpose of 
programming logic devices manufactured by Altera and sold by 
Altera or its authorized distributors.  Please refer to the 
applicable agreement for further details.



+--------------------------------------------------------------------------------------------------------------------------------------------------------------------+
; Timing Analyzer Summary                                                                                                                                            ;
+------------------------------+-------+---------------+------------------------------------------------+----------+----------+------------+----------+--------------+
; Type                         ; Slack ; Required Time ; Actual Time                                    ; From     ; To       ; From Clock ; To Clock ; Failed Paths ;
+------------------------------+-------+---------------+------------------------------------------------+----------+----------+------------+----------+--------------+
; Worst-case tco               ; N/A   ; None          ; 7.157 ns                                       ; tempQ[0] ; Q[0]     ; CLK        ; --       ; 0            ;
; Clock Setup: 'CLK'           ; N/A   ; None          ; Restricted to 304.04 MHz ( period = 3.289 ns ) ; tempQ[0] ; tempQ[1] ; CLK        ; CLK      ; 0            ;
; Total number of failed paths ;       ;               ;                                                ;          ;          ;            ;          ; 0            ;
+------------------------------+-------+---------------+------------------------------------------------+----------+----------+------------+----------+--------------+


+--------------------------------------------------------------------------------------------------------------------+
; Timing Analyzer Settings                                                                                           ;
+---------------------------------------------------------------------+--------------------+------+----+-------------+
; Option                                                              ; Setting            ; From ; To ; Entity Name ;
+---------------------------------------------------------------------+--------------------+------+----+-------------+
; Device Name                                                         ; EPM570T100C5       ;      ;    ;             ;
; Timing Models                                                       ; Final              ;      ;    ;             ;
; Default hold multicycle                                             ; Same as Multicycle ;      ;    ;             ;
; Cut paths between unrelated clock domains                           ; On                 ;      ;    ;             ;
; Cut off read during write signal paths                              ; On                 ;      ;    ;             ;
; Cut off feedback from I/O pins                                      ; On                 ;      ;    ;             ;
; Report Combined Fast/Slow Timing                                    ; Off                ;      ;    ;             ;
; Ignore Clock Settings                                               ; Off                ;      ;    ;             ;
; Analyze latches as synchronous elements                             ; On                 ;      ;    ;             ;
; Enable Recovery/Removal analysis                                    ; Off                ;      ;    ;             ;
; Enable Clock Latency                                                ; Off                ;      ;    ;             ;
; Use TimeQuest Timing Analyzer                                       ; Off                ;      ;    ;             ;
; Minimum Core Junction Temperature                                   ; 0                  ;      ;    ;             ;
; Maximum Core Junction Temperature                                   ; 85                 ;      ;    ;             ;
; Number of source nodes to report per destination node               ; 10                 ;      ;    ;             ;
; Number of destination nodes to report                               ; 10                 ;      ;    ;             ;
; Number of paths to report                                           ; 200                ;      ;    ;             ;
; Report Minimum Timing Checks                                        ; Off                ;      ;    ;             ;
; Use Fast Timing Models                                              ; Off                ;      ;    ;             ;
; Report IO Paths Separately                                          ; Off                ;      ;    ;             ;
; Perform Multicorner Analysis                                        ; Off                ;      ;    ;             ;
; Reports the worst-case path for each clock domain and analysis      ; Off                ;      ;    ;             ;
; Removes common clock path pessimism (CCPP) during slack computation ; Off                ;      ;    ;             ;
; Output I/O Timing Endpoint                                          ; Near End           ;      ;    ;             ;
+---------------------------------------------------------------------+--------------------+------+----+-------------+


+------------------------------------------------------------------------------------------------------------------------------------------------------------------------------------+
; Clock Settings Summary                                                                                                                                                             ;
+-----------------+--------------------+----------+------------------+---------------+--------------+----------+-----------------------+---------------------+--------+--------------+
; Clock Node Name ; Clock Setting Name ; Type     ; Fmax Requirement ; Early Latency ; Late Latency ; Based on ; Multiply Base Fmax by ; Divide Base Fmax by ; Offset ; Phase offset ;
+-----------------+--------------------+----------+------------------+---------------+--------------+----------+-----------------------+---------------------+--------+--------------+
; CLK             ;                    ; User Pin ; None             ; 0.000 ns      ; 0.000 ns     ; --       ; N/A                   ; N/A                 ; N/A    ;              ;
+-----------------+--------------------+----------+------------------+---------------+--------------+----------+-----------------------+---------------------+--------+--------------+


+------------------------------------------+
; Parallel Compilation                     ;
+----------------------------+-------------+
; Processors                 ; Number      ;
+----------------------------+-------------+
; Number detected on machine ; 2           ;
; Maximum allowed            ; 2           ;
;                            ;             ;
; Average used               ; 1.00        ;
; Maximum used               ; 1           ;
;                            ;             ;
; Usage by Processor         ; % Time Used ;
;     1 processor            ; 100.0%      ;
;     2 processors           ;   0.0%      ;
+----------------------------+-------------+


+------------------------------------------------------------------------------------------------------------------------------------------------------------------------------------------+
; Clock Setup: 'CLK'                                                                                                                                                                       ;
+-------+------------------------------------------------+----------+----------+------------+----------+-----------------------------+---------------------------+-------------------------+
; Slack ; Actual fmax (period)                           ; From     ; To       ; From Clock ; To Clock ; Required Setup Relationship ; Required Longest P2P Time ; Actual Longest P2P Time ;
+-------+------------------------------------------------+----------+----------+------------+----------+-----------------------------+---------------------------+-------------------------+
; N/A   ; Restricted to 304.04 MHz ( period = 3.289 ns ) ; tempQ[0] ; tempQ[1] ; CLK        ; CLK      ; None                        ; None                      ; 1.771 ns                ;
; N/A   ; Restricted to 304.04 MHz ( period = 3.289 ns ) ; tempQ[0] ; tempQ[0] ; CLK        ; CLK      ; None                        ; None                      ; 1.764 ns                ;
; N/A   ; Restricted to 304.04 MHz ( period = 3.289 ns ) ; tempQ[1] ; tempQ[1] ; CLK        ; CLK      ; None                        ; None                      ; 1.485 ns                ;
+-------+------------------------------------------------+----------+----------+------------+----------+-----------------------------+---------------------------+-------------------------+


+------------------------------------------------------------------+
; tco                                                              ;
+-------+--------------+------------+----------+------+------------+
; Slack ; Required tco ; Actual tco ; From     ; To   ; From Clock ;
+-------+--------------+------------+----------+------+------------+
; N/A   ; None         ; 7.157 ns   ; tempQ[1] ; Q[1] ; CLK        ;
; N/A   ; None         ; 7.157 ns   ; tempQ[0] ; Q[0] ; CLK        ;
+-------+--------------+------------+----------+------+------------+


+--------------------------+
; Timing Analyzer Messages ;
+--------------------------+
Info: *******************************************************************
Info: Running Quartus II Classic Timing Analyzer
    Info: Version 9.0 Build 132 02/25/2009 SJ Full Version
    Info: Processing started: Sat Sep 23 16:49:09 2017
Info: Command: quartus_tan --read_settings_files=off --write_settings_files=off cnt4 -c cnt4
Info: Parallel compilation is enabled and will use 2 of the 2 processors detected
Info: Started post-fitting delay annotation
Info: Delay annotation completed successfully
Warning: Found pins functioning as undefined clocks and/or memory enables
    Info: Assuming node "CLK" is an undefined clock
Info: Clock "CLK" Internal fmax is restricted to 304.04 MHz between source register "tempQ[0]" and destination register "tempQ[1]"
    Info: fmax restricted to clock pin edge rate 3.289 ns. Expand message to see actual delay path.
        Info: + Longest register to register delay is 1.771 ns
            Info: 1: + IC(0.000 ns) + CELL(0.000 ns) = 0.000 ns; Loc. = LC_X1_Y7_N7; Fanout = 3; REG Node = 'tempQ[0]'
            Info: 2: + IC(0.967 ns) + CELL(0.804 ns) = 1.771 ns; Loc. = LC_X1_Y7_N2; Fanout = 2; REG Node = 'tempQ[1]'
            Info: Total cell delay = 0.804 ns ( 45.40 % )
            Info: Total interconnect delay = 0.967 ns ( 54.60 % )
        Info: - Smallest clock skew is 0.000 ns
            Info: + Shortest clock path from clock "CLK" to destination register is 3.681 ns
                Info: 1: + IC(0.000 ns) + CELL(1.163 ns) = 1.163 ns; Loc. = PIN_12; Fanout = 2; CLK Node = 'CLK'
                Info: 2: + IC(1.600 ns) + CELL(0.918 ns) = 3.681 ns; Loc. = LC_X1_Y7_N2; Fanout = 2; REG Node = 'tempQ[1]'
                Info: Total cell delay = 2.081 ns ( 56.53 % )
                Info: Total interconnect delay = 1.600 ns ( 43.47 % )
            Info: - Longest clock path from clock "CLK" to source register is 3.681 ns
                Info: 1: + IC(0.000 ns) + CELL(1.163 ns) = 1.163 ns; Loc. = PIN_12; Fanout = 2; CLK Node = 'CLK'
                Info: 2: + IC(1.600 ns) + CELL(0.918 ns) = 3.681 ns; Loc. = LC_X1_Y7_N7; Fanout = 3; REG Node = 'tempQ[0]'
                Info: Total cell delay = 2.081 ns ( 56.53 % )
                Info: Total interconnect delay = 1.600 ns ( 43.47 % )
        Info: + Micro clock to output delay of source is 0.376 ns
        Info: + Micro setup delay of destination is 0.333 ns
Info: tco from clock "CLK" to destination pin "Q[1]" through register "tempQ[1]" is 7.157 ns
    Info: + Longest clock path from clock "CLK" to source register is 3.681 ns
        Info: 1: + IC(0.000 ns) + CELL(1.163 ns) = 1.163 ns; Loc. = PIN_12; Fanout = 2; CLK Node = 'CLK'
        Info: 2: + IC(1.600 ns) + CELL(0.918 ns) = 3.681 ns; Loc. = LC_X1_Y7_N2; Fanout = 2; REG Node = 'tempQ[1]'
        Info: Total cell delay = 2.081 ns ( 56.53 % )
        Info: Total interconnect delay = 1.600 ns ( 43.47 % )
    Info: + Micro clock to output delay of source is 0.376 ns
    Info: + Longest register to pin delay is 3.100 ns
        Info: 1: + IC(0.000 ns) + CELL(0.000 ns) = 0.000 ns; Loc. = LC_X1_Y7_N2; Fanout = 2; REG Node = 'tempQ[1]'
        Info: 2: + IC(0.778 ns) + CELL(2.322 ns) = 3.100 ns; Loc. = PIN_4; Fanout = 0; PIN Node = 'Q[1]'
        Info: Total cell delay = 2.322 ns ( 74.90 % )
        Info: Total interconnect delay = 0.778 ns ( 25.10 % )
Info: Quartus II Classic Timing Analyzer was successful. 0 errors, 1 warning
    Info: Peak virtual memory: 186 megabytes
    Info: Processing ended: Sat Sep 23 16:49:10 2017
    Info: Elapsed time: 00:00:01
    Info: Total CPU time (on all processors): 00:00:00


