Classic Timing Analyzer report for control
Sat Sep 23 16:20:56 2017
Quartus II Version 9.0 Build 132 02/25/2009 SJ Full Version


---------------------
; Table of Contents ;
---------------------
  1. Legal Notice
  2. Timing Analyzer Summary
  3. Timing Analyzer Settings
  4. Clock Settings Summary
  5. Parallel Compilation
  6. Clock Setup: 'CLK'
  7. tsu
  8. tco
  9. tpd
 10. th
 11. Timing Analyzer Messages



----------------
; Legal Notice ;
----------------
Copyright (C) 1991-2009 Altera Corporation
Your use of Altera Corporation's design tools, logic functions 
and other software and tools, and its AMPP partner logic 
functions, and any output files from any of the foregoing 
(including device programming or simulation files), and any 
associated documentation or information are expressly subject 
to the terms and conditions of the Altera Program License 
Subscription Agreement, Altera MegaCore Function License 
Agreement, or other applicable license agreement, including, 
without limitation, that your use is for the sole purpose of 
programming logic devices manufactured by Altera and sold by 
Altera or its authorized distributors.  Please refer to the 
applicable agreement for further details.



+-------------------------------------------------------------------------------------------------------------------------------------------------------------+
; Timing Analyzer Summary                                                                                                                                     ;
+------------------------------+-------+---------------+----------------------------------+-----------+----------------+------------+----------+--------------+
; Type                         ; Slack ; Required Time ; Actual Time                      ; From      ; To             ; From Clock ; To Clock ; Failed Paths ;
+------------------------------+-------+---------------+----------------------------------+-----------+----------------+------------+----------+--------------+
; Worst-case tsu               ; N/A   ; None          ; 4.942 ns                         ; RST       ; EWunit[3]~reg0 ; --         ; CLK      ; 0            ;
; Worst-case tco               ; N/A   ; None          ; 11.151 ns                        ; light[2]  ; EWR            ; CLK        ; --       ; 0            ;
; Worst-case tpd               ; N/A   ; None          ; 8.712 ns                         ; CLK       ; EWR            ; --         ; --       ; 0            ;
; Worst-case th                ; N/A   ; None          ; -2.526 ns                        ; Rflash    ; NStime[1]      ; --         ; CLK      ; 0            ;
; Clock Setup: 'CLK'           ; N/A   ; None          ; 35.51 MHz ( period = 28.163 ns ) ; EWtime[4] ; EWunit[2]~reg0 ; CLK        ; CLK      ; 0            ;
; Total number of failed paths ;       ;               ;                                  ;           ;                ;            ;          ; 0            ;
+------------------------------+-------+---------------+----------------------------------+-----------+----------------+------------+----------+--------------+


+--------------------------------------------------------------------------------------------------------------------+
; Timing Analyzer Settings                                                                                           ;
+---------------------------------------------------------------------+--------------------+------+----+-------------+
; Option                                                              ; Setting            ; From ; To ; Entity Name ;
+---------------------------------------------------------------------+--------------------+------+----+-------------+
; Device Name                                                         ; EPM570T100C5       ;      ;    ;             ;
; Timing Models                                                       ; Final              ;      ;    ;             ;
; Default hold multicycle                                             ; Same as Multicycle ;      ;    ;             ;
; Cut paths between unrelated clock domains                           ; On                 ;      ;    ;             ;
; Cut off read during write signal paths                              ; On                 ;      ;    ;             ;
; Cut off feedback from I/O pins                                      ; On                 ;      ;    ;             ;
; Report Combined Fast/Slow Timing                                    ; Off                ;      ;    ;             ;
; Ignore Clock Settings                                               ; Off                ;      ;    ;             ;
; Analyze latches as synchronous elements                             ; On                 ;      ;    ;             ;
; Enable Recovery/Removal analysis                                    ; Off                ;      ;    ;             ;
; Enable Clock Latency                                                ; Off                ;      ;    ;             ;
; Use TimeQuest Timing Analyzer                                       ; Off                ;      ;    ;             ;
; Minimum Core Junction Temperature                                   ; 0                  ;      ;    ;             ;
; Maximum Core Junction Temperature                                   ; 85                 ;      ;    ;             ;
; Number of source nodes to report per destination node               ; 10                 ;      ;    ;             ;
; Number of destination nodes to report                               ; 10                 ;      ;    ;             ;
; Number of paths to report                                           ; 200                ;      ;    ;             ;
; Report Minimum Timing Checks                                        ; Off                ;      ;    ;             ;
; Use Fast Timing Models                                              ; Off                ;      ;    ;             ;
; Report IO Paths Separately                                          ; Off                ;      ;    ;             ;
; Perform Multicorner Analysis                                        ; Off                ;      ;    ;             ;
; Reports the worst-case path for each clock domain and analysis      ; Off                ;      ;    ;             ;
; Removes common clock path pessimism (CCPP) during slack computation ; Off                ;      ;    ;             ;
; Output I/O Timing Endpoint                                          ; Near End           ;      ;    ;             ;
+---------------------------------------------------------------------+--------------------+------+----+-------------+


+------------------------------------------------------------------------------------------------------------------------------------------------------------------------------------+
; Clock Settings Summary                                                                                                                                                             ;
+-----------------+--------------------+----------+------------------+---------------+--------------+----------+-----------------------+---------------------+--------+--------------+
; Clock Node Name ; Clock Setting Name ; Type     ; Fmax Requirement ; Early Latency ; Late Latency ; Based on ; Multiply Base Fmax by ; Divide Base Fmax by ; Offset ; Phase offset ;
+-----------------+--------------------+----------+------------------+---------------+--------------+----------+-----------------------+---------------------+--------+--------------+
; CLK             ;                    ; User Pin ; None             ; 0.000 ns      ; 0.000 ns     ; --       ; N/A                   ; N/A                 ; N/A    ;              ;
+-----------------+--------------------+----------+------------------+---------------+--------------+----------+-----------------------+---------------------+--------+--------------+


+------------------------------------------+
; Parallel Compilation                     ;
+----------------------------+-------------+
; Processors                 ; Number      ;
+----------------------------+-------------+
; Number detected on machine ; 2           ;
; Maximum allowed            ; 2           ;
;                            ;             ;
; Average used               ; 1.00        ;
; Maximum used               ; 1           ;
;                            ;             ;
; Usage by Processor         ; % Time Used ;
;     1 processor            ; 100.0%      ;
;     2 processors           ;   0.0%      ;
+----------------------------+-------------+


+------------------------------------------------------------------------------------------------------------------------------------------------------------------------------------------------------------------------------------------+
; Clock Setup: 'CLK'                                                                                                                                                                                                                       ;
+-----------------------------------------+-----------------------------------------------------+-----------+------------------+------------+----------+-----------------------------+---------------------------+-------------------------+
; Slack                                   ; Actual fmax (period)                                ; From      ; To               ; From Clock ; To Clock ; Required Setup Relationship ; Required Longest P2P Time ; Actual Longest P2P Time ;
+-----------------------------------------+-----------------------------------------------------+-----------+------------------+------------+----------+-----------------------------+---------------------------+-------------------------+
; N/A                                     ; 35.51 MHz ( period = 28.163 ns )                    ; EWtime[4] ; EWunit[2]~reg0   ; CLK        ; CLK      ; None                        ; None                      ; 27.454 ns               ;
; N/A                                     ; 35.52 MHz ( period = 28.156 ns )                    ; EWtime[4] ; EWunit[3]~reg0   ; CLK        ; CLK      ; None                        ; None                      ; 27.447 ns               ;
; N/A                                     ; 36.41 MHz ( period = 27.462 ns )                    ; EWtime[4] ; EWunit[1]~reg0   ; CLK        ; CLK      ; None                        ; None                      ; 26.753 ns               ;
; N/A                                     ; 36.80 MHz ( period = 27.172 ns )                    ; NStime[4] ; NSunit[2]~reg0   ; CLK        ; CLK      ; None                        ; None                      ; 26.463 ns               ;
; N/A                                     ; 36.81 MHz ( period = 27.165 ns )                    ; NStime[4] ; NSunit[1]~reg0   ; CLK        ; CLK      ; None                        ; None                      ; 26.456 ns               ;
; N/A                                     ; 37.12 MHz ( period = 26.942 ns )                    ; EWtime[4] ; EWdecade[0]~reg0 ; CLK        ; CLK      ; None                        ; None                      ; 26.233 ns               ;
; N/A                                     ; 37.55 MHz ( period = 26.630 ns )                    ; NStime[4] ; NSunit[3]~reg0   ; CLK        ; CLK      ; None                        ; None                      ; 25.921 ns               ;
; N/A                                     ; 37.81 MHz ( period = 26.451 ns )                    ; NStime[4] ; NSdecade[0]~reg0 ; CLK        ; CLK      ; None                        ; None                      ; 25.742 ns               ;
; N/A                                     ; 39.69 MHz ( period = 25.196 ns )                    ; EWtime[3] ; EWunit[2]~reg0   ; CLK        ; CLK      ; None                        ; None                      ; 24.487 ns               ;
; N/A                                     ; 39.70 MHz ( period = 25.189 ns )                    ; EWtime[3] ; EWunit[3]~reg0   ; CLK        ; CLK      ; None                        ; None                      ; 24.480 ns               ;
; N/A                                     ; 40.11 MHz ( period = 24.931 ns )                    ; NStime[6] ; NSunit[2]~reg0   ; CLK        ; CLK      ; None                        ; None                      ; 24.222 ns               ;
; N/A                                     ; 40.12 MHz ( period = 24.924 ns )                    ; NStime[6] ; NSunit[1]~reg0   ; CLK        ; CLK      ; None                        ; None                      ; 24.215 ns               ;
; N/A                                     ; 40.82 MHz ( period = 24.495 ns )                    ; EWtime[3] ; EWunit[1]~reg0   ; CLK        ; CLK      ; None                        ; None                      ; 23.786 ns               ;
; N/A                                     ; 41.00 MHz ( period = 24.389 ns )                    ; NStime[6] ; NSunit[3]~reg0   ; CLK        ; CLK      ; None                        ; None                      ; 23.680 ns               ;
; N/A                                     ; 41.25 MHz ( period = 24.244 ns )                    ; NStime[5] ; NSunit[2]~reg0   ; CLK        ; CLK      ; None                        ; None                      ; 23.535 ns               ;
; N/A                                     ; 41.26 MHz ( period = 24.237 ns )                    ; NStime[5] ; NSunit[1]~reg0   ; CLK        ; CLK      ; None                        ; None                      ; 23.528 ns               ;
; N/A                                     ; 41.59 MHz ( period = 24.047 ns )                    ; EWtime[5] ; EWunit[2]~reg0   ; CLK        ; CLK      ; None                        ; None                      ; 23.338 ns               ;
; N/A                                     ; 41.60 MHz ( period = 24.040 ns )                    ; EWtime[5] ; EWunit[3]~reg0   ; CLK        ; CLK      ; None                        ; None                      ; 23.331 ns               ;
; N/A                                     ; 41.82 MHz ( period = 23.912 ns )                    ; NStime[3] ; NSunit[2]~reg0   ; CLK        ; CLK      ; None                        ; None                      ; 23.203 ns               ;
; N/A                                     ; 41.83 MHz ( period = 23.905 ns )                    ; NStime[3] ; NSunit[1]~reg0   ; CLK        ; CLK      ; None                        ; None                      ; 23.196 ns               ;
; N/A                                     ; 42.02 MHz ( period = 23.797 ns )                    ; EWtime[3] ; EWdecade[0]~reg0 ; CLK        ; CLK      ; None                        ; None                      ; 23.088 ns               ;
; N/A                                     ; 42.11 MHz ( period = 23.745 ns )                    ; NStime[3] ; NSdecade[0]~reg0 ; CLK        ; CLK      ; None                        ; None                      ; 23.036 ns               ;
; N/A                                     ; 42.18 MHz ( period = 23.708 ns )                    ; EWtime[6] ; EWunit[2]~reg0   ; CLK        ; CLK      ; None                        ; None                      ; 22.999 ns               ;
; N/A                                     ; 42.19 MHz ( period = 23.702 ns )                    ; NStime[5] ; NSunit[3]~reg0   ; CLK        ; CLK      ; None                        ; None                      ; 22.993 ns               ;
; N/A                                     ; 42.19 MHz ( period = 23.701 ns )                    ; EWtime[6] ; EWunit[3]~reg0   ; CLK        ; CLK      ; None                        ; None                      ; 22.992 ns               ;
; N/A                                     ; 42.79 MHz ( period = 23.370 ns )                    ; NStime[3] ; NSunit[3]~reg0   ; CLK        ; CLK      ; None                        ; None                      ; 22.661 ns               ;
; N/A                                     ; 42.83 MHz ( period = 23.346 ns )                    ; EWtime[5] ; EWunit[1]~reg0   ; CLK        ; CLK      ; None                        ; None                      ; 22.637 ns               ;
; N/A                                     ; 43.41 MHz ( period = 23.034 ns )                    ; NStime[6] ; NSdecade[0]~reg0 ; CLK        ; CLK      ; None                        ; None                      ; 22.325 ns               ;
; N/A                                     ; 43.47 MHz ( period = 23.007 ns )                    ; EWtime[6] ; EWunit[1]~reg0   ; CLK        ; CLK      ; None                        ; None                      ; 22.298 ns               ;
; N/A                                     ; 43.84 MHz ( period = 22.809 ns )                    ; NStime[5] ; NSdecade[0]~reg0 ; CLK        ; CLK      ; None                        ; None                      ; 22.100 ns               ;
; N/A                                     ; 44.10 MHz ( period = 22.677 ns )                    ; EWtime[5] ; EWdecade[0]~reg0 ; CLK        ; CLK      ; None                        ; None                      ; 21.968 ns               ;
; N/A                                     ; 45.23 MHz ( period = 22.108 ns )                    ; EWtime[6] ; EWdecade[0]~reg0 ; CLK        ; CLK      ; None                        ; None                      ; 21.399 ns               ;
; N/A                                     ; 47.47 MHz ( period = 21.067 ns )                    ; NStime[2] ; NSdecade[0]~reg0 ; CLK        ; CLK      ; None                        ; None                      ; 20.358 ns               ;
; N/A                                     ; 47.71 MHz ( period = 20.960 ns )                    ; EWtime[4] ; EWdecade[1]~reg0 ; CLK        ; CLK      ; None                        ; None                      ; 20.251 ns               ;
; N/A                                     ; 48.43 MHz ( period = 20.648 ns )                    ; NStime[4] ; NSdecade[1]~reg0 ; CLK        ; CLK      ; None                        ; None                      ; 19.939 ns               ;
; N/A                                     ; 49.79 MHz ( period = 20.085 ns )                    ; EWtime[2] ; EWdecade[0]~reg0 ; CLK        ; CLK      ; None                        ; None                      ; 19.376 ns               ;
; N/A                                     ; 51.36 MHz ( period = 19.470 ns )                    ; EWtime[3] ; NStime[4]        ; CLK        ; CLK      ; None                        ; None                      ; 18.761 ns               ;
; N/A                                     ; 51.79 MHz ( period = 19.308 ns )                    ; EWtime[2] ; EWunit[2]~reg0   ; CLK        ; CLK      ; None                        ; None                      ; 18.599 ns               ;
; N/A                                     ; 51.81 MHz ( period = 19.301 ns )                    ; EWtime[2] ; EWunit[3]~reg0   ; CLK        ; CLK      ; None                        ; None                      ; 18.592 ns               ;
; N/A                                     ; 51.93 MHz ( period = 19.257 ns )                    ; EWtime[3] ; EWtime[4]        ; CLK        ; CLK      ; None                        ; None                      ; 18.548 ns               ;
; N/A                                     ; 52.72 MHz ( period = 18.967 ns )                    ; EWtime[3] ; EWtime[0]        ; CLK        ; CLK      ; None                        ; None                      ; 18.258 ns               ;
; N/A                                     ; 53.10 MHz ( period = 18.831 ns )                    ; NStime[2] ; NSunit[2]~reg0   ; CLK        ; CLK      ; None                        ; None                      ; 18.122 ns               ;
; N/A                                     ; 53.12 MHz ( period = 18.824 ns )                    ; NStime[2] ; NSunit[1]~reg0   ; CLK        ; CLK      ; None                        ; None                      ; 18.115 ns               ;
; N/A                                     ; 53.74 MHz ( period = 18.607 ns )                    ; EWtime[2] ; EWunit[1]~reg0   ; CLK        ; CLK      ; None                        ; None                      ; 17.898 ns               ;
; N/A                                     ; 54.68 MHz ( period = 18.289 ns )                    ; NStime[2] ; NSunit[3]~reg0   ; CLK        ; CLK      ; None                        ; None                      ; 17.580 ns               ;
; N/A                                     ; 54.68 MHz ( period = 18.287 ns )                    ; EWtime[2] ; NStime[4]        ; CLK        ; CLK      ; None                        ; None                      ; 17.578 ns               ;
; N/A                                     ; 54.88 MHz ( period = 18.223 ns )                    ; NStime[3] ; NStime[4]        ; CLK        ; CLK      ; None                        ; None                      ; 17.514 ns               ;
; N/A                                     ; 55.06 MHz ( period = 18.161 ns )                    ; EWtime[3] ; NStime[3]        ; CLK        ; CLK      ; None                        ; None                      ; 17.452 ns               ;
; N/A                                     ; 55.33 MHz ( period = 18.074 ns )                    ; EWtime[2] ; EWtime[4]        ; CLK        ; CLK      ; None                        ; None                      ; 17.365 ns               ;
; N/A                                     ; 55.52 MHz ( period = 18.010 ns )                    ; NStime[3] ; EWtime[4]        ; CLK        ; CLK      ; None                        ; None                      ; 17.301 ns               ;
; N/A                                     ; 55.64 MHz ( period = 17.974 ns )                    ; EWtime[3] ; NStime[2]        ; CLK        ; CLK      ; None                        ; None                      ; 17.265 ns               ;
; N/A                                     ; 55.74 MHz ( period = 17.942 ns )                    ; NStime[3] ; NSdecade[1]~reg0 ; CLK        ; CLK      ; None                        ; None                      ; 17.233 ns               ;
; N/A                                     ; 55.75 MHz ( period = 17.936 ns )                    ; EWtime[4] ; NStime[4]        ; CLK        ; CLK      ; None                        ; None                      ; 17.227 ns               ;
; N/A                                     ; 56.13 MHz ( period = 17.815 ns )                    ; EWtime[3] ; EWdecade[1]~reg0 ; CLK        ; CLK      ; None                        ; None                      ; 17.106 ns               ;
; N/A                                     ; 56.23 MHz ( period = 17.784 ns )                    ; EWtime[2] ; EWtime[0]        ; CLK        ; CLK      ; None                        ; None                      ; 17.075 ns               ;
; N/A                                     ; 56.42 MHz ( period = 17.723 ns )                    ; EWtime[4] ; EWtime[4]        ; CLK        ; CLK      ; None                        ; None                      ; 17.014 ns               ;
; N/A                                     ; 56.43 MHz ( period = 17.720 ns )                    ; NStime[3] ; EWtime[0]        ; CLK        ; CLK      ; None                        ; None                      ; 17.011 ns               ;
; N/A                                     ; 57.08 MHz ( period = 17.519 ns )                    ; EWtime[3] ; EWtime[3]        ; CLK        ; CLK      ; None                        ; None                      ; 16.810 ns               ;
; N/A                                     ; 57.36 MHz ( period = 17.433 ns )                    ; EWtime[4] ; EWtime[0]        ; CLK        ; CLK      ; None                        ; None                      ; 16.724 ns               ;
; N/A                                     ; 58.00 MHz ( period = 17.240 ns )                    ; NStime[4] ; NStime[4]        ; CLK        ; CLK      ; None                        ; None                      ; 16.531 ns               ;
; N/A                                     ; 58.03 MHz ( period = 17.231 ns )                    ; NStime[6] ; NSdecade[1]~reg0 ; CLK        ; CLK      ; None                        ; None                      ; 16.522 ns               ;
; N/A                                     ; 58.10 MHz ( period = 17.211 ns )                    ; EWtime[3] ; EWtime[2]        ; CLK        ; CLK      ; None                        ; None                      ; 16.502 ns               ;
; N/A                                     ; 58.18 MHz ( period = 17.188 ns )                    ; NStime[2] ; NStime[4]        ; CLK        ; CLK      ; None                        ; None                      ; 16.479 ns               ;
; N/A                                     ; 58.73 MHz ( period = 17.027 ns )                    ; NStime[4] ; EWtime[4]        ; CLK        ; CLK      ; None                        ; None                      ; 16.318 ns               ;
; N/A                                     ; 58.80 MHz ( period = 17.006 ns )                    ; NStime[5] ; NSdecade[1]~reg0 ; CLK        ; CLK      ; None                        ; None                      ; 16.297 ns               ;
; N/A                                     ; 58.90 MHz ( period = 16.978 ns )                    ; EWtime[2] ; NStime[3]        ; CLK        ; CLK      ; None                        ; None                      ; 16.269 ns               ;
; N/A                                     ; 58.91 MHz ( period = 16.975 ns )                    ; NStime[2] ; EWtime[4]        ; CLK        ; CLK      ; None                        ; None                      ; 16.266 ns               ;
; N/A                                     ; 58.99 MHz ( period = 16.953 ns )                    ; EWtime[5] ; NStime[4]        ; CLK        ; CLK      ; None                        ; None                      ; 16.244 ns               ;
; N/A                                     ; 59.12 MHz ( period = 16.914 ns )                    ; NStime[3] ; NStime[3]        ; CLK        ; CLK      ; None                        ; None                      ; 16.205 ns               ;
; N/A                                     ; 59.56 MHz ( period = 16.791 ns )                    ; EWtime[2] ; NStime[2]        ; CLK        ; CLK      ; None                        ; None                      ; 16.082 ns               ;
; N/A                                     ; 59.72 MHz ( period = 16.744 ns )                    ; EWtime[3] ; NStime[1]        ; CLK        ; CLK      ; None                        ; None                      ; 16.035 ns               ;
; N/A                                     ; 59.74 MHz ( period = 16.740 ns )                    ; EWtime[5] ; EWtime[4]        ; CLK        ; CLK      ; None                        ; None                      ; 16.031 ns               ;
; N/A                                     ; 59.75 MHz ( period = 16.737 ns )                    ; NStime[4] ; EWtime[0]        ; CLK        ; CLK      ; None                        ; None                      ; 16.028 ns               ;
; N/A                                     ; 59.78 MHz ( period = 16.727 ns )                    ; NStime[3] ; NStime[2]        ; CLK        ; CLK      ; None                        ; None                      ; 16.018 ns               ;
; N/A                                     ; 59.81 MHz ( period = 16.719 ns )                    ; EWtime[3] ; state[0]         ; CLK        ; CLK      ; None                        ; None                      ; 16.010 ns               ;
; N/A                                     ; 59.86 MHz ( period = 16.705 ns )                    ; NStime[1] ; NStime[4]        ; CLK        ; CLK      ; None                        ; None                      ; 15.996 ns               ;
; N/A                                     ; 59.90 MHz ( period = 16.695 ns )                    ; EWtime[5] ; EWdecade[1]~reg0 ; CLK        ; CLK      ; None                        ; None                      ; 15.986 ns               ;
; N/A                                     ; 59.93 MHz ( period = 16.685 ns )                    ; NStime[2] ; EWtime[0]        ; CLK        ; CLK      ; None                        ; None                      ; 15.976 ns               ;
; N/A                                     ; 59.95 MHz ( period = 16.681 ns )                    ; NStime[1] ; NStime[1]        ; CLK        ; CLK      ; None                        ; None                      ; 15.972 ns               ;
; N/A                                     ; 60.14 MHz ( period = 16.627 ns )                    ; EWtime[4] ; NStime[3]        ; CLK        ; CLK      ; None                        ; None                      ; 15.918 ns               ;
; N/A                                     ; 60.64 MHz ( period = 16.492 ns )                    ; NStime[1] ; EWtime[4]        ; CLK        ; CLK      ; None                        ; None                      ; 15.783 ns               ;
; N/A                                     ; 60.79 MHz ( period = 16.450 ns )                    ; EWtime[5] ; EWtime[0]        ; CLK        ; CLK      ; None                        ; None                      ; 15.741 ns               ;
; N/A                                     ; 60.83 MHz ( period = 16.440 ns )                    ; EWtime[4] ; NStime[2]        ; CLK        ; CLK      ; None                        ; None                      ; 15.731 ns               ;
; N/A                                     ; 61.21 MHz ( period = 16.336 ns )                    ; EWtime[2] ; EWtime[3]        ; CLK        ; CLK      ; None                        ; None                      ; 15.627 ns               ;
; N/A                                     ; 61.46 MHz ( period = 16.272 ns )                    ; NStime[3] ; EWtime[3]        ; CLK        ; CLK      ; None                        ; None                      ; 15.563 ns               ;
; N/A                                     ; 61.63 MHz ( period = 16.227 ns )                    ; EWtime[4] ; EWdecade[2]~reg0 ; CLK        ; CLK      ; None                        ; None                      ; 15.518 ns               ;
; N/A                                     ; 61.72 MHz ( period = 16.202 ns )                    ; NStime[1] ; EWtime[0]        ; CLK        ; CLK      ; None                        ; None                      ; 15.493 ns               ;
; N/A                                     ; 61.89 MHz ( period = 16.159 ns )                    ; NStime[5] ; NStime[4]        ; CLK        ; CLK      ; None                        ; None                      ; 15.450 ns               ;
; N/A                                     ; 62.01 MHz ( period = 16.126 ns )                    ; EWtime[6] ; EWdecade[1]~reg0 ; CLK        ; CLK      ; None                        ; None                      ; 15.417 ns               ;
; N/A                                     ; 62.36 MHz ( period = 16.035 ns )                    ; EWtime[3] ; NStime[0]        ; CLK        ; CLK      ; None                        ; None                      ; 15.326 ns               ;
; N/A                                     ; 62.39 MHz ( period = 16.028 ns )                    ; EWtime[2] ; EWtime[2]        ; CLK        ; CLK      ; None                        ; None                      ; 15.319 ns               ;
; N/A                                     ; 62.56 MHz ( period = 15.985 ns )                    ; EWtime[4] ; EWtime[3]        ; CLK        ; CLK      ; None                        ; None                      ; 15.276 ns               ;
; N/A                                     ; 62.64 MHz ( period = 15.964 ns )                    ; NStime[3] ; EWtime[2]        ; CLK        ; CLK      ; None                        ; None                      ; 15.255 ns               ;
; N/A                                     ; 62.71 MHz ( period = 15.946 ns )                    ; NStime[5] ; EWtime[4]        ; CLK        ; CLK      ; None                        ; None                      ; 15.237 ns               ;
; N/A                                     ; 62.75 MHz ( period = 15.935 ns )                    ; EWtime[3] ; NStime[6]        ; CLK        ; CLK      ; None                        ; None                      ; 15.226 ns               ;
; N/A                                     ; 62.77 MHz ( period = 15.931 ns )                    ; NStime[4] ; NStime[3]        ; CLK        ; CLK      ; None                        ; None                      ; 15.222 ns               ;
; N/A                                     ; 62.98 MHz ( period = 15.879 ns )                    ; NStime[2] ; NStime[3]        ; CLK        ; CLK      ; None                        ; None                      ; 15.170 ns               ;
; N/A                                     ; 63.14 MHz ( period = 15.837 ns )                    ; EWtime[3] ; EWtime[1]        ; CLK        ; CLK      ; None                        ; None                      ; 15.128 ns               ;
; N/A                                     ; 63.52 MHz ( period = 15.744 ns )                    ; NStime[4] ; NStime[2]        ; CLK        ; CLK      ; None                        ; None                      ; 15.035 ns               ;
; N/A                                     ; 63.73 MHz ( period = 15.692 ns )                    ; NStime[2] ; NStime[2]        ; CLK        ; CLK      ; None                        ; None                      ; 14.983 ns               ;
; N/A                                     ; 63.79 MHz ( period = 15.677 ns )                    ; EWtime[4] ; EWtime[2]        ; CLK        ; CLK      ; None                        ; None                      ; 14.968 ns               ;
; N/A                                     ; 63.87 MHz ( period = 15.656 ns )                    ; NStime[5] ; EWtime[0]        ; CLK        ; CLK      ; None                        ; None                      ; 14.947 ns               ;
; N/A                                     ; 63.92 MHz ( period = 15.644 ns )                    ; EWtime[5] ; NStime[3]        ; CLK        ; CLK      ; None                        ; None                      ; 14.935 ns               ;
; N/A                                     ; 63.98 MHz ( period = 15.630 ns )                    ; EWtime[3] ; EWtime[5]        ; CLK        ; CLK      ; None                        ; None                      ; 14.921 ns               ;
; N/A                                     ; 63.99 MHz ( period = 15.628 ns )                    ; EWtime[3] ; EWtime[6]        ; CLK        ; CLK      ; None                        ; None                      ; 14.919 ns               ;
; N/A                                     ; 64.03 MHz ( period = 15.618 ns )                    ; EWtime[3] ; NStime[5]        ; CLK        ; CLK      ; None                        ; None                      ; 14.909 ns               ;
; N/A                                     ; 64.26 MHz ( period = 15.561 ns )                    ; EWtime[2] ; NStime[1]        ; CLK        ; CLK      ; None                        ; None                      ; 14.852 ns               ;
; N/A                                     ; 64.37 MHz ( period = 15.536 ns )                    ; EWtime[2] ; state[0]         ; CLK        ; CLK      ; None                        ; None                      ; 14.827 ns               ;
; N/A                                     ; 64.70 MHz ( period = 15.457 ns )                    ; EWtime[5] ; NStime[2]        ; CLK        ; CLK      ; None                        ; None                      ; 14.748 ns               ;
; N/A                                     ; 64.95 MHz ( period = 15.396 ns )                    ; NStime[1] ; NStime[3]        ; CLK        ; CLK      ; None                        ; None                      ; 14.687 ns               ;
; N/A                                     ; 65.24 MHz ( period = 15.327 ns )                    ; NStime[6] ; NStime[4]        ; CLK        ; CLK      ; None                        ; None                      ; 14.618 ns               ;
; N/A                                     ; 65.41 MHz ( period = 15.289 ns )                    ; NStime[4] ; EWtime[3]        ; CLK        ; CLK      ; None                        ; None                      ; 14.580 ns               ;
; N/A                                     ; 65.51 MHz ( period = 15.264 ns )                    ; NStime[2] ; NSdecade[1]~reg0 ; CLK        ; CLK      ; None                        ; None                      ; 14.555 ns               ;
; N/A                                     ; 65.63 MHz ( period = 15.237 ns )                    ; NStime[2] ; EWtime[3]        ; CLK        ; CLK      ; None                        ; None                      ; 14.528 ns               ;
; N/A                                     ; 65.66 MHz ( period = 15.230 ns )                    ; EWtime[3] ; state[1]         ; CLK        ; CLK      ; None                        ; None                      ; 14.521 ns               ;
; N/A                                     ; 65.75 MHz ( period = 15.210 ns )                    ; EWtime[4] ; NStime[1]        ; CLK        ; CLK      ; None                        ; None                      ; 14.501 ns               ;
; N/A                                     ; 65.75 MHz ( period = 15.209 ns )                    ; NStime[1] ; NStime[2]        ; CLK        ; CLK      ; None                        ; None                      ; 14.500 ns               ;
; N/A                                     ; 65.80 MHz ( period = 15.198 ns )                    ; EWtime[3] ; light[1]         ; CLK        ; CLK      ; None                        ; None                      ; 14.489 ns               ;
; N/A                                     ; 65.85 MHz ( period = 15.185 ns )                    ; EWtime[4] ; state[0]         ; CLK        ; CLK      ; None                        ; None                      ; 14.476 ns               ;
; N/A                                     ; 65.93 MHz ( period = 15.168 ns )                    ; NStime[4] ; NSdecade[2]~reg0 ; CLK        ; CLK      ; None                        ; None                      ; 14.459 ns               ;
; N/A                                     ; 66.16 MHz ( period = 15.114 ns )                    ; NStime[6] ; EWtime[4]        ; CLK        ; CLK      ; None                        ; None                      ; 14.405 ns               ;
; N/A                                     ; 66.66 MHz ( period = 15.002 ns )                    ; EWtime[5] ; EWtime[3]        ; CLK        ; CLK      ; None                        ; None                      ; 14.293 ns               ;
; N/A                                     ; 66.75 MHz ( period = 14.981 ns )                    ; NStime[4] ; EWtime[2]        ; CLK        ; CLK      ; None                        ; None                      ; 14.272 ns               ;
; N/A                                     ; 66.98 MHz ( period = 14.929 ns )                    ; NStime[2] ; EWtime[2]        ; CLK        ; CLK      ; None                        ; None                      ; 14.220 ns               ;
; N/A                                     ; 67.22 MHz ( period = 14.877 ns )                    ; EWtime[6] ; NStime[4]        ; CLK        ; CLK      ; None                        ; None                      ; 14.168 ns               ;
; N/A                                     ; 67.33 MHz ( period = 14.852 ns )                    ; EWtime[2] ; NStime[0]        ; CLK        ; CLK      ; None                        ; None                      ; 14.143 ns               ;
; N/A                                     ; 67.34 MHz ( period = 14.850 ns )                    ; NStime[5] ; NStime[3]        ; CLK        ; CLK      ; None                        ; None                      ; 14.141 ns               ;
; N/A                                     ; 67.41 MHz ( period = 14.835 ns )                    ; NStime[3] ; state[0]         ; CLK        ; CLK      ; None                        ; None                      ; 14.126 ns               ;
; N/A                                     ; 67.46 MHz ( period = 14.824 ns )                    ; NStime[6] ; EWtime[0]        ; CLK        ; CLK      ; None                        ; None                      ; 14.115 ns               ;
; N/A                                     ; 67.62 MHz ( period = 14.788 ns )                    ; NStime[3] ; NStime[0]        ; CLK        ; CLK      ; None                        ; None                      ; 14.079 ns               ;
; N/A                                     ; 67.78 MHz ( period = 14.754 ns )                    ; NStime[1] ; EWtime[3]        ; CLK        ; CLK      ; None                        ; None                      ; 14.045 ns               ;
; N/A                                     ; 67.79 MHz ( period = 14.752 ns )                    ; EWtime[2] ; NStime[6]        ; CLK        ; CLK      ; None                        ; None                      ; 14.043 ns               ;
; N/A                                     ; 68.05 MHz ( period = 14.694 ns )                    ; EWtime[5] ; EWtime[2]        ; CLK        ; CLK      ; None                        ; None                      ; 13.985 ns               ;
; N/A                                     ; 68.08 MHz ( period = 14.688 ns )                    ; NStime[3] ; NStime[6]        ; CLK        ; CLK      ; None                        ; None                      ; 13.979 ns               ;
; N/A                                     ; 68.19 MHz ( period = 14.664 ns )                    ; EWtime[6] ; EWtime[4]        ; CLK        ; CLK      ; None                        ; None                      ; 13.955 ns               ;
; N/A                                     ; 68.20 MHz ( period = 14.663 ns )                    ; NStime[5] ; NStime[2]        ; CLK        ; CLK      ; None                        ; None                      ; 13.954 ns               ;
; N/A                                     ; 68.24 MHz ( period = 14.654 ns )                    ; EWtime[2] ; EWtime[1]        ; CLK        ; CLK      ; None                        ; None                      ; 13.945 ns               ;
; N/A                                     ; 68.96 MHz ( period = 14.501 ns )                    ; EWtime[4] ; NStime[0]        ; CLK        ; CLK      ; None                        ; None                      ; 13.792 ns               ;
; N/A                                     ; 69.22 MHz ( period = 14.447 ns )                    ; EWtime[2] ; EWtime[5]        ; CLK        ; CLK      ; None                        ; None                      ; 13.738 ns               ;
; N/A                                     ; 69.22 MHz ( period = 14.446 ns )                    ; NStime[1] ; EWtime[2]        ; CLK        ; CLK      ; None                        ; None                      ; 13.737 ns               ;
; N/A                                     ; 69.23 MHz ( period = 14.445 ns )                    ; EWtime[2] ; EWtime[6]        ; CLK        ; CLK      ; None                        ; None                      ; 13.736 ns               ;
; N/A                                     ; 69.28 MHz ( period = 14.435 ns )                    ; EWtime[2] ; NStime[5]        ; CLK        ; CLK      ; None                        ; None                      ; 13.726 ns               ;
; N/A                                     ; 69.44 MHz ( period = 14.401 ns )                    ; EWtime[4] ; NStime[6]        ; CLK        ; CLK      ; None                        ; None                      ; 13.692 ns               ;
; N/A                                     ; 69.53 MHz ( period = 14.383 ns )                    ; NStime[3] ; EWtime[5]        ; CLK        ; CLK      ; None                        ; None                      ; 13.674 ns               ;
; N/A                                     ; 69.54 MHz ( period = 14.381 ns )                    ; NStime[3] ; EWtime[6]        ; CLK        ; CLK      ; None                        ; None                      ; 13.672 ns               ;
; N/A                                     ; 69.57 MHz ( period = 14.374 ns )                    ; EWtime[6] ; EWtime[0]        ; CLK        ; CLK      ; None                        ; None                      ; 13.665 ns               ;
; N/A                                     ; 69.58 MHz ( period = 14.371 ns )                    ; NStime[3] ; NStime[5]        ; CLK        ; CLK      ; None                        ; None                      ; 13.662 ns               ;
; N/A                                     ; 69.67 MHz ( period = 14.353 ns )                    ; NStime[3] ; NStime[1]        ; CLK        ; CLK      ; None                        ; None                      ; 13.644 ns               ;
; N/A                                     ; 69.92 MHz ( period = 14.303 ns )                    ; EWtime[4] ; EWtime[1]        ; CLK        ; CLK      ; None                        ; None                      ; 13.594 ns               ;
; N/A                                     ; 70.08 MHz ( period = 14.269 ns )                    ; NStime[2] ; NStime[1]        ; CLK        ; CLK      ; None                        ; None                      ; 13.560 ns               ;
; N/A                                     ; 70.29 MHz ( period = 14.227 ns )                    ; EWtime[5] ; NStime[1]        ; CLK        ; CLK      ; None                        ; None                      ; 13.518 ns               ;
; N/A                                     ; 70.38 MHz ( period = 14.208 ns )                    ; NStime[5] ; EWtime[3]        ; CLK        ; CLK      ; None                        ; None                      ; 13.499 ns               ;
; N/A                                     ; 70.41 MHz ( period = 14.202 ns )                    ; EWtime[5] ; state[0]         ; CLK        ; CLK      ; None                        ; None                      ; 13.493 ns               ;
; N/A                                     ; 70.91 MHz ( period = 14.103 ns )                    ; EWtime[2] ; EWdecade[1]~reg0 ; CLK        ; CLK      ; None                        ; None                      ; 13.394 ns               ;
; N/A                                     ; 70.94 MHz ( period = 14.096 ns )                    ; EWtime[4] ; EWtime[5]        ; CLK        ; CLK      ; None                        ; None                      ; 13.387 ns               ;
; N/A                                     ; 70.95 MHz ( period = 14.094 ns )                    ; EWtime[4] ; EWtime[6]        ; CLK        ; CLK      ; None                        ; None                      ; 13.385 ns               ;
; N/A                                     ; 71.00 MHz ( period = 14.084 ns )                    ; EWtime[4] ; NStime[5]        ; CLK        ; CLK      ; None                        ; None                      ; 13.375 ns               ;
; N/A                                     ; 71.17 MHz ( period = 14.051 ns )                    ; EWtime[3] ; light[2]         ; CLK        ; CLK      ; None                        ; None                      ; 13.342 ns               ;
; N/A                                     ; 71.19 MHz ( period = 14.047 ns )                    ; EWtime[2] ; state[1]         ; CLK        ; CLK      ; None                        ; None                      ; 13.338 ns               ;
; N/A                                     ; 71.34 MHz ( period = 14.018 ns )                    ; NStime[6] ; NStime[3]        ; CLK        ; CLK      ; None                        ; None                      ; 13.309 ns               ;
; N/A                                     ; 71.35 MHz ( period = 14.015 ns )                    ; EWtime[2] ; light[1]         ; CLK        ; CLK      ; None                        ; None                      ; 13.306 ns               ;
; N/A                                     ; 71.57 MHz ( period = 13.973 ns )                    ; NStime[1] ; NSunit[2]~reg0   ; CLK        ; CLK      ; None                        ; None                      ; 13.264 ns               ;
; N/A                                     ; 71.60 MHz ( period = 13.966 ns )                    ; NStime[1] ; NSunit[1]~reg0   ; CLK        ; CLK      ; None                        ; None                      ; 13.257 ns               ;
; N/A                                     ; 71.94 MHz ( period = 13.900 ns )                    ; NStime[5] ; EWtime[2]        ; CLK        ; CLK      ; None                        ; None                      ; 13.191 ns               ;
; N/A                                     ; 72.19 MHz ( period = 13.852 ns )                    ; NStime[4] ; state[0]         ; CLK        ; CLK      ; None                        ; None                      ; 13.143 ns               ;
; N/A                                     ; 72.30 MHz ( period = 13.831 ns )                    ; NStime[6] ; NStime[2]        ; CLK        ; CLK      ; None                        ; None                      ; 13.122 ns               ;
; N/A                                     ; 72.44 MHz ( period = 13.805 ns )                    ; NStime[4] ; NStime[0]        ; CLK        ; CLK      ; None                        ; None                      ; 13.096 ns               ;
; N/A                                     ; 72.46 MHz ( period = 13.800 ns )                    ; NStime[2] ; state[0]         ; CLK        ; CLK      ; None                        ; None                      ; 13.091 ns               ;
; N/A                                     ; 72.49 MHz ( period = 13.795 ns )                    ; NStime[1] ; NSunit[3]~reg0   ; CLK        ; CLK      ; None                        ; None                      ; 13.086 ns               ;
; N/A                                     ; 72.71 MHz ( period = 13.753 ns )                    ; NStime[2] ; NStime[0]        ; CLK        ; CLK      ; None                        ; None                      ; 13.044 ns               ;
; N/A                                     ; 72.97 MHz ( period = 13.705 ns )                    ; NStime[4] ; NStime[6]        ; CLK        ; CLK      ; None                        ; None                      ; 12.996 ns               ;
; N/A                                     ; 73.01 MHz ( period = 13.696 ns )                    ; EWtime[4] ; state[1]         ; CLK        ; CLK      ; None                        ; None                      ; 12.987 ns               ;
; N/A                                     ; 73.19 MHz ( period = 13.664 ns )                    ; EWtime[4] ; light[1]         ; CLK        ; CLK      ; None                        ; None                      ; 12.955 ns               ;
; N/A                                     ; 73.24 MHz ( period = 13.653 ns )                    ; NStime[2] ; NStime[6]        ; CLK        ; CLK      ; None                        ; None                      ; 12.944 ns               ;
; N/A                                     ; 73.70 MHz ( period = 13.568 ns )                    ; EWtime[6] ; NStime[3]        ; CLK        ; CLK      ; None                        ; None                      ; 12.859 ns               ;
; N/A                                     ; 73.98 MHz ( period = 13.518 ns )                    ; EWtime[5] ; NStime[0]        ; CLK        ; CLK      ; None                        ; None                      ; 12.809 ns               ;
; N/A                                     ; 74.10 MHz ( period = 13.496 ns )                    ; EWtime[3] ; light[5]         ; CLK        ; CLK      ; None                        ; None                      ; 12.787 ns               ;
; N/A                                     ; 74.53 MHz ( period = 13.418 ns )                    ; EWtime[5] ; NStime[6]        ; CLK        ; CLK      ; None                        ; None                      ; 12.709 ns               ;
; N/A                                     ; 74.63 MHz ( period = 13.400 ns )                    ; NStime[4] ; EWtime[5]        ; CLK        ; CLK      ; None                        ; None                      ; 12.691 ns               ;
; N/A                                     ; 74.64 MHz ( period = 13.398 ns )                    ; NStime[4] ; EWtime[6]        ; CLK        ; CLK      ; None                        ; None                      ; 12.689 ns               ;
; N/A                                     ; 74.69 MHz ( period = 13.388 ns )                    ; NStime[4] ; NStime[5]        ; CLK        ; CLK      ; None                        ; None                      ; 12.679 ns               ;
; N/A                                     ; 74.73 MHz ( period = 13.381 ns )                    ; EWtime[6] ; NStime[2]        ; CLK        ; CLK      ; None                        ; None                      ; 12.672 ns               ;
; N/A                                     ; 74.76 MHz ( period = 13.376 ns )                    ; NStime[6] ; EWtime[3]        ; CLK        ; CLK      ; None                        ; None                      ; 12.667 ns               ;
; N/A                                     ; 74.79 MHz ( period = 13.370 ns )                    ; NStime[4] ; NStime[1]        ; CLK        ; CLK      ; None                        ; None                      ; 12.661 ns               ;
; N/A                                     ; 74.92 MHz ( period = 13.348 ns )                    ; NStime[2] ; EWtime[5]        ; CLK        ; CLK      ; None                        ; None                      ; 12.639 ns               ;
; N/A                                     ; 74.93 MHz ( period = 13.346 ns )                    ; NStime[2] ; EWtime[6]        ; CLK        ; CLK      ; None                        ; None                      ; 12.637 ns               ;
; N/A                                     ; 74.99 MHz ( period = 13.336 ns )                    ; NStime[2] ; NStime[5]        ; CLK        ; CLK      ; None                        ; None                      ; 12.627 ns               ;
; N/A                                     ; 75.06 MHz ( period = 13.323 ns )                    ; EWtime[1] ; NStime[4]        ; CLK        ; CLK      ; None                        ; None                      ; 12.614 ns               ;
; N/A                                     ; 75.08 MHz ( period = 13.320 ns )                    ; EWtime[5] ; EWtime[1]        ; CLK        ; CLK      ; None                        ; None                      ; 12.611 ns               ;
; N/A                                     ; 75.09 MHz ( period = 13.317 ns )                    ; NStime[1] ; state[0]         ; CLK        ; CLK      ; None                        ; None                      ; 12.608 ns               ;
; N/A                                     ; 75.15 MHz ( period = 13.307 ns )                    ; EWtime[3] ; light[3]         ; CLK        ; CLK      ; None                        ; None                      ; 12.598 ns               ;
; N/A                                     ; 75.20 MHz ( period = 13.297 ns )                    ; NStime[0] ; NStime[4]        ; CLK        ; CLK      ; None                        ; None                      ; 12.588 ns               ;
; N/A                                     ; 75.23 MHz ( period = 13.293 ns )                    ; EWtime[0] ; NStime[4]        ; CLK        ; CLK      ; None                        ; None                      ; 12.584 ns               ;
; N/A                                     ; 75.36 MHz ( period = 13.270 ns )                    ; NStime[1] ; NStime[0]        ; CLK        ; CLK      ; None                        ; None                      ; 12.561 ns               ;
; N/A                                     ; 75.93 MHz ( period = 13.170 ns )                    ; NStime[1] ; NStime[6]        ; CLK        ; CLK      ; None                        ; None                      ; 12.461 ns               ;
; N/A                                     ; 76.26 MHz ( period = 13.113 ns )                    ; EWtime[5] ; EWtime[5]        ; CLK        ; CLK      ; None                        ; None                      ; 12.404 ns               ;
; N/A                                     ; 76.27 MHz ( period = 13.111 ns )                    ; EWtime[5] ; EWtime[6]        ; CLK        ; CLK      ; None                        ; None                      ; 12.402 ns               ;
; N/A                                     ; 76.28 MHz ( period = 13.110 ns )                    ; EWtime[1] ; EWtime[4]        ; CLK        ; CLK      ; None                        ; None                      ; 12.401 ns               ;
; N/A                                     ; 76.33 MHz ( period = 13.101 ns )                    ; EWtime[5] ; NStime[5]        ; CLK        ; CLK      ; None                        ; None                      ; 12.392 ns               ;
; N/A                                     ; 76.43 MHz ( period = 13.084 ns )                    ; NStime[0] ; EWtime[4]        ; CLK        ; CLK      ; None                        ; None                      ; 12.375 ns               ;
; Timing analysis restricted to 200 rows. ; To change the limit use Settings (Assignments menu) ;           ;                  ;            ;          ;                             ;                           ;                         ;
+-----------------------------------------+-----------------------------------------------------+-----------+------------------+------------+----------+-----------------------------+---------------------------+-------------------------+


+--------------------------------------------------------------------------+
; tsu                                                                      ;
+-------+--------------+------------+--------+------------------+----------+
; Slack ; Required tsu ; Actual tsu ; From   ; To               ; To Clock ;
+-------+--------------+------------+--------+------------------+----------+
; N/A   ; None         ; 4.942 ns   ; RST    ; EWunit[1]~reg0   ; CLK      ;
; N/A   ; None         ; 4.942 ns   ; RST    ; EWunit[2]~reg0   ; CLK      ;
; N/A   ; None         ; 4.942 ns   ; RST    ; EWunit[3]~reg0   ; CLK      ;
; N/A   ; None         ; 4.905 ns   ; RST    ; EWdecade[3]~reg0 ; CLK      ;
; N/A   ; None         ; 4.865 ns   ; Rflash ; EWunit[1]~reg0   ; CLK      ;
; N/A   ; None         ; 4.865 ns   ; Rflash ; EWunit[2]~reg0   ; CLK      ;
; N/A   ; None         ; 4.865 ns   ; Rflash ; EWunit[3]~reg0   ; CLK      ;
; N/A   ; None         ; 4.828 ns   ; Rflash ; EWdecade[3]~reg0 ; CLK      ;
; N/A   ; None         ; 4.715 ns   ; Yflash ; NStime[4]        ; CLK      ;
; N/A   ; None         ; 4.648 ns   ; Yflash ; EWunit[1]~reg0   ; CLK      ;
; N/A   ; None         ; 4.648 ns   ; Yflash ; EWunit[2]~reg0   ; CLK      ;
; N/A   ; None         ; 4.648 ns   ; Yflash ; EWunit[3]~reg0   ; CLK      ;
; N/A   ; None         ; 4.646 ns   ; Yflash ; NStime[2]        ; CLK      ;
; N/A   ; None         ; 4.619 ns   ; RST    ; NSunit[1]~reg0   ; CLK      ;
; N/A   ; None         ; 4.619 ns   ; RST    ; NSunit[2]~reg0   ; CLK      ;
; N/A   ; None         ; 4.619 ns   ; RST    ; NSunit[3]~reg0   ; CLK      ;
; N/A   ; None         ; 4.611 ns   ; Yflash ; EWdecade[3]~reg0 ; CLK      ;
; N/A   ; None         ; 4.572 ns   ; RST    ; EWunit[0]~reg0   ; CLK      ;
; N/A   ; None         ; 4.550 ns   ; Yflash ; NStime[0]        ; CLK      ;
; N/A   ; None         ; 4.542 ns   ; Rflash ; NSunit[1]~reg0   ; CLK      ;
; N/A   ; None         ; 4.542 ns   ; Rflash ; NSunit[2]~reg0   ; CLK      ;
; N/A   ; None         ; 4.542 ns   ; Rflash ; NSunit[3]~reg0   ; CLK      ;
; N/A   ; None         ; 4.535 ns   ; Yflash ; EWtime[3]        ; CLK      ;
; N/A   ; None         ; 4.535 ns   ; Yflash ; EWtime[2]        ; CLK      ;
; N/A   ; None         ; 4.535 ns   ; Yflash ; NStime[3]        ; CLK      ;
; N/A   ; None         ; 4.523 ns   ; RST    ; NSunit[0]~reg0   ; CLK      ;
; N/A   ; None         ; 4.495 ns   ; Rflash ; EWunit[0]~reg0   ; CLK      ;
; N/A   ; None         ; 4.478 ns   ; Yflash ; EWtime[4]        ; CLK      ;
; N/A   ; None         ; 4.446 ns   ; Rflash ; NSunit[0]~reg0   ; CLK      ;
; N/A   ; None         ; 4.409 ns   ; Rflash ; NStime[4]        ; CLK      ;
; N/A   ; None         ; 4.377 ns   ; Yflash ; NStime[1]        ; CLK      ;
; N/A   ; None         ; 4.340 ns   ; Rflash ; NStime[2]        ; CLK      ;
; N/A   ; None         ; 4.325 ns   ; Yflash ; NSunit[1]~reg0   ; CLK      ;
; N/A   ; None         ; 4.325 ns   ; Yflash ; NSunit[2]~reg0   ; CLK      ;
; N/A   ; None         ; 4.325 ns   ; Yflash ; NSunit[3]~reg0   ; CLK      ;
; N/A   ; None         ; 4.278 ns   ; Yflash ; EWunit[0]~reg0   ; CLK      ;
; N/A   ; None         ; 4.244 ns   ; Rflash ; NStime[0]        ; CLK      ;
; N/A   ; None         ; 4.229 ns   ; Rflash ; EWtime[3]        ; CLK      ;
; N/A   ; None         ; 4.229 ns   ; Rflash ; EWtime[2]        ; CLK      ;
; N/A   ; None         ; 4.229 ns   ; Rflash ; NStime[3]        ; CLK      ;
; N/A   ; None         ; 4.229 ns   ; Yflash ; NSunit[0]~reg0   ; CLK      ;
; N/A   ; None         ; 4.172 ns   ; Rflash ; EWtime[4]        ; CLK      ;
; N/A   ; None         ; 4.071 ns   ; Rflash ; NStime[1]        ; CLK      ;
; N/A   ; None         ; 4.059 ns   ; RST    ; EWdecade[1]~reg0 ; CLK      ;
; N/A   ; None         ; 4.056 ns   ; RST    ; EWdecade[2]~reg0 ; CLK      ;
; N/A   ; None         ; 4.022 ns   ; RST    ; NSdecade[3]~reg0 ; CLK      ;
; N/A   ; None         ; 4.021 ns   ; RST    ; EWdecade[0]~reg0 ; CLK      ;
; N/A   ; None         ; 4.014 ns   ; RST    ; NSdecade[2]~reg0 ; CLK      ;
; N/A   ; None         ; 3.982 ns   ; Rflash ; EWdecade[1]~reg0 ; CLK      ;
; N/A   ; None         ; 3.979 ns   ; Rflash ; EWdecade[2]~reg0 ; CLK      ;
; N/A   ; None         ; 3.953 ns   ; RST    ; NSdecade[0]~reg0 ; CLK      ;
; N/A   ; None         ; 3.945 ns   ; Rflash ; NSdecade[3]~reg0 ; CLK      ;
; N/A   ; None         ; 3.944 ns   ; Rflash ; EWdecade[0]~reg0 ; CLK      ;
; N/A   ; None         ; 3.937 ns   ; Rflash ; NSdecade[2]~reg0 ; CLK      ;
; N/A   ; None         ; 3.923 ns   ; RST    ; NSdecade[1]~reg0 ; CLK      ;
; N/A   ; None         ; 3.876 ns   ; Rflash ; NSdecade[0]~reg0 ; CLK      ;
; N/A   ; None         ; 3.846 ns   ; Rflash ; NSdecade[1]~reg0 ; CLK      ;
; N/A   ; None         ; 3.765 ns   ; Yflash ; EWdecade[1]~reg0 ; CLK      ;
; N/A   ; None         ; 3.762 ns   ; Yflash ; EWdecade[2]~reg0 ; CLK      ;
; N/A   ; None         ; 3.728 ns   ; Yflash ; NSdecade[3]~reg0 ; CLK      ;
; N/A   ; None         ; 3.727 ns   ; Yflash ; EWdecade[0]~reg0 ; CLK      ;
; N/A   ; None         ; 3.720 ns   ; Yflash ; NSdecade[2]~reg0 ; CLK      ;
; N/A   ; None         ; 3.659 ns   ; Yflash ; NSdecade[0]~reg0 ; CLK      ;
; N/A   ; None         ; 3.629 ns   ; Yflash ; NSdecade[1]~reg0 ; CLK      ;
; N/A   ; None         ; 3.493 ns   ; Yflash ; NStime[5]        ; CLK      ;
; N/A   ; None         ; 3.493 ns   ; Yflash ; NStime[6]        ; CLK      ;
; N/A   ; None         ; 3.493 ns   ; Yflash ; EWtime[0]        ; CLK      ;
; N/A   ; None         ; 3.493 ns   ; Yflash ; EWtime[1]        ; CLK      ;
; N/A   ; None         ; 3.493 ns   ; Yflash ; EWtime[6]        ; CLK      ;
; N/A   ; None         ; 3.493 ns   ; Yflash ; EWtime[5]        ; CLK      ;
; N/A   ; None         ; 3.187 ns   ; Rflash ; NStime[5]        ; CLK      ;
; N/A   ; None         ; 3.187 ns   ; Rflash ; NStime[6]        ; CLK      ;
; N/A   ; None         ; 3.187 ns   ; Rflash ; EWtime[0]        ; CLK      ;
; N/A   ; None         ; 3.187 ns   ; Rflash ; EWtime[1]        ; CLK      ;
; N/A   ; None         ; 3.187 ns   ; Rflash ; EWtime[6]        ; CLK      ;
; N/A   ; None         ; 3.187 ns   ; Rflash ; EWtime[5]        ; CLK      ;
+-------+--------------+------------+--------+------------------+----------+


+---------------------------------------------------------------------------------+
; tco                                                                             ;
+-------+--------------+------------+------------------+-------------+------------+
; Slack ; Required tco ; Actual tco ; From             ; To          ; From Clock ;
+-------+--------------+------------+------------------+-------------+------------+
; N/A   ; None         ; 11.151 ns  ; light[2]         ; EWR         ; CLK        ;
; N/A   ; None         ; 11.097 ns  ; EWunit[1]~reg0   ; EWunit[1]   ; CLK        ;
; N/A   ; None         ; 11.015 ns  ; state[0]         ; EWR         ; CLK        ;
; N/A   ; None         ; 10.924 ns  ; state[1]         ; EWR         ; CLK        ;
; N/A   ; None         ; 10.907 ns  ; state[1]         ; NSY         ; CLK        ;
; N/A   ; None         ; 10.798 ns  ; state[1]         ; EWY         ; CLK        ;
; N/A   ; None         ; 10.784 ns  ; state[1]         ; NSR         ; CLK        ;
; N/A   ; None         ; 10.496 ns  ; light[1]         ; EWY         ; CLK        ;
; N/A   ; None         ; 10.486 ns  ; light[4]         ; NSY         ; CLK        ;
; N/A   ; None         ; 10.445 ns  ; EWunit[3]~reg0   ; EWunit[3]   ; CLK        ;
; N/A   ; None         ; 10.380 ns  ; EWdecade[3]~reg0 ; EWdecade[3] ; CLK        ;
; N/A   ; None         ; 10.371 ns  ; light[5]         ; NSR         ; CLK        ;
; N/A   ; None         ; 10.369 ns  ; state[0]         ; NSY         ; CLK        ;
; N/A   ; None         ; 10.238 ns  ; state[0]         ; EWY         ; CLK        ;
; N/A   ; None         ; 10.228 ns  ; state[0]         ; NSR         ; CLK        ;
; N/A   ; None         ; 9.798 ns   ; EWunit[2]~reg0   ; EWunit[2]   ; CLK        ;
; N/A   ; None         ; 9.659 ns   ; NSunit[0]~reg0   ; NSunit[0]   ; CLK        ;
; N/A   ; None         ; 9.561 ns   ; EWdecade[2]~reg0 ; EWdecade[2] ; CLK        ;
; N/A   ; None         ; 9.206 ns   ; NSunit[1]~reg0   ; NSunit[1]   ; CLK        ;
; N/A   ; None         ; 8.982 ns   ; light[3]         ; NSG         ; CLK        ;
; N/A   ; None         ; 8.946 ns   ; NSdecade[2]~reg0 ; NSdecade[2] ; CLK        ;
; N/A   ; None         ; 8.828 ns   ; light[0]         ; EWG         ; CLK        ;
; N/A   ; None         ; 8.403 ns   ; EWdecade[1]~reg0 ; EWdecade[1] ; CLK        ;
; N/A   ; None         ; 8.403 ns   ; NSdecade[1]~reg0 ; NSdecade[1] ; CLK        ;
; N/A   ; None         ; 8.389 ns   ; NSunit[3]~reg0   ; NSunit[3]   ; CLK        ;
; N/A   ; None         ; 8.351 ns   ; NSdecade[3]~reg0 ; NSdecade[3] ; CLK        ;
; N/A   ; None         ; 8.260 ns   ; EWunit[0]~reg0   ; EWunit[0]   ; CLK        ;
; N/A   ; None         ; 8.248 ns   ; EWdecade[0]~reg0 ; EWdecade[0] ; CLK        ;
; N/A   ; None         ; 8.248 ns   ; NSdecade[0]~reg0 ; NSdecade[0] ; CLK        ;
; N/A   ; None         ; 8.236 ns   ; NSunit[2]~reg0   ; NSunit[2]   ; CLK        ;
+-------+--------------+------------+------------------+-------------+------------+


+----------------------------------------------------------+
; tpd                                                      ;
+-------+-------------------+-----------------+------+-----+
; Slack ; Required P2P Time ; Actual P2P Time ; From ; To  ;
+-------+-------------------+-----------------+------+-----+
; N/A   ; None              ; 8.712 ns        ; CLK  ; EWR ;
; N/A   ; None              ; 8.233 ns        ; CLK  ; NSY ;
; N/A   ; None              ; 8.123 ns        ; CLK  ; NSR ;
; N/A   ; None              ; 7.861 ns        ; CLK  ; EWY ;
+-------+-------------------+-----------------+------+-----+


+--------------------------------------------------------------------------------+
; th                                                                             ;
+---------------+-------------+-----------+--------+------------------+----------+
; Minimum Slack ; Required th ; Actual th ; From   ; To               ; To Clock ;
+---------------+-------------+-----------+--------+------------------+----------+
; N/A           ; None        ; -2.526 ns ; Rflash ; NStime[1]        ; CLK      ;
; N/A           ; None        ; -2.633 ns ; Rflash ; NStime[5]        ; CLK      ;
; N/A           ; None        ; -2.633 ns ; Rflash ; NStime[6]        ; CLK      ;
; N/A           ; None        ; -2.633 ns ; Rflash ; EWtime[0]        ; CLK      ;
; N/A           ; None        ; -2.633 ns ; Rflash ; EWtime[1]        ; CLK      ;
; N/A           ; None        ; -2.633 ns ; Rflash ; EWtime[6]        ; CLK      ;
; N/A           ; None        ; -2.633 ns ; Rflash ; EWtime[5]        ; CLK      ;
; N/A           ; None        ; -2.832 ns ; Yflash ; NStime[1]        ; CLK      ;
; N/A           ; None        ; -2.939 ns ; Yflash ; NStime[5]        ; CLK      ;
; N/A           ; None        ; -2.939 ns ; Yflash ; NStime[6]        ; CLK      ;
; N/A           ; None        ; -2.939 ns ; Yflash ; EWtime[0]        ; CLK      ;
; N/A           ; None        ; -2.939 ns ; Yflash ; EWtime[1]        ; CLK      ;
; N/A           ; None        ; -2.939 ns ; Yflash ; EWtime[6]        ; CLK      ;
; N/A           ; None        ; -2.939 ns ; Yflash ; EWtime[5]        ; CLK      ;
; N/A           ; None        ; -3.075 ns ; Yflash ; NSdecade[1]~reg0 ; CLK      ;
; N/A           ; None        ; -3.105 ns ; Yflash ; NSdecade[0]~reg0 ; CLK      ;
; N/A           ; None        ; -3.166 ns ; Yflash ; NSdecade[2]~reg0 ; CLK      ;
; N/A           ; None        ; -3.173 ns ; Yflash ; EWdecade[0]~reg0 ; CLK      ;
; N/A           ; None        ; -3.174 ns ; Yflash ; NSdecade[3]~reg0 ; CLK      ;
; N/A           ; None        ; -3.208 ns ; Yflash ; EWdecade[2]~reg0 ; CLK      ;
; N/A           ; None        ; -3.211 ns ; Yflash ; EWdecade[1]~reg0 ; CLK      ;
; N/A           ; None        ; -3.292 ns ; Rflash ; NSdecade[1]~reg0 ; CLK      ;
; N/A           ; None        ; -3.322 ns ; Rflash ; NSdecade[0]~reg0 ; CLK      ;
; N/A           ; None        ; -3.369 ns ; RST    ; NSdecade[1]~reg0 ; CLK      ;
; N/A           ; None        ; -3.383 ns ; Rflash ; NSdecade[2]~reg0 ; CLK      ;
; N/A           ; None        ; -3.390 ns ; Rflash ; EWdecade[0]~reg0 ; CLK      ;
; N/A           ; None        ; -3.391 ns ; Rflash ; NSdecade[3]~reg0 ; CLK      ;
; N/A           ; None        ; -3.399 ns ; RST    ; NSdecade[0]~reg0 ; CLK      ;
; N/A           ; None        ; -3.425 ns ; Rflash ; EWdecade[2]~reg0 ; CLK      ;
; N/A           ; None        ; -3.428 ns ; Rflash ; EWdecade[1]~reg0 ; CLK      ;
; N/A           ; None        ; -3.460 ns ; RST    ; NSdecade[2]~reg0 ; CLK      ;
; N/A           ; None        ; -3.467 ns ; RST    ; EWdecade[0]~reg0 ; CLK      ;
; N/A           ; None        ; -3.468 ns ; RST    ; NSdecade[3]~reg0 ; CLK      ;
; N/A           ; None        ; -3.502 ns ; RST    ; EWdecade[2]~reg0 ; CLK      ;
; N/A           ; None        ; -3.505 ns ; RST    ; EWdecade[1]~reg0 ; CLK      ;
; N/A           ; None        ; -3.618 ns ; Rflash ; EWtime[4]        ; CLK      ;
; N/A           ; None        ; -3.675 ns ; Rflash ; EWtime[3]        ; CLK      ;
; N/A           ; None        ; -3.675 ns ; Rflash ; EWtime[2]        ; CLK      ;
; N/A           ; None        ; -3.675 ns ; Rflash ; NStime[3]        ; CLK      ;
; N/A           ; None        ; -3.675 ns ; Yflash ; NSunit[0]~reg0   ; CLK      ;
; N/A           ; None        ; -3.690 ns ; Rflash ; NStime[0]        ; CLK      ;
; N/A           ; None        ; -3.724 ns ; Yflash ; EWunit[0]~reg0   ; CLK      ;
; N/A           ; None        ; -3.771 ns ; Yflash ; NSunit[1]~reg0   ; CLK      ;
; N/A           ; None        ; -3.771 ns ; Yflash ; NSunit[2]~reg0   ; CLK      ;
; N/A           ; None        ; -3.771 ns ; Yflash ; NSunit[3]~reg0   ; CLK      ;
; N/A           ; None        ; -3.786 ns ; Rflash ; NStime[2]        ; CLK      ;
; N/A           ; None        ; -3.855 ns ; Rflash ; NStime[4]        ; CLK      ;
; N/A           ; None        ; -3.892 ns ; Rflash ; NSunit[0]~reg0   ; CLK      ;
; N/A           ; None        ; -3.924 ns ; Yflash ; EWtime[4]        ; CLK      ;
; N/A           ; None        ; -3.941 ns ; Rflash ; EWunit[0]~reg0   ; CLK      ;
; N/A           ; None        ; -3.969 ns ; RST    ; NSunit[0]~reg0   ; CLK      ;
; N/A           ; None        ; -3.981 ns ; Yflash ; EWtime[3]        ; CLK      ;
; N/A           ; None        ; -3.981 ns ; Yflash ; EWtime[2]        ; CLK      ;
; N/A           ; None        ; -3.981 ns ; Yflash ; NStime[3]        ; CLK      ;
; N/A           ; None        ; -3.988 ns ; Rflash ; NSunit[1]~reg0   ; CLK      ;
; N/A           ; None        ; -3.988 ns ; Rflash ; NSunit[2]~reg0   ; CLK      ;
; N/A           ; None        ; -3.988 ns ; Rflash ; NSunit[3]~reg0   ; CLK      ;
; N/A           ; None        ; -3.996 ns ; Yflash ; NStime[0]        ; CLK      ;
; N/A           ; None        ; -4.018 ns ; RST    ; EWunit[0]~reg0   ; CLK      ;
; N/A           ; None        ; -4.057 ns ; Yflash ; EWdecade[3]~reg0 ; CLK      ;
; N/A           ; None        ; -4.065 ns ; RST    ; NSunit[1]~reg0   ; CLK      ;
; N/A           ; None        ; -4.065 ns ; RST    ; NSunit[2]~reg0   ; CLK      ;
; N/A           ; None        ; -4.065 ns ; RST    ; NSunit[3]~reg0   ; CLK      ;
; N/A           ; None        ; -4.092 ns ; Yflash ; NStime[2]        ; CLK      ;
; N/A           ; None        ; -4.094 ns ; Yflash ; EWunit[1]~reg0   ; CLK      ;
; N/A           ; None        ; -4.094 ns ; Yflash ; EWunit[2]~reg0   ; CLK      ;
; N/A           ; None        ; -4.094 ns ; Yflash ; EWunit[3]~reg0   ; CLK      ;
; N/A           ; None        ; -4.161 ns ; Yflash ; NStime[4]        ; CLK      ;
; N/A           ; None        ; -4.274 ns ; Rflash ; EWdecade[3]~reg0 ; CLK      ;
; N/A           ; None        ; -4.311 ns ; Rflash ; EWunit[1]~reg0   ; CLK      ;
; N/A           ; None        ; -4.311 ns ; Rflash ; EWunit[2]~reg0   ; CLK      ;
; N/A           ; None        ; -4.311 ns ; Rflash ; EWunit[3]~reg0   ; CLK      ;
; N/A           ; None        ; -4.351 ns ; RST    ; EWdecade[3]~reg0 ; CLK      ;
; N/A           ; None        ; -4.388 ns ; RST    ; EWunit[1]~reg0   ; CLK      ;
; N/A           ; None        ; -4.388 ns ; RST    ; EWunit[2]~reg0   ; CLK      ;
; N/A           ; None        ; -4.388 ns ; RST    ; EWunit[3]~reg0   ; CLK      ;
+---------------+-------------+-----------+--------+------------------+----------+


+--------------------------+
; Timing Analyzer Messages ;
+--------------------------+
Info: *******************************************************************
Info: Running Quartus II Classic Timing Analyzer
    Info: Version 9.0 Build 132 02/25/2009 SJ Full Version
    Info: Processing started: Sat Sep 23 16:20:55 2017
Info: Command: quartus_tan --read_settings_files=off --write_settings_files=off control -c control
Info: Parallel compilation is enabled and will use 2 of the 2 processors detected
Info: Started post-fitting delay annotation
Info: Delay annotation completed successfully
Warning: Found pins functioning as undefined clocks and/or memory enables
    Info: Assuming node "CLK" is an undefined clock
Info: Clock "CLK" has Internal fmax of 35.51 MHz between source register "EWtime[4]" and destination register "EWunit[2]~reg0" (period= 28.163 ns)
    Info: + Longest register to register delay is 27.454 ns
        Info: 1: + IC(0.000 ns) + CELL(0.000 ns) = 0.000 ns; Loc. = LC_X10_Y4_N9; Fanout = 1; REG Node = 'EWtime[4]'
        Info: 2: + IC(1.996 ns) + CELL(0.914 ns) = 2.910 ns; Loc. = LC_X10_Y4_N1; Fanout = 14; COMB Node = 'lpm_divide:Div1|lpm_divide_pvl:auto_generated|sign_div_unsign_akh:divider|alt_u_div_fie:divider|add_sub_h7c:add_sub_3|add_sub_cella[1]'
        Info: 3: + IC(0.728 ns) + CELL(0.747 ns) = 4.385 ns; Loc. = LC_X10_Y4_N3; Fanout = 1; COMB Node = 'lpm_divide:Mod1|lpm_divide_vnl:auto_generated|sign_div_unsign_dkh:divider|alt_u_div_lie:divider|add_sub_h7c:add_sub_3|add_sub_cella[1]~COUT'
        Info: 4: + IC(0.000 ns) + CELL(0.815 ns) = 5.200 ns; Loc. = LC_X10_Y4_N4; Fanout = 2; COMB Node = 'lpm_divide:Mod1|lpm_divide_vnl:auto_generated|sign_div_unsign_dkh:divider|alt_u_div_lie:divider|add_sub_h7c:add_sub_3|add_sub_cella[2]~27'
        Info: 5: + IC(0.694 ns) + CELL(0.978 ns) = 6.872 ns; Loc. = LC_X10_Y4_N5; Fanout = 2; COMB Node = 'lpm_divide:Mod1|lpm_divide_vnl:auto_generated|sign_div_unsign_dkh:divider|alt_u_div_lie:divider|add_sub_h7c:add_sub_3|add_sub_cella[2]~24'
        Info: 6: + IC(0.000 ns) + CELL(0.123 ns) = 6.995 ns; Loc. = LC_X10_Y4_N6; Fanout = 2; COMB Node = 'lpm_divide:Mod1|lpm_divide_vnl:auto_generated|sign_div_unsign_dkh:divider|alt_u_div_lie:divider|add_sub_h7c:add_sub_3|add_sub_cella[2]~22'
        Info: 7: + IC(0.000 ns) + CELL(0.123 ns) = 7.118 ns; Loc. = LC_X10_Y4_N7; Fanout = 1; COMB Node = 'lpm_divide:Mod1|lpm_divide_vnl:auto_generated|sign_div_unsign_dkh:divider|alt_u_div_lie:divider|add_sub_h7c:add_sub_3|add_sub_cella[2]~18'
        Info: 8: + IC(0.000 ns) + CELL(0.815 ns) = 7.933 ns; Loc. = LC_X10_Y4_N8; Fanout = 9; COMB Node = 'lpm_divide:Mod1|lpm_divide_vnl:auto_generated|sign_div_unsign_dkh:divider|alt_u_div_lie:divider|add_sub_h7c:add_sub_3|add_sub_cella[2]~19'
        Info: 9: + IC(1.334 ns) + CELL(0.511 ns) = 9.778 ns; Loc. = LC_X11_Y4_N3; Fanout = 3; COMB Node = 'lpm_divide:Mod1|lpm_divide_vnl:auto_generated|sign_div_unsign_dkh:divider|alt_u_div_lie:divider|StageOut[22]~47'
        Info: 10: + IC(0.693 ns) + CELL(0.978 ns) = 11.449 ns; Loc. = LC_X11_Y4_N6; Fanout = 2; COMB Node = 'lpm_divide:Mod1|lpm_divide_vnl:auto_generated|sign_div_unsign_dkh:divider|alt_u_div_lie:divider|add_sub_i7c:add_sub_4|add_sub_cella[2]~29'
        Info: 11: + IC(0.000 ns) + CELL(0.123 ns) = 11.572 ns; Loc. = LC_X11_Y4_N7; Fanout = 2; COMB Node = 'lpm_divide:Mod1|lpm_divide_vnl:auto_generated|sign_div_unsign_dkh:divider|alt_u_div_lie:divider|add_sub_i7c:add_sub_4|add_sub_cella[2]~27'
        Info: 12: + IC(0.000 ns) + CELL(0.123 ns) = 11.695 ns; Loc. = LC_X11_Y4_N8; Fanout = 1; COMB Node = 'lpm_divide:Mod1|lpm_divide_vnl:auto_generated|sign_div_unsign_dkh:divider|alt_u_div_lie:divider|add_sub_i7c:add_sub_4|add_sub_cella[2]~25'
        Info: 13: + IC(0.000 ns) + CELL(0.815 ns) = 12.510 ns; Loc. = LC_X11_Y4_N9; Fanout = 12; COMB Node = 'lpm_divide:Mod1|lpm_divide_vnl:auto_generated|sign_div_unsign_dkh:divider|alt_u_div_lie:divider|add_sub_i7c:add_sub_4|add_sub_cella[2]~22'
        Info: 14: + IC(1.961 ns) + CELL(0.200 ns) = 14.671 ns; Loc. = LC_X10_Y3_N2; Fanout = 3; COMB Node = 'lpm_divide:Mod1|lpm_divide_vnl:auto_generated|sign_div_unsign_dkh:divider|alt_u_div_lie:divider|StageOut[30]~39'
        Info: 15: + IC(2.468 ns) + CELL(0.978 ns) = 18.117 ns; Loc. = LC_X11_Y2_N3; Fanout = 2; COMB Node = 'lpm_divide:Mod1|lpm_divide_vnl:auto_generated|sign_div_unsign_dkh:divider|alt_u_div_lie:divider|add_sub_j7c:add_sub_5|add_sub_cella[2]~38'
        Info: 16: + IC(0.000 ns) + CELL(0.261 ns) = 18.378 ns; Loc. = LC_X11_Y2_N4; Fanout = 2; COMB Node = 'lpm_divide:Mod1|lpm_divide_vnl:auto_generated|sign_div_unsign_dkh:divider|alt_u_div_lie:divider|add_sub_j7c:add_sub_5|add_sub_cella[2]~36'
        Info: 17: + IC(0.000 ns) + CELL(0.975 ns) = 19.353 ns; Loc. = LC_X11_Y2_N6; Fanout = 11; COMB Node = 'lpm_divide:Mod1|lpm_divide_vnl:auto_generated|sign_div_unsign_dkh:divider|alt_u_div_lie:divider|add_sub_j7c:add_sub_5|add_sub_cella[2]~27'
        Info: 18: + IC(2.073 ns) + CELL(0.200 ns) = 21.626 ns; Loc. = LC_X10_Y3_N4; Fanout = 1; COMB Node = 'lpm_divide:Mod1|lpm_divide_vnl:auto_generated|sign_div_unsign_dkh:divider|alt_u_div_lie:divider|StageOut[38]~107'
        Info: 19: + IC(2.302 ns) + CELL(0.954 ns) = 24.882 ns; Loc. = LC_X10_Y2_N4; Fanout = 1; COMB Node = 'lpm_divide:Mod1|lpm_divide_vnl:auto_generated|sign_div_unsign_dkh:divider|alt_u_div_lie:divider|add_sub_k7c:add_sub_6|add_sub_cella[2]~45'
        Info: 20: + IC(0.000 ns) + CELL(0.975 ns) = 25.857 ns; Loc. = LC_X10_Y2_N7; Fanout = 3; COMB Node = 'lpm_divide:Mod1|lpm_divide_vnl:auto_generated|sign_div_unsign_dkh:divider|alt_u_div_lie:divider|add_sub_k7c:add_sub_6|add_sub_cella[2]~32'
        Info: 21: + IC(0.793 ns) + CELL(0.804 ns) = 27.454 ns; Loc. = LC_X10_Y2_N0; Fanout = 1; REG Node = 'EWunit[2]~reg0'
        Info: Total cell delay = 12.412 ns ( 45.21 % )
        Info: Total interconnect delay = 15.042 ns ( 54.79 % )
    Info: - Smallest clock skew is 0.000 ns
        Info: + Shortest clock path from clock "CLK" to destination register is 3.681 ns
            Info: 1: + IC(0.000 ns) + CELL(1.163 ns) = 1.163 ns; Loc. = PIN_12; Fanout = 42; CLK Node = 'CLK'
            Info: 2: + IC(1.600 ns) + CELL(0.918 ns) = 3.681 ns; Loc. = LC_X10_Y2_N0; Fanout = 1; REG Node = 'EWunit[2]~reg0'
            Info: Total cell delay = 2.081 ns ( 56.53 % )
            Info: Total interconnect delay = 1.600 ns ( 43.47 % )
        Info: - Longest clock path from clock "CLK" to source register is 3.681 ns
            Info: 1: + IC(0.000 ns) + CELL(1.163 ns) = 1.163 ns; Loc. = PIN_12; Fanout = 42; CLK Node = 'CLK'
            Info: 2: + IC(1.600 ns) + CELL(0.918 ns) = 3.681 ns; Loc. = LC_X10_Y4_N9; Fanout = 1; REG Node = 'EWtime[4]'
            Info: Total cell delay = 2.081 ns ( 56.53 % )
            Info: Total interconnect delay = 1.600 ns ( 43.47 % )
    Info: + Micro clock to output delay of source is 0.376 ns
    Info: + Micro setup delay of destination is 0.333 ns
Info: tsu for register "EWunit[1]~reg0" (data pin = "RST", clock pin = "CLK") is 4.942 ns
    Info: + Longest pin to register delay is 8.290 ns
        Info: 1: + IC(0.000 ns) + CELL(1.163 ns) = 1.163 ns; Loc. = PIN_14; Fanout = 17; PIN Node = 'RST'
        Info: 2: + IC(2.374 ns) + CELL(0.740 ns) = 4.277 ns; Loc. = LC_X5_Y5_N0; Fanout = 23; COMB Node = 'light[3]~1'
        Info: 3: + IC(2.770 ns) + CELL(1.243 ns) = 8.290 ns; Loc. = LC_X10_Y2_N8; Fanout = 1; REG Node = 'EWunit[1]~reg0'
        Info: Total cell delay = 3.146 ns ( 37.95 % )
        Info: Total interconnect delay = 5.144 ns ( 62.05 % )
    Info: + Micro setup delay of destination is 0.333 ns
    Info: - Shortest clock path from clock "CLK" to destination register is 3.681 ns
        Info: 1: + IC(0.000 ns) + CELL(1.163 ns) = 1.163 ns; Loc. = PIN_12; Fanout = 42; CLK Node = 'CLK'
        Info: 2: + IC(1.600 ns) + CELL(0.918 ns) = 3.681 ns; Loc. = LC_X10_Y2_N8; Fanout = 1; REG Node = 'EWunit[1]~reg0'
        Info: Total cell delay = 2.081 ns ( 56.53 % )
        Info: Total interconnect delay = 1.600 ns ( 43.47 % )
Info: tco from clock "CLK" to destination pin "EWR" through register "light[2]" is 11.151 ns
    Info: + Longest clock path from clock "CLK" to source register is 3.681 ns
        Info: 1: + IC(0.000 ns) + CELL(1.163 ns) = 1.163 ns; Loc. = PIN_12; Fanout = 42; CLK Node = 'CLK'
        Info: 2: + IC(1.600 ns) + CELL(0.918 ns) = 3.681 ns; Loc. = LC_X2_Y5_N9; Fanout = 2; REG Node = 'light[2]'
        Info: Total cell delay = 2.081 ns ( 56.53 % )
        Info: Total interconnect delay = 1.600 ns ( 43.47 % )
    Info: + Micro clock to output delay of source is 0.376 ns
    Info: + Longest register to pin delay is 7.094 ns
        Info: 1: + IC(0.000 ns) + CELL(0.000 ns) = 0.000 ns; Loc. = LC_X2_Y5_N9; Fanout = 2; REG Node = 'light[2]'
        Info: 2: + IC(1.347 ns) + CELL(0.511 ns) = 1.858 ns; Loc. = LC_X1_Y5_N4; Fanout = 1; COMB Node = 'EWR~1'
        Info: 3: + IC(2.914 ns) + CELL(2.322 ns) = 7.094 ns; Loc. = PIN_69; Fanout = 0; PIN Node = 'EWR'
        Info: Total cell delay = 2.833 ns ( 39.94 % )
        Info: Total interconnect delay = 4.261 ns ( 60.06 % )
Info: Longest tpd from source pin "CLK" to destination pin "EWR" is 8.712 ns
    Info: 1: + IC(0.000 ns) + CELL(1.163 ns) = 1.163 ns; Loc. = PIN_12; Fanout = 42; CLK Node = 'CLK'
    Info: 2: + IC(1.399 ns) + CELL(0.914 ns) = 3.476 ns; Loc. = LC_X1_Y5_N4; Fanout = 1; COMB Node = 'EWR~1'
    Info: 3: + IC(2.914 ns) + CELL(2.322 ns) = 8.712 ns; Loc. = PIN_69; Fanout = 0; PIN Node = 'EWR'
    Info: Total cell delay = 4.399 ns ( 50.49 % )
    Info: Total interconnect delay = 4.313 ns ( 49.51 % )
Info: th for register "NStime[1]" (data pin = "Rflash", clock pin = "CLK") is -2.526 ns
    Info: + Longest clock path from clock "CLK" to destination register is 3.681 ns
        Info: 1: + IC(0.000 ns) + CELL(1.163 ns) = 1.163 ns; Loc. = PIN_12; Fanout = 42; CLK Node = 'CLK'
        Info: 2: + IC(1.600 ns) + CELL(0.918 ns) = 3.681 ns; Loc. = LC_X8_Y4_N9; Fanout = 1; REG Node = 'NStime[1]'
        Info: Total cell delay = 2.081 ns ( 56.53 % )
        Info: Total interconnect delay = 1.600 ns ( 43.47 % )
    Info: + Micro hold delay of destination is 0.221 ns
    Info: - Shortest pin to register delay is 6.428 ns
        Info: 1: + IC(0.000 ns) + CELL(1.132 ns) = 1.132 ns; Loc. = PIN_41; Fanout = 4; PIN Node = 'Rflash'
        Info: 2: + IC(2.728 ns) + CELL(0.740 ns) = 4.600 ns; Loc. = LC_X8_Y4_N1; Fanout = 15; COMB Node = 'NStime[6]~69'
        Info: 3: + IC(0.305 ns) + CELL(0.200 ns) = 5.105 ns; Loc. = LC_X8_Y4_N2; Fanout = 1; COMB Node = 'NStime[1]~93'
        Info: 4: + IC(0.732 ns) + CELL(0.591 ns) = 6.428 ns; Loc. = LC_X8_Y4_N9; Fanout = 1; REG Node = 'NStime[1]'
        Info: Total cell delay = 2.663 ns ( 41.43 % )
        Info: Total interconnect delay = 3.765 ns ( 58.57 % )
Info: Quartus II Classic Timing Analyzer was successful. 0 errors, 1 warning
    Info: Peak virtual memory: 187 megabytes
    Info: Processing ended: Sat Sep 23 16:20:56 2017
    Info: Elapsed time: 00:00:01
    Info: Total CPU time (on all processors): 00:00:01


