Classic Timing Analyzer report for control
Mon Sep 25 09:14:09 2017
Quartus II Version 9.0 Build 132 02/25/2009 SJ Full Version


---------------------
; Table of Contents ;
---------------------
  1. Legal Notice
  2. Timing Analyzer Summary
  3. Timing Analyzer Settings
  4. Clock Settings Summary
  5. Parallel Compilation
  6. Clock Setup: 'CLK'
  7. tco
  8. tpd
  9. Timing Analyzer Messages



----------------
; Legal Notice ;
----------------
Copyright (C) 1991-2009 Altera Corporation
Your use of Altera Corporation's design tools, logic functions 
and other software and tools, and its AMPP partner logic 
functions, and any output files from any of the foregoing 
(including device programming or simulation files), and any 
associated documentation or information are expressly subject 
to the terms and conditions of the Altera Program License 
Subscription Agreement, Altera MegaCore Function License 
Agreement, or other applicable license agreement, including, 
without limitation, that your use is for the sole purpose of 
programming logic devices manufactured by Altera and sold by 
Altera or its authorized distributors.  Please refer to the 
applicable agreement for further details.



+--------------------------------------------------------------------------------------------------------------------------------------------------------+
; Timing Analyzer Summary                                                                                                                                ;
+------------------------------+-------+---------------+----------------------------------+-----------+-----------+------------+----------+--------------+
; Type                         ; Slack ; Required Time ; Actual Time                      ; From      ; To        ; From Clock ; To Clock ; Failed Paths ;
+------------------------------+-------+---------------+----------------------------------+-----------+-----------+------------+----------+--------------+
; Worst-case tco               ; N/A   ; None          ; 37.116 ns                        ; NStime[4] ; NSunit[2] ; CLK        ; --       ; 0            ;
; Worst-case tpd               ; N/A   ; None          ; 10.772 ns                        ; CLK       ; EWY       ; --         ; --       ; 0            ;
; Clock Setup: 'CLK'           ; N/A   ; None          ; 70.25 MHz ( period = 14.235 ns ) ; state[1]  ; EWtime[4] ; CLK        ; CLK      ; 0            ;
; Total number of failed paths ;       ;               ;                                  ;           ;           ;            ;          ; 0            ;
+------------------------------+-------+---------------+----------------------------------+-----------+-----------+------------+----------+--------------+


+--------------------------------------------------------------------------------------------------------------------+
; Timing Analyzer Settings                                                                                           ;
+---------------------------------------------------------------------+--------------------+------+----+-------------+
; Option                                                              ; Setting            ; From ; To ; Entity Name ;
+---------------------------------------------------------------------+--------------------+------+----+-------------+
; Device Name                                                         ; EPM570T100C5       ;      ;    ;             ;
; Timing Models                                                       ; Final              ;      ;    ;             ;
; Default hold multicycle                                             ; Same as Multicycle ;      ;    ;             ;
; Cut paths between unrelated clock domains                           ; On                 ;      ;    ;             ;
; Cut off read during write signal paths                              ; On                 ;      ;    ;             ;
; Cut off feedback from I/O pins                                      ; On                 ;      ;    ;             ;
; Report Combined Fast/Slow Timing                                    ; Off                ;      ;    ;             ;
; Ignore Clock Settings                                               ; Off                ;      ;    ;             ;
; Analyze latches as synchronous elements                             ; On                 ;      ;    ;             ;
; Enable Recovery/Removal analysis                                    ; Off                ;      ;    ;             ;
; Enable Clock Latency                                                ; Off                ;      ;    ;             ;
; Use TimeQuest Timing Analyzer                                       ; Off                ;      ;    ;             ;
; Minimum Core Junction Temperature                                   ; 0                  ;      ;    ;             ;
; Maximum Core Junction Temperature                                   ; 85                 ;      ;    ;             ;
; Number of source nodes to report per destination node               ; 10                 ;      ;    ;             ;
; Number of destination nodes to report                               ; 10                 ;      ;    ;             ;
; Number of paths to report                                           ; 200                ;      ;    ;             ;
; Report Minimum Timing Checks                                        ; Off                ;      ;    ;             ;
; Use Fast Timing Models                                              ; Off                ;      ;    ;             ;
; Report IO Paths Separately                                          ; Off                ;      ;    ;             ;
; Perform Multicorner Analysis                                        ; Off                ;      ;    ;             ;
; Reports the worst-case path for each clock domain and analysis      ; Off                ;      ;    ;             ;
; Removes common clock path pessimism (CCPP) during slack computation ; Off                ;      ;    ;             ;
; Output I/O Timing Endpoint                                          ; Near End           ;      ;    ;             ;
+---------------------------------------------------------------------+--------------------+------+----+-------------+


+------------------------------------------------------------------------------------------------------------------------------------------------------------------------------------+
; Clock Settings Summary                                                                                                                                                             ;
+-----------------+--------------------+----------+------------------+---------------+--------------+----------+-----------------------+---------------------+--------+--------------+
; Clock Node Name ; Clock Setting Name ; Type     ; Fmax Requirement ; Early Latency ; Late Latency ; Based on ; Multiply Base Fmax by ; Divide Base Fmax by ; Offset ; Phase offset ;
+-----------------+--------------------+----------+------------------+---------------+--------------+----------+-----------------------+---------------------+--------+--------------+
; CLK             ;                    ; User Pin ; None             ; 0.000 ns      ; 0.000 ns     ; --       ; N/A                   ; N/A                 ; N/A    ;              ;
+-----------------+--------------------+----------+------------------+---------------+--------------+----------+-----------------------+---------------------+--------+--------------+


+------------------------------------------+
; Parallel Compilation                     ;
+----------------------------+-------------+
; Processors                 ; Number      ;
+----------------------------+-------------+
; Number detected on machine ; 2           ;
; Maximum allowed            ; 2           ;
;                            ;             ;
; Average used               ; 1.00        ;
; Maximum used               ; 1           ;
;                            ;             ;
; Usage by Processor         ; % Time Used ;
;     1 processor            ; 100.0%      ;
;     2 processors           ;   0.0%      ;
+----------------------------+-------------+


+-----------------------------------------------------------------------------------------------------------------------------------------------------------------------------------------------------------------------------------+
; Clock Setup: 'CLK'                                                                                                                                                                                                                ;
+-----------------------------------------+-----------------------------------------------------+-----------+-----------+------------+----------+-----------------------------+---------------------------+-------------------------+
; Slack                                   ; Actual fmax (period)                                ; From      ; To        ; From Clock ; To Clock ; Required Setup Relationship ; Required Longest P2P Time ; Actual Longest P2P Time ;
+-----------------------------------------+-----------------------------------------------------+-----------+-----------+------------+----------+-----------------------------+---------------------------+-------------------------+
; N/A                                     ; 70.25 MHz ( period = 14.235 ns )                    ; state[1]  ; EWtime[4] ; CLK        ; CLK      ; None                        ; None                      ; 13.526 ns               ;
; N/A                                     ; 70.77 MHz ( period = 14.131 ns )                    ; NStime[4] ; EWtime[4] ; CLK        ; CLK      ; None                        ; None                      ; 13.422 ns               ;
; N/A                                     ; 73.35 MHz ( period = 13.634 ns )                    ; state[1]  ; NStime[3] ; CLK        ; CLK      ; None                        ; None                      ; 12.925 ns               ;
; N/A                                     ; 73.91 MHz ( period = 13.530 ns )                    ; NStime[4] ; NStime[3] ; CLK        ; CLK      ; None                        ; None                      ; 12.821 ns               ;
; N/A                                     ; 74.03 MHz ( period = 13.508 ns )                    ; NStime[4] ; NStime[1] ; CLK        ; CLK      ; None                        ; None                      ; 12.799 ns               ;
; N/A                                     ; 75.68 MHz ( period = 13.214 ns )                    ; NStime[2] ; EWtime[4] ; CLK        ; CLK      ; None                        ; None                      ; 12.505 ns               ;
; N/A                                     ; 76.34 MHz ( period = 13.099 ns )                    ; NStime[4] ; state[0]  ; CLK        ; CLK      ; None                        ; None                      ; 12.390 ns               ;
; N/A                                     ; 76.80 MHz ( period = 13.020 ns )                    ; NStime[6] ; EWtime[4] ; CLK        ; CLK      ; None                        ; None                      ; 12.311 ns               ;
; N/A                                     ; 77.10 MHz ( period = 12.970 ns )                    ; NStime[4] ; NStime[4] ; CLK        ; CLK      ; None                        ; None                      ; 12.261 ns               ;
; N/A                                     ; 77.24 MHz ( period = 12.947 ns )                    ; NStime[0] ; NStime[1] ; CLK        ; CLK      ; None                        ; None                      ; 12.238 ns               ;
; N/A                                     ; 77.33 MHz ( period = 12.932 ns )                    ; NStime[4] ; EWtime[1] ; CLK        ; CLK      ; None                        ; None                      ; 12.223 ns               ;
; N/A                                     ; 77.41 MHz ( period = 12.919 ns )                    ; NStime[5] ; EWtime[4] ; CLK        ; CLK      ; None                        ; None                      ; 12.210 ns               ;
; N/A                                     ; 77.53 MHz ( period = 12.898 ns )                    ; NStime[0] ; EWtime[4] ; CLK        ; CLK      ; None                        ; None                      ; 12.189 ns               ;
; N/A                                     ; 77.65 MHz ( period = 12.878 ns )                    ; EWtime[3] ; EWtime[4] ; CLK        ; CLK      ; None                        ; None                      ; 12.169 ns               ;
; N/A                                     ; 78.31 MHz ( period = 12.769 ns )                    ; NStime[3] ; EWtime[4] ; CLK        ; CLK      ; None                        ; None                      ; 12.060 ns               ;
; N/A                                     ; 79.00 MHz ( period = 12.658 ns )                    ; EWtime[3] ; NStime[1] ; CLK        ; CLK      ; None                        ; None                      ; 11.949 ns               ;
; N/A                                     ; 79.28 MHz ( period = 12.613 ns )                    ; NStime[2] ; NStime[3] ; CLK        ; CLK      ; None                        ; None                      ; 11.904 ns               ;
; N/A                                     ; 79.42 MHz ( period = 12.591 ns )                    ; NStime[2] ; NStime[1] ; CLK        ; CLK      ; None                        ; None                      ; 11.882 ns               ;
; N/A                                     ; 80.08 MHz ( period = 12.487 ns )                    ; EWtime[3] ; NStime[4] ; CLK        ; CLK      ; None                        ; None                      ; 11.778 ns               ;
; N/A                                     ; 80.52 MHz ( period = 12.419 ns )                    ; NStime[6] ; NStime[3] ; CLK        ; CLK      ; None                        ; None                      ; 11.710 ns               ;
; N/A                                     ; 80.55 MHz ( period = 12.414 ns )                    ; NStime[4] ; EWtime[2] ; CLK        ; CLK      ; None                        ; None                      ; 11.705 ns               ;
; N/A                                     ; 80.66 MHz ( period = 12.397 ns )                    ; NStime[6] ; NStime[1] ; CLK        ; CLK      ; None                        ; None                      ; 11.688 ns               ;
; N/A                                     ; 81.18 MHz ( period = 12.318 ns )                    ; NStime[5] ; NStime[3] ; CLK        ; CLK      ; None                        ; None                      ; 11.609 ns               ;
; N/A                                     ; 81.21 MHz ( period = 12.313 ns )                    ; EWtime[1] ; EWtime[4] ; CLK        ; CLK      ; None                        ; None                      ; 11.604 ns               ;
; N/A                                     ; 81.32 MHz ( period = 12.297 ns )                    ; NStime[0] ; NStime[3] ; CLK        ; CLK      ; None                        ; None                      ; 11.588 ns               ;
; N/A                                     ; 81.33 MHz ( period = 12.296 ns )                    ; NStime[5] ; NStime[1] ; CLK        ; CLK      ; None                        ; None                      ; 11.587 ns               ;
; N/A                                     ; 81.45 MHz ( period = 12.277 ns )                    ; EWtime[3] ; NStime[3] ; CLK        ; CLK      ; None                        ; None                      ; 11.568 ns               ;
; N/A                                     ; 82.09 MHz ( period = 12.182 ns )                    ; NStime[2] ; state[0]  ; CLK        ; CLK      ; None                        ; None                      ; 11.473 ns               ;
; N/A                                     ; 82.18 MHz ( period = 12.168 ns )                    ; NStime[3] ; NStime[3] ; CLK        ; CLK      ; None                        ; None                      ; 11.459 ns               ;
; N/A                                     ; 82.33 MHz ( period = 12.146 ns )                    ; NStime[3] ; NStime[1] ; CLK        ; CLK      ; None                        ; None                      ; 11.437 ns               ;
; N/A                                     ; 82.70 MHz ( period = 12.092 ns )                    ; EWtime[3] ; EWtime[2] ; CLK        ; CLK      ; None                        ; None                      ; 11.383 ns               ;
; N/A                                     ; 82.93 MHz ( period = 12.059 ns )                    ; EWtime[1] ; EWtime[2] ; CLK        ; CLK      ; None                        ; None                      ; 11.350 ns               ;
; N/A                                     ; 82.97 MHz ( period = 12.053 ns )                    ; NStime[2] ; NStime[4] ; CLK        ; CLK      ; None                        ; None                      ; 11.344 ns               ;
; N/A                                     ; 83.00 MHz ( period = 12.048 ns )                    ; NStime[1] ; EWtime[4] ; CLK        ; CLK      ; None                        ; None                      ; 11.339 ns               ;
; N/A                                     ; 83.23 MHz ( period = 12.015 ns )                    ; NStime[2] ; EWtime[1] ; CLK        ; CLK      ; None                        ; None                      ; 11.306 ns               ;
; N/A                                     ; 83.42 MHz ( period = 11.988 ns )                    ; NStime[6] ; state[0]  ; CLK        ; CLK      ; None                        ; None                      ; 11.279 ns               ;
; N/A                                     ; 83.56 MHz ( period = 11.967 ns )                    ; NStime[1] ; NStime[1] ; CLK        ; CLK      ; None                        ; None                      ; 11.258 ns               ;
; N/A                                     ; 83.60 MHz ( period = 11.962 ns )                    ; state[0]  ; EWtime[4] ; CLK        ; CLK      ; None                        ; None                      ; 11.253 ns               ;
; N/A                                     ; 83.67 MHz ( period = 11.952 ns )                    ; state[1]  ; NStime[2] ; CLK        ; CLK      ; None                        ; None                      ; 11.243 ns               ;
; N/A                                     ; 83.77 MHz ( period = 11.937 ns )                    ; state[1]  ; EWtime[0] ; CLK        ; CLK      ; None                        ; None                      ; 11.228 ns               ;
; N/A                                     ; 84.13 MHz ( period = 11.887 ns )                    ; NStime[5] ; state[0]  ; CLK        ; CLK      ; None                        ; None                      ; 11.178 ns               ;
; N/A                                     ; 84.27 MHz ( period = 11.866 ns )                    ; NStime[0] ; state[0]  ; CLK        ; CLK      ; None                        ; None                      ; 11.157 ns               ;
; N/A                                     ; 84.32 MHz ( period = 11.859 ns )                    ; NStime[6] ; NStime[4] ; CLK        ; CLK      ; None                        ; None                      ; 11.150 ns               ;
; N/A                                     ; 84.40 MHz ( period = 11.848 ns )                    ; NStime[4] ; NStime[2] ; CLK        ; CLK      ; None                        ; None                      ; 11.139 ns               ;
; N/A                                     ; 84.51 MHz ( period = 11.833 ns )                    ; NStime[4] ; EWtime[0] ; CLK        ; CLK      ; None                        ; None                      ; 11.124 ns               ;
; N/A                                     ; 84.60 MHz ( period = 11.821 ns )                    ; NStime[6] ; EWtime[1] ; CLK        ; CLK      ; None                        ; None                      ; 11.112 ns               ;
; N/A                                     ; 84.93 MHz ( period = 11.775 ns )                    ; EWtime[2] ; EWtime[4] ; CLK        ; CLK      ; None                        ; None                      ; 11.066 ns               ;
; N/A                                     ; 85.05 MHz ( period = 11.758 ns )                    ; NStime[5] ; NStime[4] ; CLK        ; CLK      ; None                        ; None                      ; 11.049 ns               ;
; N/A                                     ; 85.20 MHz ( period = 11.737 ns )                    ; NStime[3] ; state[0]  ; CLK        ; CLK      ; None                        ; None                      ; 11.028 ns               ;
; N/A                                     ; 85.20 MHz ( period = 11.737 ns )                    ; NStime[0] ; NStime[4] ; CLK        ; CLK      ; None                        ; None                      ; 11.028 ns               ;
; N/A                                     ; 85.32 MHz ( period = 11.720 ns )                    ; NStime[5] ; EWtime[1] ; CLK        ; CLK      ; None                        ; None                      ; 11.011 ns               ;
; N/A                                     ; 85.48 MHz ( period = 11.699 ns )                    ; NStime[0] ; EWtime[1] ; CLK        ; CLK      ; None                        ; None                      ; 10.990 ns               ;
; N/A                                     ; 86.15 MHz ( period = 11.608 ns )                    ; NStime[3] ; NStime[4] ; CLK        ; CLK      ; None                        ; None                      ; 10.899 ns               ;
; N/A                                     ; 86.15 MHz ( period = 11.607 ns )                    ; EWtime[0] ; EWtime[4] ; CLK        ; CLK      ; None                        ; None                      ; 10.898 ns               ;
; N/A                                     ; 86.24 MHz ( period = 11.595 ns )                    ; NStime[4] ; NStime[0] ; CLK        ; CLK      ; None                        ; None                      ; 10.886 ns               ;
; N/A                                     ; 86.34 MHz ( period = 11.582 ns )                    ; NStime[4] ; EWtime[6] ; CLK        ; CLK      ; None                        ; None                      ; 10.873 ns               ;
; N/A                                     ; 86.43 MHz ( period = 11.570 ns )                    ; NStime[3] ; EWtime[1] ; CLK        ; CLK      ; None                        ; None                      ; 10.861 ns               ;
; N/A                                     ; 86.54 MHz ( period = 11.555 ns )                    ; EWtime[2] ; NStime[1] ; CLK        ; CLK      ; None                        ; None                      ; 10.846 ns               ;
; N/A                                     ; 86.93 MHz ( period = 11.503 ns )                    ; EWtime[1] ; NStime[1] ; CLK        ; CLK      ; None                        ; None                      ; 10.794 ns               ;
; N/A                                     ; 86.98 MHz ( period = 11.497 ns )                    ; NStime[2] ; EWtime[2] ; CLK        ; CLK      ; None                        ; None                      ; 10.788 ns               ;
; N/A                                     ; 87.20 MHz ( period = 11.468 ns )                    ; NStime[1] ; NStime[3] ; CLK        ; CLK      ; None                        ; None                      ; 10.759 ns               ;
; N/A                                     ; 87.31 MHz ( period = 11.454 ns )                    ; EWtime[3] ; EWtime[3] ; CLK        ; CLK      ; None                        ; None                      ; 10.745 ns               ;
; N/A                                     ; 87.51 MHz ( period = 11.427 ns )                    ; EWtime[4] ; EWtime[4] ; CLK        ; CLK      ; None                        ; None                      ; 10.718 ns               ;
; N/A                                     ; 87.82 MHz ( period = 11.387 ns )                    ; EWtime[0] ; NStime[1] ; CLK        ; CLK      ; None                        ; None                      ; 10.678 ns               ;
; N/A                                     ; 87.84 MHz ( period = 11.384 ns )                    ; EWtime[2] ; NStime[4] ; CLK        ; CLK      ; None                        ; None                      ; 10.675 ns               ;
; N/A                                     ; 88.02 MHz ( period = 11.361 ns )                    ; state[0]  ; NStime[3] ; CLK        ; CLK      ; None                        ; None                      ; 10.652 ns               ;
; N/A                                     ; 88.13 MHz ( period = 11.347 ns )                    ; EWtime[3] ; NStime[6] ; CLK        ; CLK      ; None                        ; None                      ; 10.638 ns               ;
; N/A                                     ; 88.25 MHz ( period = 11.332 ns )                    ; EWtime[1] ; NStime[4] ; CLK        ; CLK      ; None                        ; None                      ; 10.623 ns               ;
; N/A                                     ; 88.47 MHz ( period = 11.303 ns )                    ; NStime[6] ; EWtime[2] ; CLK        ; CLK      ; None                        ; None                      ; 10.594 ns               ;
; N/A                                     ; 89.09 MHz ( period = 11.224 ns )                    ; NStime[1] ; NStime[4] ; CLK        ; CLK      ; None                        ; None                      ; 10.515 ns               ;
; N/A                                     ; 89.10 MHz ( period = 11.223 ns )                    ; EWtime[3] ; EWtime[6] ; CLK        ; CLK      ; None                        ; None                      ; 10.514 ns               ;
; N/A                                     ; 89.16 MHz ( period = 11.216 ns )                    ; EWtime[0] ; NStime[4] ; CLK        ; CLK      ; None                        ; None                      ; 10.507 ns               ;
; N/A                                     ; 89.23 MHz ( period = 11.207 ns )                    ; EWtime[4] ; NStime[1] ; CLK        ; CLK      ; None                        ; None                      ; 10.498 ns               ;
; N/A                                     ; 89.24 MHz ( period = 11.206 ns )                    ; NStime[4] ; NStime[6] ; CLK        ; CLK      ; None                        ; None                      ; 10.497 ns               ;
; N/A                                     ; 89.27 MHz ( period = 11.202 ns )                    ; NStime[5] ; EWtime[2] ; CLK        ; CLK      ; None                        ; None                      ; 10.493 ns               ;
; N/A                                     ; 89.44 MHz ( period = 11.181 ns )                    ; NStime[0] ; EWtime[2] ; CLK        ; CLK      ; None                        ; None                      ; 10.472 ns               ;
; N/A                                     ; 89.49 MHz ( period = 11.174 ns )                    ; EWtime[2] ; NStime[3] ; CLK        ; CLK      ; None                        ; None                      ; 10.465 ns               ;
; N/A                                     ; 89.91 MHz ( period = 11.122 ns )                    ; EWtime[1] ; NStime[3] ; CLK        ; CLK      ; None                        ; None                      ; 10.413 ns               ;
; N/A                                     ; 90.04 MHz ( period = 11.106 ns )                    ; NStime[4] ; EWtime[3] ; CLK        ; CLK      ; None                        ; None                      ; 10.397 ns               ;
; N/A                                     ; 90.42 MHz ( period = 11.060 ns )                    ; EWtime[4] ; EWtime[6] ; CLK        ; CLK      ; None                        ; None                      ; 10.351 ns               ;
; N/A                                     ; 90.48 MHz ( period = 11.052 ns )                    ; NStime[3] ; EWtime[2] ; CLK        ; CLK      ; None                        ; None                      ; 10.343 ns               ;
; N/A                                     ; 90.61 MHz ( period = 11.036 ns )                    ; EWtime[4] ; NStime[4] ; CLK        ; CLK      ; None                        ; None                      ; 10.327 ns               ;
; N/A                                     ; 90.78 MHz ( period = 11.016 ns )                    ; NStime[1] ; state[0]  ; CLK        ; CLK      ; None                        ; None                      ; 10.307 ns               ;
; N/A                                     ; 90.86 MHz ( period = 11.006 ns )                    ; EWtime[0] ; NStime[3] ; CLK        ; CLK      ; None                        ; None                      ; 10.297 ns               ;
; N/A                                     ; 91.00 MHz ( period = 10.989 ns )                    ; EWtime[2] ; EWtime[2] ; CLK        ; CLK      ; None                        ; None                      ; 10.280 ns               ;
; N/A                                     ; 91.17 MHz ( period = 10.969 ns )                    ; EWtime[1] ; EWtime[6] ; CLK        ; CLK      ; None                        ; None                      ; 10.260 ns               ;
; N/A                                     ; 91.27 MHz ( period = 10.956 ns )                    ; EWtime[3] ; EWtime[1] ; CLK        ; CLK      ; None                        ; None                      ; 10.247 ns               ;
; N/A                                     ; 91.48 MHz ( period = 10.931 ns )                    ; NStime[2] ; NStime[2] ; CLK        ; CLK      ; None                        ; None                      ; 10.222 ns               ;
; N/A                                     ; 91.61 MHz ( period = 10.916 ns )                    ; NStime[2] ; EWtime[0] ; CLK        ; CLK      ; None                        ; None                      ; 10.207 ns               ;
; N/A                                     ; 91.98 MHz ( period = 10.872 ns )                    ; EWtime[6] ; EWtime[4] ; CLK        ; CLK      ; None                        ; None                      ; 10.163 ns               ;
; N/A                                     ; 92.17 MHz ( period = 10.849 ns )                    ; NStime[1] ; EWtime[1] ; CLK        ; CLK      ; None                        ; None                      ; 10.140 ns               ;
; N/A                                     ; 92.37 MHz ( period = 10.826 ns )                    ; EWtime[4] ; NStime[3] ; CLK        ; CLK      ; None                        ; None                      ; 10.117 ns               ;
; N/A                                     ; 92.41 MHz ( period = 10.821 ns )                    ; EWtime[0] ; EWtime[2] ; CLK        ; CLK      ; None                        ; None                      ; 10.112 ns               ;
; N/A                                     ; 92.43 MHz ( period = 10.819 ns )                    ; EWtime[3] ; NStime[2] ; CLK        ; CLK      ; None                        ; None                      ; 10.110 ns               ;
; N/A                                     ; 92.46 MHz ( period = 10.815 ns )                    ; EWtime[1] ; EWtime[1] ; CLK        ; CLK      ; None                        ; None                      ; 10.106 ns               ;
; N/A                                     ; 93.14 MHz ( period = 10.737 ns )                    ; NStime[6] ; NStime[2] ; CLK        ; CLK      ; None                        ; None                      ; 10.028 ns               ;
; N/A                                     ; 93.27 MHz ( period = 10.722 ns )                    ; NStime[6] ; EWtime[0] ; CLK        ; CLK      ; None                        ; None                      ; 10.013 ns               ;
; N/A                                     ; 93.31 MHz ( period = 10.717 ns )                    ; EWtime[3] ; light[2]  ; CLK        ; CLK      ; None                        ; None                      ; 10.008 ns               ;
; N/A                                     ; 93.34 MHz ( period = 10.714 ns )                    ; EWtime[3] ; light[5]  ; CLK        ; CLK      ; None                        ; None                      ; 10.005 ns               ;
; N/A                                     ; 93.34 MHz ( period = 10.713 ns )                    ; EWtime[3] ; NStime[5] ; CLK        ; CLK      ; None                        ; None                      ; 10.004 ns               ;
; N/A                                     ; 93.65 MHz ( period = 10.678 ns )                    ; NStime[2] ; NStime[0] ; CLK        ; CLK      ; None                        ; None                      ; 9.969 ns                ;
; N/A                                     ; 93.76 MHz ( period = 10.665 ns )                    ; NStime[2] ; EWtime[6] ; CLK        ; CLK      ; None                        ; None                      ; 9.956 ns                ;
; N/A                                     ; 93.88 MHz ( period = 10.652 ns )                    ; EWtime[6] ; NStime[1] ; CLK        ; CLK      ; None                        ; None                      ; 9.943 ns                ;
; N/A                                     ; 93.98 MHz ( period = 10.641 ns )                    ; EWtime[4] ; EWtime[2] ; CLK        ; CLK      ; None                        ; None                      ; 9.932 ns                ;
; N/A                                     ; 94.02 MHz ( period = 10.636 ns )                    ; NStime[5] ; NStime[2] ; CLK        ; CLK      ; None                        ; None                      ; 9.927 ns                ;
; N/A                                     ; 94.15 MHz ( period = 10.621 ns )                    ; NStime[5] ; EWtime[0] ; CLK        ; CLK      ; None                        ; None                      ; 9.912 ns                ;
; N/A                                     ; 94.21 MHz ( period = 10.615 ns )                    ; NStime[0] ; NStime[2] ; CLK        ; CLK      ; None                        ; None                      ; 9.906 ns                ;
; N/A                                     ; 94.25 MHz ( period = 10.610 ns )                    ; NStime[4] ; state[1]  ; CLK        ; CLK      ; None                        ; None                      ; 9.901 ns                ;
; N/A                                     ; 94.34 MHz ( period = 10.600 ns )                    ; NStime[0] ; EWtime[0] ; CLK        ; CLK      ; None                        ; None                      ; 9.891 ns                ;
; N/A                                     ; 94.52 MHz ( period = 10.580 ns )                    ; EWtime[3] ; EWtime[0] ; CLK        ; CLK      ; None                        ; None                      ; 9.871 ns                ;
; N/A                                     ; 94.63 MHz ( period = 10.568 ns )                    ; EWtime[3] ; state[1]  ; CLK        ; CLK      ; None                        ; None                      ; 9.859 ns                ;
; N/A                                     ; 94.88 MHz ( period = 10.540 ns )                    ; EWtime[5] ; EWtime[4] ; CLK        ; CLK      ; None                        ; None                      ; 9.831 ns                ;
; N/A                                     ; 94.94 MHz ( period = 10.533 ns )                    ; EWtime[3] ; state[0]  ; CLK        ; CLK      ; None                        ; None                      ; 9.824 ns                ;
; N/A                                     ; 95.37 MHz ( period = 10.486 ns )                    ; NStime[3] ; NStime[2] ; CLK        ; CLK      ; None                        ; None                      ; 9.777 ns                ;
; N/A                                     ; 95.38 MHz ( period = 10.484 ns )                    ; NStime[6] ; NStime[0] ; CLK        ; CLK      ; None                        ; None                      ; 9.775 ns                ;
; N/A                                     ; 95.41 MHz ( period = 10.481 ns )                    ; EWtime[6] ; NStime[4] ; CLK        ; CLK      ; None                        ; None                      ; 9.772 ns                ;
; N/A                                     ; 95.50 MHz ( period = 10.471 ns )                    ; NStime[6] ; EWtime[6] ; CLK        ; CLK      ; None                        ; None                      ; 9.762 ns                ;
; N/A                                     ; 95.50 MHz ( period = 10.471 ns )                    ; NStime[3] ; EWtime[0] ; CLK        ; CLK      ; None                        ; None                      ; 9.762 ns                ;
; N/A                                     ; 95.87 MHz ( period = 10.431 ns )                    ; EWtime[3] ; light[0]  ; CLK        ; CLK      ; None                        ; None                      ; 9.722 ns                ;
; N/A                                     ; 95.91 MHz ( period = 10.426 ns )                    ; EWtime[3] ; light[3]  ; CLK        ; CLK      ; None                        ; None                      ; 9.717 ns                ;
; N/A                                     ; 96.02 MHz ( period = 10.415 ns )                    ; NStime[4] ; NStime[5] ; CLK        ; CLK      ; None                        ; None                      ; 9.706 ns                ;
; N/A                                     ; 96.29 MHz ( period = 10.385 ns )                    ; NStime[4] ; light[4]  ; CLK        ; CLK      ; None                        ; None                      ; 9.676 ns                ;
; N/A                                     ; 96.31 MHz ( period = 10.383 ns )                    ; NStime[5] ; NStime[0] ; CLK        ; CLK      ; None                        ; None                      ; 9.674 ns                ;
; N/A                                     ; 96.39 MHz ( period = 10.375 ns )                    ; NStime[4] ; EWtime[5] ; CLK        ; CLK      ; None                        ; None                      ; 9.666 ns                ;
; N/A                                     ; 96.43 MHz ( period = 10.370 ns )                    ; NStime[5] ; EWtime[6] ; CLK        ; CLK      ; None                        ; None                      ; 9.661 ns                ;
; N/A                                     ; 96.51 MHz ( period = 10.362 ns )                    ; NStime[0] ; NStime[0] ; CLK        ; CLK      ; None                        ; None                      ; 9.653 ns                ;
; N/A                                     ; 96.61 MHz ( period = 10.351 ns )                    ; EWtime[2] ; EWtime[3] ; CLK        ; CLK      ; None                        ; None                      ; 9.642 ns                ;
; N/A                                     ; 96.63 MHz ( period = 10.349 ns )                    ; NStime[0] ; EWtime[6] ; CLK        ; CLK      ; None                        ; None                      ; 9.640 ns                ;
; N/A                                     ; 96.80 MHz ( period = 10.331 ns )                    ; NStime[1] ; EWtime[2] ; CLK        ; CLK      ; None                        ; None                      ; 9.622 ns                ;
; N/A                                     ; 96.90 MHz ( period = 10.320 ns )                    ; EWtime[5] ; NStime[1] ; CLK        ; CLK      ; None                        ; None                      ; 9.611 ns                ;
; N/A                                     ; 97.10 MHz ( period = 10.299 ns )                    ; EWtime[1] ; EWtime[3] ; CLK        ; CLK      ; None                        ; None                      ; 9.590 ns                ;
; N/A                                     ; 97.36 MHz ( period = 10.271 ns )                    ; EWtime[6] ; NStime[3] ; CLK        ; CLK      ; None                        ; None                      ; 9.562 ns                ;
; N/A                                     ; 97.62 MHz ( period = 10.244 ns )                    ; EWtime[2] ; NStime[6] ; CLK        ; CLK      ; None                        ; None                      ; 9.535 ns                ;
; N/A                                     ; 97.63 MHz ( period = 10.243 ns )                    ; EWtime[3] ; light[1]  ; CLK        ; CLK      ; None                        ; None                      ; 9.534 ns                ;
; N/A                                     ; 97.72 MHz ( period = 10.233 ns )                    ; NStime[3] ; NStime[0] ; CLK        ; CLK      ; None                        ; None                      ; 9.524 ns                ;
; N/A                                     ; 97.85 MHz ( period = 10.220 ns )                    ; NStime[3] ; EWtime[6] ; CLK        ; CLK      ; None                        ; None                      ; 9.511 ns                ;
; N/A                                     ; 98.12 MHz ( period = 10.192 ns )                    ; EWtime[1] ; NStime[6] ; CLK        ; CLK      ; None                        ; None                      ; 9.483 ns                ;
; N/A                                     ; 98.15 MHz ( period = 10.189 ns )                    ; NStime[2] ; EWtime[3] ; CLK        ; CLK      ; None                        ; None                      ; 9.480 ns                ;
; N/A                                     ; 98.20 MHz ( period = 10.183 ns )                    ; EWtime[0] ; EWtime[3] ; CLK        ; CLK      ; None                        ; None                      ; 9.474 ns                ;
; N/A                                     ; 98.51 MHz ( period = 10.151 ns )                    ; EWtime[3] ; NStime[0] ; CLK        ; CLK      ; None                        ; None                      ; 9.442 ns                ;
; N/A                                     ; 98.53 MHz ( period = 10.149 ns )                    ; EWtime[5] ; NStime[4] ; CLK        ; CLK      ; None                        ; None                      ; 9.440 ns                ;
; N/A                                     ; 98.89 MHz ( period = 10.112 ns )                    ; EWtime[3] ; EWtime[5] ; CLK        ; CLK      ; None                        ; None                      ; 9.403 ns                ;
; N/A                                     ; 99.11 MHz ( period = 10.090 ns )                    ; EWtime[5] ; EWtime[6] ; CLK        ; CLK      ; None                        ; None                      ; 9.381 ns                ;
; N/A                                     ; 99.15 MHz ( period = 10.086 ns )                    ; EWtime[6] ; EWtime[2] ; CLK        ; CLK      ; None                        ; None                      ; 9.377 ns                ;
; N/A                                     ; 99.25 MHz ( period = 10.076 ns )                    ; EWtime[0] ; NStime[6] ; CLK        ; CLK      ; None                        ; None                      ; 9.367 ns                ;
; N/A                                     ; 99.97 MHz ( period = 10.003 ns )                    ; EWtime[4] ; EWtime[3] ; CLK        ; CLK      ; None                        ; None                      ; 9.294 ns                ;
; N/A                                     ; 100.05 MHz ( period = 9.995 ns )                    ; NStime[6] ; EWtime[3] ; CLK        ; CLK      ; None                        ; None                      ; 9.286 ns                ;
; N/A                                     ; 100.61 MHz ( period = 9.939 ns )                    ; EWtime[5] ; NStime[3] ; CLK        ; CLK      ; None                        ; None                      ; 9.230 ns                ;
; N/A                                     ; 101.05 MHz ( period = 9.896 ns )                    ; EWtime[4] ; NStime[6] ; CLK        ; CLK      ; None                        ; None                      ; 9.187 ns                ;
; N/A                                     ; 101.07 MHz ( period = 9.894 ns )                    ; NStime[5] ; EWtime[3] ; CLK        ; CLK      ; None                        ; None                      ; 9.185 ns                ;
; N/A                                     ; 101.29 MHz ( period = 9.873 ns )                    ; NStime[0] ; EWtime[3] ; CLK        ; CLK      ; None                        ; None                      ; 9.164 ns                ;
; N/A                                     ; 101.49 MHz ( period = 9.853 ns )                    ; EWtime[2] ; EWtime[1] ; CLK        ; CLK      ; None                        ; None                      ; 9.144 ns                ;
; N/A                                     ; 101.56 MHz ( period = 9.846 ns )                    ; NStime[2] ; NStime[6] ; CLK        ; CLK      ; None                        ; None                      ; 9.137 ns                ;
; N/A                                     ; 101.88 MHz ( period = 9.815 ns )                    ; EWtime[2] ; EWtime[6] ; CLK        ; CLK      ; None                        ; None                      ; 9.106 ns                ;
; N/A                                     ; 102.41 MHz ( period = 9.765 ns )                    ; NStime[1] ; NStime[2] ; CLK        ; CLK      ; None                        ; None                      ; 9.056 ns                ;
; N/A                                     ; 102.52 MHz ( period = 9.754 ns )                    ; EWtime[5] ; EWtime[2] ; CLK        ; CLK      ; None                        ; None                      ; 9.045 ns                ;
; N/A                                     ; 102.56 MHz ( period = 9.750 ns )                    ; NStime[1] ; EWtime[0] ; CLK        ; CLK      ; None                        ; None                      ; 9.041 ns                ;
; N/A                                     ; 102.63 MHz ( period = 9.744 ns )                    ; NStime[3] ; EWtime[3] ; CLK        ; CLK      ; None                        ; None                      ; 9.035 ns                ;
; N/A                                     ; 102.92 MHz ( period = 9.716 ns )                    ; EWtime[2] ; NStime[2] ; CLK        ; CLK      ; None                        ; None                      ; 9.007 ns                ;
; N/A                                     ; 103.01 MHz ( period = 9.708 ns )                    ; NStime[5] ; NStime[6] ; CLK        ; CLK      ; None                        ; None                      ; 8.999 ns                ;
; N/A                                     ; 103.17 MHz ( period = 9.693 ns )                    ; NStime[2] ; state[1]  ; CLK        ; CLK      ; None                        ; None                      ; 8.984 ns                ;
; N/A                                     ; 103.24 MHz ( period = 9.686 ns )                    ; NStime[0] ; NStime[6] ; CLK        ; CLK      ; None                        ; None                      ; 8.977 ns                ;
; N/A                                     ; 103.25 MHz ( period = 9.685 ns )                    ; EWtime[0] ; EWtime[1] ; CLK        ; CLK      ; None                        ; None                      ; 8.976 ns                ;
; N/A                                     ; 103.32 MHz ( period = 9.679 ns )                    ; state[0]  ; NStime[2] ; CLK        ; CLK      ; None                        ; None                      ; 8.970 ns                ;
; N/A                                     ; 103.48 MHz ( period = 9.664 ns )                    ; EWtime[1] ; NStime[2] ; CLK        ; CLK      ; None                        ; None                      ; 8.955 ns                ;
; N/A                                     ; 103.48 MHz ( period = 9.664 ns )                    ; state[0]  ; EWtime[0] ; CLK        ; CLK      ; None                        ; None                      ; 8.955 ns                ;
; N/A                                     ; 103.51 MHz ( period = 9.661 ns )                    ; EWtime[1] ; EWtime[5] ; CLK        ; CLK      ; None                        ; None                      ; 8.952 ns                ;
; N/A                                     ; 103.85 MHz ( period = 9.629 ns )                    ; EWtime[4] ; EWtime[5] ; CLK        ; CLK      ; None                        ; None                      ; 8.920 ns                ;
; N/A                                     ; 104.01 MHz ( period = 9.614 ns )                    ; EWtime[2] ; light[2]  ; CLK        ; CLK      ; None                        ; None                      ; 8.905 ns                ;
; N/A                                     ; 104.05 MHz ( period = 9.611 ns )                    ; EWtime[2] ; light[5]  ; CLK        ; CLK      ; None                        ; None                      ; 8.902 ns                ;
; N/A                                     ; 104.06 MHz ( period = 9.610 ns )                    ; EWtime[2] ; NStime[5] ; CLK        ; CLK      ; None                        ; None                      ; 8.901 ns                ;
; N/A                                     ; 104.47 MHz ( period = 9.572 ns )                    ; NStime[6] ; NStime[6] ; CLK        ; CLK      ; None                        ; None                      ; 8.863 ns                ;
; N/A                                     ; 104.58 MHz ( period = 9.562 ns )                    ; EWtime[1] ; light[2]  ; CLK        ; CLK      ; None                        ; None                      ; 8.853 ns                ;
; N/A                                     ; 104.61 MHz ( period = 9.559 ns )                    ; EWtime[1] ; light[5]  ; CLK        ; CLK      ; None                        ; None                      ; 8.850 ns                ;
; N/A                                     ; 104.62 MHz ( period = 9.558 ns )                    ; EWtime[1] ; NStime[5] ; CLK        ; CLK      ; None                        ; None                      ; 8.849 ns                ;
; N/A                                     ; 104.73 MHz ( period = 9.548 ns )                    ; EWtime[0] ; NStime[2] ; CLK        ; CLK      ; None                        ; None                      ; 8.839 ns                ;
; N/A                                     ; 105.13 MHz ( period = 9.512 ns )                    ; NStime[1] ; NStime[0] ; CLK        ; CLK      ; None                        ; None                      ; 8.803 ns                ;
; N/A                                     ; 105.21 MHz ( period = 9.505 ns )                    ; EWtime[4] ; EWtime[1] ; CLK        ; CLK      ; None                        ; None                      ; 8.796 ns                ;
; N/A                                     ; 105.27 MHz ( period = 9.499 ns )                    ; NStime[6] ; state[1]  ; CLK        ; CLK      ; None                        ; None                      ; 8.790 ns                ;
; N/A                                     ; 105.27 MHz ( period = 9.499 ns )                    ; NStime[1] ; EWtime[6] ; CLK        ; CLK      ; None                        ; None                      ; 8.790 ns                ;
; N/A                                     ; 105.31 MHz ( period = 9.496 ns )                    ; state[1]  ; NStime[1] ; CLK        ; CLK      ; None                        ; None                      ; 8.787 ns                ;
; N/A                                     ; 105.52 MHz ( period = 9.477 ns )                    ; EWtime[2] ; EWtime[0] ; CLK        ; CLK      ; None                        ; None                      ; 8.768 ns                ;
; N/A                                     ; 105.62 MHz ( period = 9.468 ns )                    ; NStime[2] ; light[4]  ; CLK        ; CLK      ; None                        ; None                      ; 8.759 ns                ;
; N/A                                     ; 105.65 MHz ( period = 9.465 ns )                    ; EWtime[2] ; state[1]  ; CLK        ; CLK      ; None                        ; None                      ; 8.756 ns                ;
; N/A                                     ; 105.69 MHz ( period = 9.462 ns )                    ; NStime[1] ; NStime[6] ; CLK        ; CLK      ; None                        ; None                      ; 8.753 ns                ;
; N/A                                     ; 105.73 MHz ( period = 9.458 ns )                    ; NStime[2] ; EWtime[5] ; CLK        ; CLK      ; None                        ; None                      ; 8.749 ns                ;
; N/A                                     ; 105.84 MHz ( period = 9.448 ns )                    ; EWtime[6] ; EWtime[3] ; CLK        ; CLK      ; None                        ; None                      ; 8.739 ns                ;
; N/A                                     ; 105.86 MHz ( period = 9.446 ns )                    ; EWtime[0] ; light[2]  ; CLK        ; CLK      ; None                        ; None                      ; 8.737 ns                ;
; N/A                                     ; 105.90 MHz ( period = 9.443 ns )                    ; EWtime[0] ; light[5]  ; CLK        ; CLK      ; None                        ; None                      ; 8.734 ns                ;
; N/A                                     ; 105.91 MHz ( period = 9.442 ns )                    ; EWtime[0] ; NStime[5] ; CLK        ; CLK      ; None                        ; None                      ; 8.733 ns                ;
; N/A                                     ; 106.04 MHz ( period = 9.430 ns )                    ; EWtime[2] ; state[0]  ; CLK        ; CLK      ; None                        ; None                      ; 8.721 ns                ;
; N/A                                     ; 106.09 MHz ( period = 9.426 ns )                    ; NStime[4] ; light[0]  ; CLK        ; CLK      ; None                        ; None                      ; 8.717 ns                ;
; N/A                                     ; 106.10 MHz ( period = 9.425 ns )                    ; EWtime[1] ; EWtime[0] ; CLK        ; CLK      ; None                        ; None                      ; 8.716 ns                ;
; N/A                                     ; 106.15 MHz ( period = 9.421 ns )                    ; NStime[4] ; light[3]  ; CLK        ; CLK      ; None                        ; None                      ; 8.712 ns                ;
; N/A                                     ; 106.21 MHz ( period = 9.415 ns )                    ; EWtime[0] ; EWtime[6] ; CLK        ; CLK      ; None                        ; None                      ; 8.706 ns                ;
; N/A                                     ; 106.24 MHz ( period = 9.413 ns )                    ; EWtime[1] ; state[1]  ; CLK        ; CLK      ; None                        ; None                      ; 8.704 ns                ;
; N/A                                     ; 106.41 MHz ( period = 9.398 ns )                    ; NStime[5] ; state[1]  ; CLK        ; CLK      ; None                        ; None                      ; 8.689 ns                ;
; N/A                                     ; 106.63 MHz ( period = 9.378 ns )                    ; EWtime[1] ; state[0]  ; CLK        ; CLK      ; None                        ; None                      ; 8.669 ns                ;
; N/A                                     ; 106.64 MHz ( period = 9.377 ns )                    ; NStime[0] ; state[1]  ; CLK        ; CLK      ; None                        ; None                      ; 8.668 ns                ;
; N/A                                     ; 106.75 MHz ( period = 9.368 ns )                    ; EWtime[4] ; NStime[2] ; CLK        ; CLK      ; None                        ; None                      ; 8.659 ns                ;
; Timing analysis restricted to 200 rows. ; To change the limit use Settings (Assignments menu) ;           ;           ;            ;          ;                             ;                           ;                         ;
+-----------------------------------------+-----------------------------------------------------+-----------+-----------+------------+----------+-----------------------------+---------------------------+-------------------------+


+--------------------------------------------------------------------------+
; tco                                                                      ;
+-------+--------------+------------+-----------+-------------+------------+
; Slack ; Required tco ; Actual tco ; From      ; To          ; From Clock ;
+-------+--------------+------------+-----------+-------------+------------+
; N/A   ; None         ; 37.116 ns  ; NStime[4] ; NSunit[2]   ; CLK        ;
; N/A   ; None         ; 36.237 ns  ; NStime[4] ; NSunit[3]   ; CLK        ;
; N/A   ; None         ; 35.287 ns  ; NStime[4] ; NSunit[1]   ; CLK        ;
; N/A   ; None         ; 35.285 ns  ; EWtime[4] ; EWunit[2]   ; CLK        ;
; N/A   ; None         ; 34.648 ns  ; EWtime[4] ; EWunit[3]   ; CLK        ;
; N/A   ; None         ; 34.397 ns  ; EWtime[4] ; EWunit[1]   ; CLK        ;
; N/A   ; None         ; 34.353 ns  ; EWtime[4] ; EWdecade[0] ; CLK        ;
; N/A   ; None         ; 33.984 ns  ; NStime[4] ; NSdecade[0] ; CLK        ;
; N/A   ; None         ; 33.204 ns  ; EWtime[5] ; EWunit[2]   ; CLK        ;
; N/A   ; None         ; 32.803 ns  ; NStime[3] ; NSdecade[0] ; CLK        ;
; N/A   ; None         ; 32.597 ns  ; EWtime[6] ; EWunit[2]   ; CLK        ;
; N/A   ; None         ; 32.587 ns  ; NStime[5] ; NSunit[2]   ; CLK        ;
; N/A   ; None         ; 32.567 ns  ; EWtime[5] ; EWunit[3]   ; CLK        ;
; N/A   ; None         ; 32.522 ns  ; NStime[3] ; NSunit[2]   ; CLK        ;
; N/A   ; None         ; 32.404 ns  ; EWtime[3] ; EWunit[2]   ; CLK        ;
; N/A   ; None         ; 32.316 ns  ; EWtime[5] ; EWunit[1]   ; CLK        ;
; N/A   ; None         ; 32.176 ns  ; NStime[6] ; NSunit[2]   ; CLK        ;
; N/A   ; None         ; 31.960 ns  ; EWtime[6] ; EWunit[3]   ; CLK        ;
; N/A   ; None         ; 31.767 ns  ; EWtime[3] ; EWunit[3]   ; CLK        ;
; N/A   ; None         ; 31.709 ns  ; EWtime[6] ; EWunit[1]   ; CLK        ;
; N/A   ; None         ; 31.708 ns  ; NStime[5] ; NSunit[3]   ; CLK        ;
; N/A   ; None         ; 31.643 ns  ; NStime[3] ; NSunit[3]   ; CLK        ;
; N/A   ; None         ; 31.516 ns  ; EWtime[3] ; EWunit[1]   ; CLK        ;
; N/A   ; None         ; 31.382 ns  ; EWtime[3] ; EWdecade[0] ; CLK        ;
; N/A   ; None         ; 31.297 ns  ; NStime[6] ; NSunit[3]   ; CLK        ;
; N/A   ; None         ; 31.067 ns  ; EWtime[5] ; EWdecade[0] ; CLK        ;
; N/A   ; None         ; 31.049 ns  ; EWtime[6] ; EWdecade[0] ; CLK        ;
; N/A   ; None         ; 30.758 ns  ; NStime[5] ; NSunit[1]   ; CLK        ;
; N/A   ; None         ; 30.693 ns  ; NStime[3] ; NSunit[1]   ; CLK        ;
; N/A   ; None         ; 30.347 ns  ; NStime[6] ; NSunit[1]   ; CLK        ;
; N/A   ; None         ; 28.576 ns  ; NStime[5] ; NSdecade[0] ; CLK        ;
; N/A   ; None         ; 28.309 ns  ; EWtime[4] ; EWdecade[1] ; CLK        ;
; N/A   ; None         ; 28.270 ns  ; NStime[6] ; NSdecade[0] ; CLK        ;
; N/A   ; None         ; 28.107 ns  ; NStime[4] ; NSdecade[1] ; CLK        ;
; N/A   ; None         ; 26.926 ns  ; NStime[3] ; NSdecade[1] ; CLK        ;
; N/A   ; None         ; 26.397 ns  ; NStime[2] ; NSunit[2]   ; CLK        ;
; N/A   ; None         ; 25.806 ns  ; NStime[2] ; NSdecade[0] ; CLK        ;
; N/A   ; None         ; 25.518 ns  ; NStime[2] ; NSunit[3]   ; CLK        ;
; N/A   ; None         ; 25.338 ns  ; EWtime[3] ; EWdecade[1] ; CLK        ;
; N/A   ; None         ; 25.140 ns  ; EWtime[2] ; EWunit[2]   ; CLK        ;
; N/A   ; None         ; 25.023 ns  ; EWtime[5] ; EWdecade[1] ; CLK        ;
; N/A   ; None         ; 25.005 ns  ; EWtime[6] ; EWdecade[1] ; CLK        ;
; N/A   ; None         ; 24.568 ns  ; NStime[2] ; NSunit[1]   ; CLK        ;
; N/A   ; None         ; 24.503 ns  ; EWtime[2] ; EWunit[3]   ; CLK        ;
; N/A   ; None         ; 24.252 ns  ; EWtime[2] ; EWunit[1]   ; CLK        ;
; N/A   ; None         ; 23.248 ns  ; EWtime[2] ; EWdecade[0] ; CLK        ;
; N/A   ; None         ; 22.699 ns  ; NStime[5] ; NSdecade[1] ; CLK        ;
; N/A   ; None         ; 22.393 ns  ; NStime[6] ; NSdecade[1] ; CLK        ;
; N/A   ; None         ; 21.999 ns  ; NStime[4] ; NSdecade[2] ; CLK        ;
; N/A   ; None         ; 21.957 ns  ; EWtime[4] ; EWdecade[2] ; CLK        ;
; N/A   ; None         ; 20.818 ns  ; NStime[3] ; NSdecade[2] ; CLK        ;
; N/A   ; None         ; 20.093 ns  ; NStime[1] ; NSunit[2]   ; CLK        ;
; N/A   ; None         ; 19.929 ns  ; NStime[2] ; NSdecade[1] ; CLK        ;
; N/A   ; None         ; 19.801 ns  ; NStime[1] ; NSunit[3]   ; CLK        ;
; N/A   ; None         ; 18.986 ns  ; EWtime[3] ; EWdecade[2] ; CLK        ;
; N/A   ; None         ; 18.950 ns  ; EWtime[1] ; EWunit[2]   ; CLK        ;
; N/A   ; None         ; 18.671 ns  ; EWtime[5] ; EWdecade[2] ; CLK        ;
; N/A   ; None         ; 18.653 ns  ; EWtime[6] ; EWdecade[2] ; CLK        ;
; N/A   ; None         ; 18.313 ns  ; EWtime[1] ; EWunit[3]   ; CLK        ;
; N/A   ; None         ; 18.264 ns  ; NStime[1] ; NSunit[1]   ; CLK        ;
; N/A   ; None         ; 18.062 ns  ; EWtime[1] ; EWunit[1]   ; CLK        ;
; N/A   ; None         ; 17.204 ns  ; EWtime[2] ; EWdecade[1] ; CLK        ;
; N/A   ; None         ; 17.114 ns  ; EWtime[4] ; EWdecade[3] ; CLK        ;
; N/A   ; None         ; 16.970 ns  ; NStime[4] ; NSdecade[3] ; CLK        ;
; N/A   ; None         ; 16.793 ns  ; EWtime[1] ; EWdecade[0] ; CLK        ;
; N/A   ; None         ; 16.591 ns  ; NStime[5] ; NSdecade[2] ; CLK        ;
; N/A   ; None         ; 16.544 ns  ; NStime[1] ; NSdecade[0] ; CLK        ;
; N/A   ; None         ; 16.285 ns  ; NStime[6] ; NSdecade[2] ; CLK        ;
; N/A   ; None         ; 15.992 ns  ; state[1]  ; EWY         ; CLK        ;
; N/A   ; None         ; 15.868 ns  ; state[1]  ; NSY         ; CLK        ;
; N/A   ; None         ; 13.828 ns  ; EWtime[5] ; EWdecade[3] ; CLK        ;
; N/A   ; None         ; 13.810 ns  ; EWtime[6] ; EWdecade[3] ; CLK        ;
; N/A   ; None         ; 13.732 ns  ; state[1]  ; EWR         ; CLK        ;
; N/A   ; None         ; 13.364 ns  ; state[1]  ; NSR         ; CLK        ;
; N/A   ; None         ; 12.911 ns  ; state[0]  ; EWR         ; CLK        ;
; N/A   ; None         ; 12.543 ns  ; state[0]  ; NSR         ; CLK        ;
; N/A   ; None         ; 11.894 ns  ; state[0]  ; EWY         ; CLK        ;
; N/A   ; None         ; 11.764 ns  ; state[0]  ; NSY         ; CLK        ;
; N/A   ; None         ; 11.660 ns  ; light[1]  ; EWY         ; CLK        ;
; N/A   ; None         ; 11.570 ns  ; light[4]  ; NSY         ; CLK        ;
; N/A   ; None         ; 11.562 ns  ; NStime[5] ; NSdecade[3] ; CLK        ;
; N/A   ; None         ; 11.256 ns  ; NStime[6] ; NSdecade[3] ; CLK        ;
; N/A   ; None         ; 9.995 ns   ; light[2]  ; EWR         ; CLK        ;
; N/A   ; None         ; 9.835 ns   ; light[5]  ; NSR         ; CLK        ;
; N/A   ; None         ; 9.206 ns   ; EWtime[0] ; EWunit[0]   ; CLK        ;
; N/A   ; None         ; 9.121 ns   ; NStime[0] ; NSunit[0]   ; CLK        ;
; N/A   ; None         ; 8.982 ns   ; light[3]  ; NSG         ; CLK        ;
; N/A   ; None         ; 8.242 ns   ; light[0]  ; EWG         ; CLK        ;
+-------+--------------+------------+-----------+-------------+------------+


+----------------------------------------------------------+
; tpd                                                      ;
+-------+-------------------+-----------------+------+-----+
; Slack ; Required P2P Time ; Actual P2P Time ; From ; To  ;
+-------+-------------------+-----------------+------+-----+
; N/A   ; None              ; 10.772 ns       ; CLK  ; EWY ;
; N/A   ; None              ; 10.648 ns       ; CLK  ; NSY ;
; N/A   ; None              ; 8.787 ns        ; CLK  ; NSR ;
; N/A   ; None              ; 7.919 ns        ; CLK  ; EWR ;
+-------+-------------------+-----------------+------+-----+


+--------------------------+
; Timing Analyzer Messages ;
+--------------------------+
Info: *******************************************************************
Info: Running Quartus II Classic Timing Analyzer
    Info: Version 9.0 Build 132 02/25/2009 SJ Full Version
    Info: Processing started: Mon Sep 25 09:14:09 2017
Info: Command: quartus_tan --read_settings_files=off --write_settings_files=off control -c control
Info: Parallel compilation is enabled and will use 2 of the 2 processors detected
Info: Started post-fitting delay annotation
Info: Delay annotation completed successfully
Warning: Found pins functioning as undefined clocks and/or memory enables
    Info: Assuming node "CLK" is an undefined clock
Info: Clock "CLK" has Internal fmax of 70.25 MHz between source register "state[1]" and destination register "EWtime[4]" (period= 14.235 ns)
    Info: + Longest register to register delay is 13.526 ns
        Info: 1: + IC(0.000 ns) + CELL(0.000 ns) = 0.000 ns; Loc. = LC_X8_Y7_N6; Fanout = 29; REG Node = 'state[1]'
        Info: 2: + IC(4.542 ns) + CELL(0.511 ns) = 5.053 ns; Loc. = LC_X12_Y7_N8; Fanout = 5; COMB Node = 'state~33'
        Info: 3: + IC(3.229 ns) + CELL(0.740 ns) = 9.022 ns; Loc. = LC_X3_Y7_N5; Fanout = 4; COMB Node = 'NStime~49'
        Info: 4: + IC(2.519 ns) + CELL(0.200 ns) = 11.741 ns; Loc. = LC_X7_Y6_N0; Fanout = 1; COMB Node = 'EWtime~71'
        Info: 5: + IC(0.724 ns) + CELL(1.061 ns) = 13.526 ns; Loc. = LC_X7_Y6_N7; Fanout = 1; REG Node = 'EWtime[4]'
        Info: Total cell delay = 2.512 ns ( 18.57 % )
        Info: Total interconnect delay = 11.014 ns ( 81.43 % )
    Info: - Smallest clock skew is 0.000 ns
        Info: + Shortest clock path from clock "CLK" to destination register is 3.681 ns
            Info: 1: + IC(0.000 ns) + CELL(1.163 ns) = 1.163 ns; Loc. = PIN_12; Fanout = 27; CLK Node = 'CLK'
            Info: 2: + IC(1.600 ns) + CELL(0.918 ns) = 3.681 ns; Loc. = LC_X7_Y6_N7; Fanout = 1; REG Node = 'EWtime[4]'
            Info: Total cell delay = 2.081 ns ( 56.53 % )
            Info: Total interconnect delay = 1.600 ns ( 43.47 % )
        Info: - Longest clock path from clock "CLK" to source register is 3.681 ns
            Info: 1: + IC(0.000 ns) + CELL(1.163 ns) = 1.163 ns; Loc. = PIN_12; Fanout = 27; CLK Node = 'CLK'
            Info: 2: + IC(1.600 ns) + CELL(0.918 ns) = 3.681 ns; Loc. = LC_X8_Y7_N6; Fanout = 29; REG Node = 'state[1]'
            Info: Total cell delay = 2.081 ns ( 56.53 % )
            Info: Total interconnect delay = 1.600 ns ( 43.47 % )
    Info: + Micro clock to output delay of source is 0.376 ns
    Info: + Micro setup delay of destination is 0.333 ns
Info: tco from clock "CLK" to destination pin "NSunit[2]" through register "NStime[4]" is 37.116 ns
    Info: + Longest clock path from clock "CLK" to source register is 3.681 ns
        Info: 1: + IC(0.000 ns) + CELL(1.163 ns) = 1.163 ns; Loc. = PIN_12; Fanout = 27; CLK Node = 'CLK'
        Info: 2: + IC(1.600 ns) + CELL(0.918 ns) = 3.681 ns; Loc. = LC_X11_Y4_N9; Fanout = 1; REG Node = 'NStime[4]'
        Info: Total cell delay = 2.081 ns ( 56.53 % )
        Info: Total interconnect delay = 1.600 ns ( 43.47 % )
    Info: + Micro clock to output delay of source is 0.376 ns
    Info: + Longest register to pin delay is 33.059 ns
        Info: 1: + IC(0.000 ns) + CELL(0.000 ns) = 0.000 ns; Loc. = LC_X11_Y4_N9; Fanout = 1; REG Node = 'NStime[4]'
        Info: 2: + IC(1.876 ns) + CELL(0.914 ns) = 2.790 ns; Loc. = LC_X11_Y4_N0; Fanout = 14; COMB Node = 'lpm_divide:Div0|lpm_divide_pvl:auto_generated|sign_div_unsign_akh:divider|alt_u_div_fie:divider|add_sub_h7c:add_sub_3|add_sub_cella[1]'
        Info: 3: + IC(0.730 ns) + CELL(0.747 ns) = 4.267 ns; Loc. = LC_X11_Y4_N3; Fanout = 1; COMB Node = 'lpm_divide:Mod0|lpm_divide_vnl:auto_generated|sign_div_unsign_dkh:divider|alt_u_div_lie:divider|add_sub_h7c:add_sub_3|add_sub_cella[1]~COUT'
        Info: 4: + IC(0.000 ns) + CELL(0.815 ns) = 5.082 ns; Loc. = LC_X11_Y4_N4; Fanout = 2; COMB Node = 'lpm_divide:Mod0|lpm_divide_vnl:auto_generated|sign_div_unsign_dkh:divider|alt_u_div_lie:divider|add_sub_h7c:add_sub_3|add_sub_cella[2]~27'
        Info: 5: + IC(0.694 ns) + CELL(0.978 ns) = 6.754 ns; Loc. = LC_X11_Y4_N5; Fanout = 2; COMB Node = 'lpm_divide:Mod0|lpm_divide_vnl:auto_generated|sign_div_unsign_dkh:divider|alt_u_div_lie:divider|add_sub_h7c:add_sub_3|add_sub_cella[2]~24'
        Info: 6: + IC(0.000 ns) + CELL(0.123 ns) = 6.877 ns; Loc. = LC_X11_Y4_N6; Fanout = 2; COMB Node = 'lpm_divide:Mod0|lpm_divide_vnl:auto_generated|sign_div_unsign_dkh:divider|alt_u_div_lie:divider|add_sub_h7c:add_sub_3|add_sub_cella[2]~22'
        Info: 7: + IC(0.000 ns) + CELL(0.123 ns) = 7.000 ns; Loc. = LC_X11_Y4_N7; Fanout = 1; COMB Node = 'lpm_divide:Mod0|lpm_divide_vnl:auto_generated|sign_div_unsign_dkh:divider|alt_u_div_lie:divider|add_sub_h7c:add_sub_3|add_sub_cella[2]~18'
        Info: 8: + IC(0.000 ns) + CELL(0.815 ns) = 7.815 ns; Loc. = LC_X11_Y4_N8; Fanout = 9; COMB Node = 'lpm_divide:Mod0|lpm_divide_vnl:auto_generated|sign_div_unsign_dkh:divider|alt_u_div_lie:divider|add_sub_h7c:add_sub_3|add_sub_cella[2]~19'
        Info: 9: + IC(2.360 ns) + CELL(0.200 ns) = 10.375 ns; Loc. = LC_X12_Y3_N2; Fanout = 3; COMB Node = 'lpm_divide:Mod0|lpm_divide_vnl:auto_generated|sign_div_unsign_dkh:divider|alt_u_div_lie:divider|StageOut[23]~46'
        Info: 10: + IC(1.654 ns) + CELL(0.747 ns) = 12.776 ns; Loc. = LC_X10_Y3_N7; Fanout = 2; COMB Node = 'lpm_divide:Mod0|lpm_divide_vnl:auto_generated|sign_div_unsign_dkh:divider|alt_u_div_lie:divider|add_sub_i7c:add_sub_4|add_sub_cella[2]~27'
        Info: 11: + IC(0.000 ns) + CELL(0.123 ns) = 12.899 ns; Loc. = LC_X10_Y3_N8; Fanout = 1; COMB Node = 'lpm_divide:Mod0|lpm_divide_vnl:auto_generated|sign_div_unsign_dkh:divider|alt_u_div_lie:divider|add_sub_i7c:add_sub_4|add_sub_cella[2]~25'
        Info: 12: + IC(0.000 ns) + CELL(0.815 ns) = 13.714 ns; Loc. = LC_X10_Y3_N9; Fanout = 12; COMB Node = 'lpm_divide:Mod0|lpm_divide_vnl:auto_generated|sign_div_unsign_dkh:divider|alt_u_div_lie:divider|add_sub_i7c:add_sub_4|add_sub_cella[2]~22'
        Info: 13: + IC(2.352 ns) + CELL(0.200 ns) = 16.266 ns; Loc. = LC_X11_Y2_N8; Fanout = 3; COMB Node = 'lpm_divide:Mod0|lpm_divide_vnl:auto_generated|sign_div_unsign_dkh:divider|alt_u_div_lie:divider|StageOut[31]~104'
        Info: 14: + IC(1.836 ns) + CELL(0.954 ns) = 19.056 ns; Loc. = LC_X11_Y3_N4; Fanout = 2; COMB Node = 'lpm_divide:Mod0|lpm_divide_vnl:auto_generated|sign_div_unsign_dkh:divider|alt_u_div_lie:divider|add_sub_j7c:add_sub_5|add_sub_cella[2]~36'
        Info: 15: + IC(0.000 ns) + CELL(0.975 ns) = 20.031 ns; Loc. = LC_X11_Y3_N6; Fanout = 11; COMB Node = 'lpm_divide:Mod0|lpm_divide_vnl:auto_generated|sign_div_unsign_dkh:divider|alt_u_div_lie:divider|add_sub_j7c:add_sub_5|add_sub_cella[2]~27'
        Info: 16: + IC(2.059 ns) + CELL(0.914 ns) = 23.004 ns; Loc. = LC_X11_Y2_N4; Fanout = 2; COMB Node = 'lpm_divide:Mod0|lpm_divide_vnl:auto_generated|sign_div_unsign_dkh:divider|alt_u_div_lie:divider|StageOut[40]~22'
        Info: 17: + IC(1.553 ns) + CELL(0.978 ns) = 25.535 ns; Loc. = LC_X12_Y2_N6; Fanout = 1; COMB Node = 'lpm_divide:Mod0|lpm_divide_vnl:auto_generated|sign_div_unsign_dkh:divider|alt_u_div_lie:divider|add_sub_k7c:add_sub_6|add_sub_cella[2]~39'
        Info: 18: + IC(0.000 ns) + CELL(0.815 ns) = 26.350 ns; Loc. = LC_X12_Y2_N7; Fanout = 3; COMB Node = 'lpm_divide:Mod0|lpm_divide_vnl:auto_generated|sign_div_unsign_dkh:divider|alt_u_div_lie:divider|add_sub_k7c:add_sub_6|add_sub_cella[2]~32'
        Info: 19: + IC(0.802 ns) + CELL(0.511 ns) = 27.663 ns; Loc. = LC_X12_Y2_N0; Fanout = 1; COMB Node = 'lpm_divide:Mod0|lpm_divide_vnl:auto_generated|sign_div_unsign_dkh:divider|alt_u_div_lie:divider|StageOut[44]~99'
        Info: 20: + IC(3.074 ns) + CELL(2.322 ns) = 33.059 ns; Loc. = PIN_43; Fanout = 0; PIN Node = 'NSunit[2]'
        Info: Total cell delay = 14.069 ns ( 42.56 % )
        Info: Total interconnect delay = 18.990 ns ( 57.44 % )
Info: Longest tpd from source pin "CLK" to destination pin "EWY" is 10.772 ns
    Info: 1: + IC(0.000 ns) + CELL(1.163 ns) = 1.163 ns; Loc. = PIN_12; Fanout = 27; CLK Node = 'CLK'
    Info: 2: + IC(2.481 ns) + CELL(0.914 ns) = 4.558 ns; Loc. = LC_X7_Y7_N1; Fanout = 2; COMB Node = 'NSY~3'
    Info: 3: + IC(0.750 ns) + CELL(0.740 ns) = 6.048 ns; Loc. = LC_X7_Y7_N0; Fanout = 1; COMB Node = 'EWY~3'
    Info: 4: + IC(2.402 ns) + CELL(2.322 ns) = 10.772 ns; Loc. = PIN_96; Fanout = 0; PIN Node = 'EWY'
    Info: Total cell delay = 5.139 ns ( 47.71 % )
    Info: Total interconnect delay = 5.633 ns ( 52.29 % )
Info: Quartus II Classic Timing Analyzer was successful. 0 errors, 1 warning
    Info: Peak virtual memory: 187 megabytes
    Info: Processing ended: Mon Sep 25 09:14:09 2017
    Info: Elapsed time: 00:00:00
    Info: Total CPU time (on all processors): 00:00:01


